#
# A fatal error has been detected by the Java Runtime Environment:
#
#  EXCEPTION_ACCESS_VIOLATION (0xc0000005) at pc=0x00007ff88e6ea72b, pid=19768, tid=3624
#
# JRE version: Java(TM) SE Runtime Environment (16.0.1+9) (build 16.0.1+9-24)
# Java VM: Java HotSpot(TM) 64-Bit Server VM (16.0.1+9-24, mixed mode, sharing, tiered, compressed oops, compressed class ptrs, g1 gc, windows-amd64)
# Problematic frame:
# C  [ig12icd64.dll+0x34a72b]
#
# No core dump will be written. Minidumps are not enabled by default on client versions of Windows
#
# If you would like to submit a bug report, please visit:
#   https://bugreport.java.com/bugreport/crash.jsp
# The crash happened outside the Java Virtual Machine in native code.
# See problematic frame for where to report the bug.
#

---------------  S U M M A R Y ------------

Command Line: -agentlib:jdwp=transport=dt_socket,server=n,suspend=y,address=localhost:60057 --enable-preview -XX:+ShowCodeDetailsInExceptionMessages -Dfile.encoding=UTF-8 com.shich.game.Main

Host: 11th Gen Intel(R) Core(TM) i7-1165G7 @ 2.80GHz, 8 cores, 15G,  Windows 10 , 64 bit Build 19041 (10.0.19041.928)
Time: Mon May 24 01:02:56 2021 Eastern Daylight Time elapsed time: 36.564057 seconds (0d 0h 0m 36s)

---------------  T H R E A D  ---------------

Current thread (0x0000014af095daa0):  JavaThread "JDWP Transport Listener: dt_socket" daemon [_thread_in_native, id=3624, stack(0x0000001dc9300000,0x0000001dc9400000)]

Stack: [0x0000001dc9300000,0x0000001dc9400000],  sp=0x0000001dc93fe9a0,  free space=1018k
Native frames: (J=compiled Java code, j=interpreted, Vv=VM code, C=native code)
C  [ig12icd64.dll+0x34a72b]


siginfo: EXCEPTION_ACCESS_VIOLATION (0xc0000005), reading address 0x00000000000353c8


Register to memory mapping:

RIP=0x00007ff88e6ea72b ig12icd64.dll
RAX=0x0000014af12dda50 points into unknown readable memory: 0x0000000000097d6b | 6b 7d 09 00 00 00 00 00
RBX=0x0000014af12dd980 points into unknown readable memory: 0x0000014af0bfa0e0 | e0 a0 bf f0 4a 01 00 00
RCX=0x0 is NULL
RDX=0x0000014af12dda50 points into unknown readable memory: 0x0000000000097d6b | 6b 7d 09 00 00 00 00 00
RSP=0x0000001dc93fe9a0 is pointing into the stack for thread: 0x0000014af095daa0
RBP=0x0000001dc93feb00 is pointing into the stack for thread: 0x0000014af095daa0
RSI=0x0 is NULL
RDI=0x0000014af0b564e0 points into unknown readable memory: 0x00007ff92fe38f00 | 00 8f e3 2f f9 7f 00 00
R8 =0x0 is NULL
R9 =0x0 is NULL
R10=0x0 is NULL
R11=0x0000000000000246 is an unknown value
R12=0x0000014af12dde98 points into unknown readable memory: 0x0000014af12e3280 | 80 32 2e f1 4a 01 00 00
R13=0x0 is NULL
R14=0x0000014af12e3280 points into unknown readable memory: 0x0000014af0bfa0e0 | e0 a0 bf f0 4a 01 00 00
R15=0x0000000000000016 is an unknown value


Registers:
RAX=0x0000014af12dda50, RBX=0x0000014af12dd980, RCX=0x0000000000000000, RDX=0x0000014af12dda50
RSP=0x0000001dc93fe9a0, RBP=0x0000001dc93feb00, RSI=0x0000000000000000, RDI=0x0000014af0b564e0
R8 =0x0000000000000000, R9 =0x0000000000000000, R10=0x0000000000000000, R11=0x0000000000000246
R12=0x0000014af12dde98, R13=0x0000000000000000, R14=0x0000014af12e3280, R15=0x0000000000000016
RIP=0x00007ff88e6ea72b, EFLAGS=0x0000000000010206

Top of Stack: (sp=0x0000001dc93fe9a0)
0x0000001dc93fe9a0:   0000014af0f78e20 0000000000000000
0x0000001dc93fe9b0:   0000000000000000 0000000000000000
0x0000001dc93fe9c0:   0000014af111d8b8 0000000000097d73
0x0000001dc93fe9d0:   0000000000000000 000000000000000d
0x0000001dc93fe9e0:   0000000000000000 0000000000000000
0x0000001dc93fe9f0:   0000001dc93feb00 00007ff88e4feb6a
0x0000001dc93fea00:   0000014af0f78e20 0000014af0b564e0
0x0000001dc93fea10:   0000000000000000 0000000000000000
0x0000001dc93fea20:   0000001d000009b8 0000b802001e0000
0x0000001dc93fea30:   0000000000000000 0000000000000000
0x0000001dc93fea40:   0000000000000000 0000000000000000
0x0000001dc93fea50:   0000000000000000 0000000000000000
0x0000001dc93fea60:   0000000000000000 00007ff88e6402d0
0x0000001dc93fea70:   0000000000000000 0000000000000000
0x0000001dc93fea80:   0000000000000000 0000000000000000
0x0000001dc93fea90:   0000000000000000 0000000000000000 

Instructions: (pc=0x00007ff88e6ea72b)
0x00007ff88e6ea62b:   83 ec 20 45 8a e9 48 8b fa 48 8b f1 48 8b 1d b2
0x00007ff88e6ea63b:   e6 bd 00 48 89 58 08 48 8b cb ff 15 c5 da 79 00
0x00007ff88e6ea64b:   90 4c 8b b7 80 02 00 00 48 8b 05 36 f1 ad 00 44
0x00007ff88e6ea65b:   8b b8 80 0a 00 00 45 33 c9 41 8a e9 4c 89 8f 80
0x00007ff88e6ea66b:   02 00 00 44 89 8f 88 02 00 00 4c 89 8f a0 02 00
0x00007ff88e6ea67b:   00 4c 89 8f 90 02 00 00 48 85 f6 75 38 8b 35 fa
0x00007ff88e6ea68b:   c1 bd 00 65 48 8b 04 25 58 00 00 00 b9 08 00 00
0x00007ff88e6ea69b:   00 48 8b 04 f0 44 38 0c 01 0f 84 da dd 66 00 65
0x00007ff88e6ea6ab:   48 8b 04 25 58 00 00 00 b9 10 00 00 00 48 8b 04
0x00007ff88e6ea6bb:   f0 48 8b 34 01 48 3b 35 a9 e5 bd 00 45 0f 44 f9
0x00007ff88e6ea6cb:   4d 85 f6 0f 84 79 01 00 00 44 8a 6c 24 70 49 8b
0x00007ff88e6ea6db:   de 4d 8d a6 18 05 00 00 4d 8b 34 24 45 84 ed 0f
0x00007ff88e6ea6eb:   85 27 03 00 00 8b 8f d0 01 00 00 48 8b 05 93 f0
0x00007ff88e6ea6fb:   ad 00 83 b8 54 03 00 00 02 75 32 48 8d 93 d0 00
0x00007ff88e6ea70b:   00 00 83 f9 10 0f 83 70 01 00 00 8b c1 48 c1 e0
0x00007ff88e6ea71b:   06 48 03 c2 48 85 c0 0f 85 55 01 00 00 4d 8b c1
0x00007ff88e6ea72b:   4c 3b 86 c8 53 03 00 0f 87 ef 02 00 00 4c 39 8b
0x00007ff88e6ea73b:   70 05 00 00 0f 85 6c dd 66 00 44 8b 9f d0 01 00
0x00007ff88e6ea74b:   00 48 8b 87 e8 01 00 00 4c 8b 10 8b 97 d0 01 00
0x00007ff88e6ea75b:   00 48 8d 8b d0 00 00 00 83 fa 10 0f 83 4b 01 00
0x00007ff88e6ea76b:   00 8b c2 48 c1 e0 06 48 03 c1 48 85 c0 0f 85 6a
0x00007ff88e6ea77b:   01 00 00 49 8b d1 49 3b d2 0f 86 67 01 00 00 48
0x00007ff88e6ea78b:   8b 87 80 02 00 00 49 89 04 24 48 89 9f 80 02 00
0x00007ff88e6ea79b:   00 ff 87 88 02 00 00 48 8b 4b 08 48 8b 01 ba 01
0x00007ff88e6ea7ab:   00 00 00 48 8b 80 d8 02 00 00 ff 15 4d de 79 00
0x00007ff88e6ea7bb:   0f b7 c8 48 2b c1 48 05 00 00 01 00 48 01 87 90
0x00007ff88e6ea7cb:   02 00 00 48 8b 4b 08 48 8b 01 ba 01 00 00 00 48
0x00007ff88e6ea7db:   8b 80 d8 02 00 00 ff 15 21 de 79 00 48 01 87 a0
0x00007ff88e6ea7eb:   02 00 00 eb 3e 48 8b d3 41 8b cb e8 b5 51 e1 ff
0x00007ff88e6ea7fb:   84 c0 75 8b 38 43 1c 0f 84 0f 02 00 00 48 8b 87
0x00007ff88e6ea80b:   00 03 00 00 48 03 87 a0 02 00 00 48 3b 87 a8 02
0x00007ff88e6ea81b:   00 00 0f 83 b6 dc 66 00 48 8b d3 48 8b cf e8 02 


Stack slot to memory mapping:
stack at sp + 0 slots: 0x0000014af0f78e20 points into unknown readable memory: 0xffffffffffffffff | ff ff ff ff ff ff ff ff
stack at sp + 1 slots: 0x0 is NULL
stack at sp + 2 slots: 0x0 is NULL
stack at sp + 3 slots: 0x0 is NULL
stack at sp + 4 slots: 0x0000014af111d8b8 points into unknown readable memory: 0x0000000000040000 | 00 00 04 00 00 00 00 00
stack at sp + 5 slots: 0x0000000000097d73 is an unknown value
stack at sp + 6 slots: 0x0 is NULL
stack at sp + 7 slots: 0x000000000000000d is an unknown value


---------------  P R O C E S S  ---------------

Threads class SMR info:
_java_thread_list=0x0000014af0bde160, length=15, elements={
0x0000014aefd98930, 0x0000014aefd99530, 0x0000014aefdb1b00, 0x0000014aefdb2500,
0x0000014aefdb4f10, 0x0000014aefdb5910, 0x0000014aefdb6b00, 0x0000014aefdb8330,
0x0000014aefdd5020, 0x0000014af095daa0, 0x0000014af09697b0, 0x0000014af0972ac0,
0x0000014af0977100, 0x0000014af0a917f0, 0x0000014acb381c80
}

Java Threads: ( => current thread )
  0x0000014aefd98930 JavaThread "Reference Handler" daemon [_thread_blocked, id=3664, stack(0x0000001dc8a00000,0x0000001dc8b00000)]
  0x0000014aefd99530 JavaThread "Finalizer" daemon [_thread_blocked, id=18872, stack(0x0000001dc8b00000,0x0000001dc8c00000)]
  0x0000014aefdb1b00 JavaThread "Signal Dispatcher" daemon [_thread_blocked, id=17740, stack(0x0000001dc8c00000,0x0000001dc8d00000)]
  0x0000014aefdb2500 JavaThread "Attach Listener" daemon [_thread_blocked, id=21732, stack(0x0000001dc8d00000,0x0000001dc8e00000)]
  0x0000014aefdb4f10 JavaThread "Service Thread" daemon [_thread_blocked, id=21296, stack(0x0000001dc8e00000,0x0000001dc8f00000)]
  0x0000014aefdb5910 JavaThread "Monitor Deflation Thread" daemon [_thread_blocked, id=11880, stack(0x0000001dc8f00000,0x0000001dc9000000)]
  0x0000014aefdb6b00 JavaThread "C2 CompilerThread0" daemon [_thread_blocked, id=21484, stack(0x0000001dc9000000,0x0000001dc9100000)]
  0x0000014aefdb8330 JavaThread "C1 CompilerThread0" daemon [_thread_blocked, id=11064, stack(0x0000001dc9100000,0x0000001dc9200000)]
  0x0000014aefdd5020 JavaThread "Sweeper thread" daemon [_thread_blocked, id=4300, stack(0x0000001dc9200000,0x0000001dc9300000)]
=>0x0000014af095daa0 JavaThread "JDWP Transport Listener: dt_socket" daemon [_thread_in_native, id=3624, stack(0x0000001dc9300000,0x0000001dc9400000)]
  0x0000014af09697b0 JavaThread "JDWP Event Helper Thread" daemon [_thread_blocked, id=1928, stack(0x0000001dc9400000,0x0000001dc9500000)]
  0x0000014af0972ac0 JavaThread "Notification Thread" daemon [_thread_blocked, id=21508, stack(0x0000001dc9600000,0x0000001dc9700000)]
  0x0000014af0977100 JavaThread "Common-Cleaner" daemon [_thread_blocked, id=6064, stack(0x0000001dc9800000,0x0000001dc9900000)]
  0x0000014af0a917f0 JavaThread "game thread" [_thread_in_native, id=1880, stack(0x0000001dc9900000,0x0000001dc9a00000)]
  0x0000014acb381c80 JavaThread "DestroyJavaVM" [_thread_blocked, id=13568, stack(0x0000001dc8300000,0x0000001dc8400000)]

Other Threads:
  0x0000014aefd97e60 VMThread "VM Thread" [stack: 0x0000001dc8900000,0x0000001dc8a00000] [id=20256]
  0x0000014af09761f0 WatcherThread [stack: 0x0000001dc9700000,0x0000001dc9800000] [id=15052]
  0x0000014acb3da420 GCTaskThread "GC Thread#0" [stack: 0x0000001dc8400000,0x0000001dc8500000] [id=21248]
  0x0000014acb3eb020 ConcurrentGCThread "G1 Main Marker" [stack: 0x0000001dc8500000,0x0000001dc8600000] [id=15848]
  0x0000014acb3ec230 ConcurrentGCThread "G1 Conc#0" [stack: 0x0000001dc8600000,0x0000001dc8700000] [id=5244]
  0x0000014acb45da60 ConcurrentGCThread "G1 Refine#0" [stack: 0x0000001dc8700000,0x0000001dc8800000] [id=22324]
  0x0000014acb45e4e0 ConcurrentGCThread "G1 Service" [stack: 0x0000001dc8800000,0x0000001dc8900000] [id=17804]

Threads with active compile tasks:

VM state: not at safepoint (normal execution)

VM Mutex/Monitor currently owned by a thread: None

Heap address: 0x0000000704400000, size: 4028 MB, Compressed Oops mode: Zero based, Oop shift amount: 3

CDS archive(s) mapped at: [0x0000000800000000-0x0000000800bb0000-0x0000000800bb0000), size 12255232, SharedBaseAddress: 0x0000000800000000, ArchiveRelocationMode: 0.
Compressed class space mapped at: 0x0000000800c00000-0x0000000840c00000, reserved size: 1073741824
Narrow klass base: 0x0000000800000000, Narrow klass shift: 3, Narrow klass range: 0x100000000

GC Precious Log:
 CPUs: 8 total, 8 available
 Memory: 16106M
 Large Page Support: Disabled
 NUMA Support: Disabled
 Compressed Oops: Enabled (Zero based)
 Heap Region Size: 2M
 Heap Min Capacity: 8M
 Heap Initial Capacity: 252M
 Heap Max Capacity: 4028M
 Pre-touch: Disabled
 Parallel Workers: 8
 Concurrent Workers: 2
 Concurrent Refinement Workers: 8
 Periodic GC: Disabled

Heap:
 garbage-first heap   total 258048K, used 20480K [0x0000000704400000, 0x0000000800000000)
  region size 2048K, 11 young (22528K), 0 survivors (0K)
 Metaspace       used 7324K, committed 7424K, reserved 1064960K
  class space    used 321K, committed 384K, reserved 1048576K

Heap Regions: E=young(eden), S=young(survivor), O=old, HS=humongous(starts), HC=humongous(continues), CS=collection set, F=free, OA=open archive, CA=closed archive, TAMS=top-at-mark-start (previous, next)
|   0|0x0000000704400000, 0x0000000704400000, 0x0000000704600000|  0%| F|  |TAMS 0x0000000704400000, 0x0000000704400000| Untracked 
|   1|0x0000000704600000, 0x0000000704600000, 0x0000000704800000|  0%| F|  |TAMS 0x0000000704600000, 0x0000000704600000| Untracked 
|   2|0x0000000704800000, 0x0000000704800000, 0x0000000704a00000|  0%| F|  |TAMS 0x0000000704800000, 0x0000000704800000| Untracked 
|   3|0x0000000704a00000, 0x0000000704a00000, 0x0000000704c00000|  0%| F|  |TAMS 0x0000000704a00000, 0x0000000704a00000| Untracked 
|   4|0x0000000704c00000, 0x0000000704c00000, 0x0000000704e00000|  0%| F|  |TAMS 0x0000000704c00000, 0x0000000704c00000| Untracked 
|   5|0x0000000704e00000, 0x0000000704e00000, 0x0000000705000000|  0%| F|  |TAMS 0x0000000704e00000, 0x0000000704e00000| Untracked 
|   6|0x0000000705000000, 0x0000000705000000, 0x0000000705200000|  0%| F|  |TAMS 0x0000000705000000, 0x0000000705000000| Untracked 
|   7|0x0000000705200000, 0x0000000705200000, 0x0000000705400000|  0%| F|  |TAMS 0x0000000705200000, 0x0000000705200000| Untracked 
|   8|0x0000000705400000, 0x0000000705400000, 0x0000000705600000|  0%| F|  |TAMS 0x0000000705400000, 0x0000000705400000| Untracked 
|   9|0x0000000705600000, 0x0000000705600000, 0x0000000705800000|  0%| F|  |TAMS 0x0000000705600000, 0x0000000705600000| Untracked 
|  10|0x0000000705800000, 0x0000000705800000, 0x0000000705a00000|  0%| F|  |TAMS 0x0000000705800000, 0x0000000705800000| Untracked 
|  11|0x0000000705a00000, 0x0000000705a00000, 0x0000000705c00000|  0%| F|  |TAMS 0x0000000705a00000, 0x0000000705a00000| Untracked 
|  12|0x0000000705c00000, 0x0000000705c00000, 0x0000000705e00000|  0%| F|  |TAMS 0x0000000705c00000, 0x0000000705c00000| Untracked 
|  13|0x0000000705e00000, 0x0000000705e00000, 0x0000000706000000|  0%| F|  |TAMS 0x0000000705e00000, 0x0000000705e00000| Untracked 
|  14|0x0000000706000000, 0x0000000706000000, 0x0000000706200000|  0%| F|  |TAMS 0x0000000706000000, 0x0000000706000000| Untracked 
|  15|0x0000000706200000, 0x0000000706200000, 0x0000000706400000|  0%| F|  |TAMS 0x0000000706200000, 0x0000000706200000| Untracked 
|  16|0x0000000706400000, 0x0000000706400000, 0x0000000706600000|  0%| F|  |TAMS 0x0000000706400000, 0x0000000706400000| Untracked 
|  17|0x0000000706600000, 0x0000000706600000, 0x0000000706800000|  0%| F|  |TAMS 0x0000000706600000, 0x0000000706600000| Untracked 
|  18|0x0000000706800000, 0x0000000706800000, 0x0000000706a00000|  0%| F|  |TAMS 0x0000000706800000, 0x0000000706800000| Untracked 
|  19|0x0000000706a00000, 0x0000000706a00000, 0x0000000706c00000|  0%| F|  |TAMS 0x0000000706a00000, 0x0000000706a00000| Untracked 
|  20|0x0000000706c00000, 0x0000000706c00000, 0x0000000706e00000|  0%| F|  |TAMS 0x0000000706c00000, 0x0000000706c00000| Untracked 
|  21|0x0000000706e00000, 0x0000000706e00000, 0x0000000707000000|  0%| F|  |TAMS 0x0000000706e00000, 0x0000000706e00000| Untracked 
|  22|0x0000000707000000, 0x0000000707000000, 0x0000000707200000|  0%| F|  |TAMS 0x0000000707000000, 0x0000000707000000| Untracked 
|  23|0x0000000707200000, 0x0000000707200000, 0x0000000707400000|  0%| F|  |TAMS 0x0000000707200000, 0x0000000707200000| Untracked 
|  24|0x0000000707400000, 0x0000000707400000, 0x0000000707600000|  0%| F|  |TAMS 0x0000000707400000, 0x0000000707400000| Untracked 
|  25|0x0000000707600000, 0x0000000707600000, 0x0000000707800000|  0%| F|  |TAMS 0x0000000707600000, 0x0000000707600000| Untracked 
|  26|0x0000000707800000, 0x0000000707800000, 0x0000000707a00000|  0%| F|  |TAMS 0x0000000707800000, 0x0000000707800000| Untracked 
|  27|0x0000000707a00000, 0x0000000707a00000, 0x0000000707c00000|  0%| F|  |TAMS 0x0000000707a00000, 0x0000000707a00000| Untracked 
|  28|0x0000000707c00000, 0x0000000707c00000, 0x0000000707e00000|  0%| F|  |TAMS 0x0000000707c00000, 0x0000000707c00000| Untracked 
|  29|0x0000000707e00000, 0x0000000707e00000, 0x0000000708000000|  0%| F|  |TAMS 0x0000000707e00000, 0x0000000707e00000| Untracked 
|  30|0x0000000708000000, 0x0000000708000000, 0x0000000708200000|  0%| F|  |TAMS 0x0000000708000000, 0x0000000708000000| Untracked 
|  31|0x0000000708200000, 0x0000000708200000, 0x0000000708400000|  0%| F|  |TAMS 0x0000000708200000, 0x0000000708200000| Untracked 
|  32|0x0000000708400000, 0x0000000708400000, 0x0000000708600000|  0%| F|  |TAMS 0x0000000708400000, 0x0000000708400000| Untracked 
|  33|0x0000000708600000, 0x0000000708600000, 0x0000000708800000|  0%| F|  |TAMS 0x0000000708600000, 0x0000000708600000| Untracked 
|  34|0x0000000708800000, 0x0000000708800000, 0x0000000708a00000|  0%| F|  |TAMS 0x0000000708800000, 0x0000000708800000| Untracked 
|  35|0x0000000708a00000, 0x0000000708a00000, 0x0000000708c00000|  0%| F|  |TAMS 0x0000000708a00000, 0x0000000708a00000| Untracked 
|  36|0x0000000708c00000, 0x0000000708c00000, 0x0000000708e00000|  0%| F|  |TAMS 0x0000000708c00000, 0x0000000708c00000| Untracked 
|  37|0x0000000708e00000, 0x0000000708e00000, 0x0000000709000000|  0%| F|  |TAMS 0x0000000708e00000, 0x0000000708e00000| Untracked 
|  38|0x0000000709000000, 0x0000000709000000, 0x0000000709200000|  0%| F|  |TAMS 0x0000000709000000, 0x0000000709000000| Untracked 
|  39|0x0000000709200000, 0x0000000709200000, 0x0000000709400000|  0%| F|  |TAMS 0x0000000709200000, 0x0000000709200000| Untracked 
|  40|0x0000000709400000, 0x0000000709400000, 0x0000000709600000|  0%| F|  |TAMS 0x0000000709400000, 0x0000000709400000| Untracked 
|  41|0x0000000709600000, 0x0000000709600000, 0x0000000709800000|  0%| F|  |TAMS 0x0000000709600000, 0x0000000709600000| Untracked 
|  42|0x0000000709800000, 0x0000000709800000, 0x0000000709a00000|  0%| F|  |TAMS 0x0000000709800000, 0x0000000709800000| Untracked 
|  43|0x0000000709a00000, 0x0000000709a00000, 0x0000000709c00000|  0%| F|  |TAMS 0x0000000709a00000, 0x0000000709a00000| Untracked 
|  44|0x0000000709c00000, 0x0000000709c00000, 0x0000000709e00000|  0%| F|  |TAMS 0x0000000709c00000, 0x0000000709c00000| Untracked 
|  45|0x0000000709e00000, 0x0000000709e00000, 0x000000070a000000|  0%| F|  |TAMS 0x0000000709e00000, 0x0000000709e00000| Untracked 
|  46|0x000000070a000000, 0x000000070a000000, 0x000000070a200000|  0%| F|  |TAMS 0x000000070a000000, 0x000000070a000000| Untracked 
|  47|0x000000070a200000, 0x000000070a200000, 0x000000070a400000|  0%| F|  |TAMS 0x000000070a200000, 0x000000070a200000| Untracked 
|  48|0x000000070a400000, 0x000000070a400000, 0x000000070a600000|  0%| F|  |TAMS 0x000000070a400000, 0x000000070a400000| Untracked 
|  49|0x000000070a600000, 0x000000070a600000, 0x000000070a800000|  0%| F|  |TAMS 0x000000070a600000, 0x000000070a600000| Untracked 
|  50|0x000000070a800000, 0x000000070a800000, 0x000000070aa00000|  0%| F|  |TAMS 0x000000070a800000, 0x000000070a800000| Untracked 
|  51|0x000000070aa00000, 0x000000070aa00000, 0x000000070ac00000|  0%| F|  |TAMS 0x000000070aa00000, 0x000000070aa00000| Untracked 
|  52|0x000000070ac00000, 0x000000070ac00000, 0x000000070ae00000|  0%| F|  |TAMS 0x000000070ac00000, 0x000000070ac00000| Untracked 
|  53|0x000000070ae00000, 0x000000070ae00000, 0x000000070b000000|  0%| F|  |TAMS 0x000000070ae00000, 0x000000070ae00000| Untracked 
|  54|0x000000070b000000, 0x000000070b000000, 0x000000070b200000|  0%| F|  |TAMS 0x000000070b000000, 0x000000070b000000| Untracked 
|  55|0x000000070b200000, 0x000000070b200000, 0x000000070b400000|  0%| F|  |TAMS 0x000000070b200000, 0x000000070b200000| Untracked 
|  56|0x000000070b400000, 0x000000070b400000, 0x000000070b600000|  0%| F|  |TAMS 0x000000070b400000, 0x000000070b400000| Untracked 
|  57|0x000000070b600000, 0x000000070b600000, 0x000000070b800000|  0%| F|  |TAMS 0x000000070b600000, 0x000000070b600000| Untracked 
|  58|0x000000070b800000, 0x000000070b800000, 0x000000070ba00000|  0%| F|  |TAMS 0x000000070b800000, 0x000000070b800000| Untracked 
|  59|0x000000070ba00000, 0x000000070ba00000, 0x000000070bc00000|  0%| F|  |TAMS 0x000000070ba00000, 0x000000070ba00000| Untracked 
|  60|0x000000070bc00000, 0x000000070bc00000, 0x000000070be00000|  0%| F|  |TAMS 0x000000070bc00000, 0x000000070bc00000| Untracked 
|  61|0x000000070be00000, 0x000000070be00000, 0x000000070c000000|  0%| F|  |TAMS 0x000000070be00000, 0x000000070be00000| Untracked 
|  62|0x000000070c000000, 0x000000070c000000, 0x000000070c200000|  0%| F|  |TAMS 0x000000070c000000, 0x000000070c000000| Untracked 
|  63|0x000000070c200000, 0x000000070c200000, 0x000000070c400000|  0%| F|  |TAMS 0x000000070c200000, 0x000000070c200000| Untracked 
|  64|0x000000070c400000, 0x000000070c400000, 0x000000070c600000|  0%| F|  |TAMS 0x000000070c400000, 0x000000070c400000| Untracked 
|  65|0x000000070c600000, 0x000000070c600000, 0x000000070c800000|  0%| F|  |TAMS 0x000000070c600000, 0x000000070c600000| Untracked 
|  66|0x000000070c800000, 0x000000070c800000, 0x000000070ca00000|  0%| F|  |TAMS 0x000000070c800000, 0x000000070c800000| Untracked 
|  67|0x000000070ca00000, 0x000000070ca00000, 0x000000070cc00000|  0%| F|  |TAMS 0x000000070ca00000, 0x000000070ca00000| Untracked 
|  68|0x000000070cc00000, 0x000000070cc00000, 0x000000070ce00000|  0%| F|  |TAMS 0x000000070cc00000, 0x000000070cc00000| Untracked 
|  69|0x000000070ce00000, 0x000000070ce00000, 0x000000070d000000|  0%| F|  |TAMS 0x000000070ce00000, 0x000000070ce00000| Untracked 
|  70|0x000000070d000000, 0x000000070d000000, 0x000000070d200000|  0%| F|  |TAMS 0x000000070d000000, 0x000000070d000000| Untracked 
|  71|0x000000070d200000, 0x000000070d200000, 0x000000070d400000|  0%| F|  |TAMS 0x000000070d200000, 0x000000070d200000| Untracked 
|  72|0x000000070d400000, 0x000000070d400000, 0x000000070d600000|  0%| F|  |TAMS 0x000000070d400000, 0x000000070d400000| Untracked 
|  73|0x000000070d600000, 0x000000070d600000, 0x000000070d800000|  0%| F|  |TAMS 0x000000070d600000, 0x000000070d600000| Untracked 
|  74|0x000000070d800000, 0x000000070d800000, 0x000000070da00000|  0%| F|  |TAMS 0x000000070d800000, 0x000000070d800000| Untracked 
|  75|0x000000070da00000, 0x000000070da00000, 0x000000070dc00000|  0%| F|  |TAMS 0x000000070da00000, 0x000000070da00000| Untracked 
|  76|0x000000070dc00000, 0x000000070dc00000, 0x000000070de00000|  0%| F|  |TAMS 0x000000070dc00000, 0x000000070dc00000| Untracked 
|  77|0x000000070de00000, 0x000000070de00000, 0x000000070e000000|  0%| F|  |TAMS 0x000000070de00000, 0x000000070de00000| Untracked 
|  78|0x000000070e000000, 0x000000070e000000, 0x000000070e200000|  0%| F|  |TAMS 0x000000070e000000, 0x000000070e000000| Untracked 
|  79|0x000000070e200000, 0x000000070e200000, 0x000000070e400000|  0%| F|  |TAMS 0x000000070e200000, 0x000000070e200000| Untracked 
|  80|0x000000070e400000, 0x000000070e400000, 0x000000070e600000|  0%| F|  |TAMS 0x000000070e400000, 0x000000070e400000| Untracked 
|  81|0x000000070e600000, 0x000000070e600000, 0x000000070e800000|  0%| F|  |TAMS 0x000000070e600000, 0x000000070e600000| Untracked 
|  82|0x000000070e800000, 0x000000070e800000, 0x000000070ea00000|  0%| F|  |TAMS 0x000000070e800000, 0x000000070e800000| Untracked 
|  83|0x000000070ea00000, 0x000000070ea00000, 0x000000070ec00000|  0%| F|  |TAMS 0x000000070ea00000, 0x000000070ea00000| Untracked 
|  84|0x000000070ec00000, 0x000000070ec00000, 0x000000070ee00000|  0%| F|  |TAMS 0x000000070ec00000, 0x000000070ec00000| Untracked 
|  85|0x000000070ee00000, 0x000000070ee00000, 0x000000070f000000|  0%| F|  |TAMS 0x000000070ee00000, 0x000000070ee00000| Untracked 
|  86|0x000000070f000000, 0x000000070f000000, 0x000000070f200000|  0%| F|  |TAMS 0x000000070f000000, 0x000000070f000000| Untracked 
|  87|0x000000070f200000, 0x000000070f200000, 0x000000070f400000|  0%| F|  |TAMS 0x000000070f200000, 0x000000070f200000| Untracked 
|  88|0x000000070f400000, 0x000000070f400000, 0x000000070f600000|  0%| F|  |TAMS 0x000000070f400000, 0x000000070f400000| Untracked 
|  89|0x000000070f600000, 0x000000070f600000, 0x000000070f800000|  0%| F|  |TAMS 0x000000070f600000, 0x000000070f600000| Untracked 
|  90|0x000000070f800000, 0x000000070f800000, 0x000000070fa00000|  0%| F|  |TAMS 0x000000070f800000, 0x000000070f800000| Untracked 
|  91|0x000000070fa00000, 0x000000070fa00000, 0x000000070fc00000|  0%| F|  |TAMS 0x000000070fa00000, 0x000000070fa00000| Untracked 
|  92|0x000000070fc00000, 0x000000070fc00000, 0x000000070fe00000|  0%| F|  |TAMS 0x000000070fc00000, 0x000000070fc00000| Untracked 
|  93|0x000000070fe00000, 0x000000070fe00000, 0x0000000710000000|  0%| F|  |TAMS 0x000000070fe00000, 0x000000070fe00000| Untracked 
|  94|0x0000000710000000, 0x0000000710000000, 0x0000000710200000|  0%| F|  |TAMS 0x0000000710000000, 0x0000000710000000| Untracked 
|  95|0x0000000710200000, 0x0000000710200000, 0x0000000710400000|  0%| F|  |TAMS 0x0000000710200000, 0x0000000710200000| Untracked 
|  96|0x0000000710400000, 0x0000000710400000, 0x0000000710600000|  0%| F|  |TAMS 0x0000000710400000, 0x0000000710400000| Untracked 
|  97|0x0000000710600000, 0x0000000710600000, 0x0000000710800000|  0%| F|  |TAMS 0x0000000710600000, 0x0000000710600000| Untracked 
|  98|0x0000000710800000, 0x0000000710800000, 0x0000000710a00000|  0%| F|  |TAMS 0x0000000710800000, 0x0000000710800000| Untracked 
|  99|0x0000000710a00000, 0x0000000710a00000, 0x0000000710c00000|  0%| F|  |TAMS 0x0000000710a00000, 0x0000000710a00000| Untracked 
| 100|0x0000000710c00000, 0x0000000710c00000, 0x0000000710e00000|  0%| F|  |TAMS 0x0000000710c00000, 0x0000000710c00000| Untracked 
| 101|0x0000000710e00000, 0x0000000710e00000, 0x0000000711000000|  0%| F|  |TAMS 0x0000000710e00000, 0x0000000710e00000| Untracked 
| 102|0x0000000711000000, 0x0000000711000000, 0x0000000711200000|  0%| F|  |TAMS 0x0000000711000000, 0x0000000711000000| Untracked 
| 103|0x0000000711200000, 0x0000000711200000, 0x0000000711400000|  0%| F|  |TAMS 0x0000000711200000, 0x0000000711200000| Untracked 
| 104|0x0000000711400000, 0x0000000711400000, 0x0000000711600000|  0%| F|  |TAMS 0x0000000711400000, 0x0000000711400000| Untracked 
| 105|0x0000000711600000, 0x0000000711600000, 0x0000000711800000|  0%| F|  |TAMS 0x0000000711600000, 0x0000000711600000| Untracked 
| 106|0x0000000711800000, 0x0000000711800000, 0x0000000711a00000|  0%| F|  |TAMS 0x0000000711800000, 0x0000000711800000| Untracked 
| 107|0x0000000711a00000, 0x0000000711a00000, 0x0000000711c00000|  0%| F|  |TAMS 0x0000000711a00000, 0x0000000711a00000| Untracked 
| 108|0x0000000711c00000, 0x0000000711c00000, 0x0000000711e00000|  0%| F|  |TAMS 0x0000000711c00000, 0x0000000711c00000| Untracked 
| 109|0x0000000711e00000, 0x0000000711e00000, 0x0000000712000000|  0%| F|  |TAMS 0x0000000711e00000, 0x0000000711e00000| Untracked 
| 110|0x0000000712000000, 0x0000000712000000, 0x0000000712200000|  0%| F|  |TAMS 0x0000000712000000, 0x0000000712000000| Untracked 
| 111|0x0000000712200000, 0x0000000712200000, 0x0000000712400000|  0%| F|  |TAMS 0x0000000712200000, 0x0000000712200000| Untracked 
| 112|0x0000000712400000, 0x0000000712400000, 0x0000000712600000|  0%| F|  |TAMS 0x0000000712400000, 0x0000000712400000| Untracked 
| 113|0x0000000712600000, 0x0000000712600000, 0x0000000712800000|  0%| F|  |TAMS 0x0000000712600000, 0x0000000712600000| Untracked 
| 114|0x0000000712800000, 0x0000000712800000, 0x0000000712a00000|  0%| F|  |TAMS 0x0000000712800000, 0x0000000712800000| Untracked 
| 115|0x0000000712a00000, 0x0000000712ae1ce8, 0x0000000712c00000| 44%| E|  |TAMS 0x0000000712a00000, 0x0000000712a00000| Complete 
| 116|0x0000000712c00000, 0x0000000712e00000, 0x0000000712e00000|100%| E|CS|TAMS 0x0000000712c00000, 0x0000000712c00000| Complete 
| 117|0x0000000712e00000, 0x0000000713000000, 0x0000000713000000|100%| E|CS|TAMS 0x0000000712e00000, 0x0000000712e00000| Complete 
| 118|0x0000000713000000, 0x0000000713200000, 0x0000000713200000|100%| E|CS|TAMS 0x0000000713000000, 0x0000000713000000| Complete 
| 119|0x0000000713200000, 0x0000000713400000, 0x0000000713400000|100%| E|CS|TAMS 0x0000000713200000, 0x0000000713200000| Complete 
| 120|0x0000000713400000, 0x0000000713600000, 0x0000000713600000|100%| E|CS|TAMS 0x0000000713400000, 0x0000000713400000| Complete 
| 121|0x0000000713600000, 0x0000000713800000, 0x0000000713800000|100%| E|CS|TAMS 0x0000000713600000, 0x0000000713600000| Complete 
| 122|0x0000000713800000, 0x0000000713a00000, 0x0000000713a00000|100%| E|CS|TAMS 0x0000000713800000, 0x0000000713800000| Complete 
| 123|0x0000000713a00000, 0x0000000713c00000, 0x0000000713c00000|100%| E|CS|TAMS 0x0000000713a00000, 0x0000000713a00000| Complete 
| 124|0x0000000713c00000, 0x0000000713e00000, 0x0000000713e00000|100%| E|CS|TAMS 0x0000000713c00000, 0x0000000713c00000| Complete 
| 125|0x0000000713e00000, 0x0000000714000000, 0x0000000714000000|100%| E|CS|TAMS 0x0000000713e00000, 0x0000000713e00000| Complete 

Card table byte_map: [0x0000014ae4520000,0x0000014ae4d00000] _byte_map_base: 0x0000014ae0cfe000

Marking Bits (Prev, Next): (CMBitMap*) 0x0000014acb3daa90, (CMBitMap*) 0x0000014acb3daad0
 Prev Bits: [0x0000014ae54e0000, 0x0000014ae93d0000)
 Next Bits: [0x0000014ae93d0000, 0x0000014aed2c0000)

Polling page: 0x0000014acb460000

Metaspace:

Usage:
  Non-class:      6.84 MB used.
      Class:    321.48 KB used.
       Both:      7.15 MB used.

Virtual space:
  Non-class space:       16.00 MB reserved,       6.88 MB ( 43%) committed,  2 nodes.
      Class space:        1.00 GB reserved,     384.00 KB ( <1%) committed,  1 nodes.
              Both:        1.02 GB reserved,       7.25 MB ( <1%) committed. 

Chunk freelists:
   Non-Class:  2.62 MB
       Class:  3.52 MB
        Both:  6.14 MB

MaxMetaspaceSize: 17179869184.00 GB
CompressedClassSpaceSize: 1.00 GB
 - commit_granule_bytes: 65536.
 - commit_granule_words: 8192.
 - virtual_space_node_default_size: 1048576.
 - enlarge_chunks_in_place: 1.
 - new_chunks_are_fully_committed: 0.
 - uncommit_free_chunks: 1.
 - use_allocation_guard: 0.
 - handle_deallocations: 1.


Internal statistics:

num_allocs_failed_limit: 0.
num_arena_births: 44.
num_arena_deaths: 0.
num_vsnodes_births: 3.
num_vsnodes_deaths: 0.
num_space_committed: 114.
num_space_uncommitted: 0.
num_chunks_returned_to_freelist: 0.
num_chunks_taken_from_freelist: 251.
num_chunk_merges: 0.
num_chunk_splits: 199.
num_chunks_enlarged: 174.
num_purges: 0.

CodeHeap 'non-profiled nmethods': size=120000Kb used=400Kb max_used=400Kb free=119599Kb
 bounds [0x0000014adbda0000, 0x0000014adc010000, 0x0000014ae32d0000]
CodeHeap 'profiled nmethods': size=120000Kb used=1594Kb max_used=1594Kb free=118405Kb
 bounds [0x0000014ad4870000, 0x0000014ad4ae0000, 0x0000014adbda0000]
CodeHeap 'non-nmethods': size=5760Kb used=1713Kb max_used=1733Kb free=4046Kb
 bounds [0x0000014ad42d0000, 0x0000014ad4540000, 0x0000014ad4870000]
 total_blobs=2056 nmethods=990 adapters=979
 compilation: enabled
              stopped_count=0, restarted_count=0
 full_count=0

Compilation events (20 events):
Event: 25.957 Thread 0x0000014aefdb6b00  982       4       org.joml.Vector3f::sub (47 bytes)
Event: 25.959 Thread 0x0000014aefdb6b00 nmethod 982 0x0000014adbdfbf90 code [0x0000014adbdfc120, 0x0000014adbdfc278]
Event: 26.890 Thread 0x0000014aefdb6b00  983       4       com.shich.game.states.MenuState::update (1 bytes)
Event: 26.890 Thread 0x0000014aefdb6b00 nmethod 983 0x0000014adbdfc390 code [0x0000014adbdfc500, 0x0000014adbdfc578]
Event: 27.124 Thread 0x0000014aefdb6b00  984       4       java.nio.MappedByteBuffer::<init> (22 bytes)
Event: 27.131 Thread 0x0000014aefdb6b00 nmethod 984 0x0000014adbdfc690 code [0x0000014adbdfc820, 0x0000014adbdfccf8]
Event: 28.089 Thread 0x0000014aefdb6b00  985       4       jdk.internal.misc.Unsafe::checkNativeAddress (28 bytes)
Event: 28.090 Thread 0x0000014aefdb6b00 nmethod 985 0x0000014adbdfd090 code [0x0000014adbdfd200, 0x0000014adbdfd278]
Event: 31.689 Thread 0x0000014aefdb6b00  986       4       jdk.internal.misc.Unsafe::allocateMemory (65 bytes)
Event: 31.690 Thread 0x0000014aefdb6b00 nmethod 986 0x0000014adbdfd390 code [0x0000014adbdfd520, 0x0000014adbdfd668]
Event: 31.722 Thread 0x0000014aefdb6b00  987   !   4       java.nio.DirectByteBuffer::<init> (148 bytes)
Event: 31.744 Thread 0x0000014aefdb6b00 nmethod 987 0x0000014adbdfd790 code [0x0000014adbdfd9a0, 0x0000014adbdfe988]
Event: 31.744 Thread 0x0000014aefdb6b00  988   !   4       java.nio.Bits::reserveMemory (232 bytes)
Event: 31.745 Thread 0x0000014aefdb6b00 nmethod 988 0x0000014adbdff310 code [0x0000014adbdff4a0, 0x0000014adbdff5d8]
Event: 31.955 Thread 0x0000014aefdb6b00  989       4       java.nio.DirectByteBuffer::asFloatBuffer (179 bytes)
Event: 31.965 Thread 0x0000014aefdb6b00 nmethod 989 0x0000014adbdff710 code [0x0000014adbdff8a0, 0x0000014adbdffd78]
Event: 32.105 Thread 0x0000014aefdb6b00  990       4       com.shich.game.entities.Entity::render (17 bytes)
Event: 32.174 Thread 0x0000014aefdb6b00 nmethod 990 0x0000014adbe00110 code [0x0000014adbe00460, 0x0000014adbe01ca0]
Event: 32.174 Thread 0x0000014aefdb6b00  991       4       com.shich.game.util.Camera::getProjection (38 bytes)
Event: 32.182 Thread 0x0000014aefdb6b00 nmethod 991 0x0000014adbe03890 code [0x0000014adbe03a20, 0x0000014adbe03e58]

GC Heap History (0 events):
No events

Deoptimization events (20 events):
Event: 0.560 Thread 0x0000014af0a917f0 DEOPT PACKING pc=0x0000014adbdaa108 sp=0x0000001dc99fabf0
Event: 0.560 Thread 0x0000014af0a917f0 DEOPT UNPACKING pc=0x0000014ad431f92e sp=0x0000001dc99fab88 mode 2
Event: 1.358 Thread 0x0000014af0a917f0 DEOPT PACKING pc=0x0000014ad48ab579 sp=0x0000001dc99fd9f0
Event: 1.359 Thread 0x0000014af0a917f0 DEOPT UNPACKING pc=0x0000014ad431e77e sp=0x0000001dc99fce78 mode 0
Event: 1.454 Thread 0x0000014af0a917f0 Uncommon trap: trap_request=0xffffff54 fr.pc=0x0000014adbdcab0c relative=0x000000000000006c
Event: 1.454 Thread 0x0000014af0a917f0 Uncommon trap: reason=speculate_null_assert action=make_not_entrant pc=0x0000014adbdcab0c method=sun.misc.Unsafe.putLong(Ljava/lang/Object;JJ)V @ 7 c2
Event: 1.454 Thread 0x0000014af0a917f0 DEOPT PACKING pc=0x0000014adbdcab0c sp=0x0000001dc99fedc0
Event: 1.455 Thread 0x0000014af0a917f0 DEOPT UNPACKING pc=0x0000014ad431f92e sp=0x0000001dc99fed58 mode 2
Event: 2.028 Thread 0x0000014af0a917f0 Uncommon trap: trap_request=0xffffff45 fr.pc=0x0000014adbdd101c relative=0x000000000000155c
Event: 2.028 Thread 0x0000014af0a917f0 Uncommon trap: reason=unstable_if action=reinterpret pc=0x0000014adbdd101c method=java.util.LinkedHashMap.linkNodeLast(Ljava/util/LinkedHashMap$Entry;)V @ 11 c2
Event: 2.028 Thread 0x0000014af0a917f0 DEOPT PACKING pc=0x0000014adbdd101c sp=0x0000001dc99fd950
Event: 2.028 Thread 0x0000014af0a917f0 DEOPT UNPACKING pc=0x0000014ad431f92e sp=0x0000001dc99fd7e0 mode 2
Event: 2.045 Thread 0x0000014af0a917f0 Uncommon trap: trap_request=0xffffff45 fr.pc=0x0000014adbdcd95c relative=0x000000000000161c
Event: 2.045 Thread 0x0000014af0a917f0 Uncommon trap: reason=unstable_if action=reinterpret pc=0x0000014adbdcd95c method=java.util.LinkedHashMap.linkNodeLast(Ljava/util/LinkedHashMap$Entry;)V @ 11 c2
Event: 2.045 Thread 0x0000014af0a917f0 DEOPT PACKING pc=0x0000014adbdcd95c sp=0x0000001dc99fcff0
Event: 2.045 Thread 0x0000014af0a917f0 DEOPT UNPACKING pc=0x0000014ad431f92e sp=0x0000001dc99fcef0 mode 2
Event: 2.388 Thread 0x0000014af0a917f0 DEOPT PACKING pc=0x0000014ad48b153e sp=0x0000001dc99fab30
Event: 2.388 Thread 0x0000014af0a917f0 DEOPT UNPACKING pc=0x0000014ad431e77e sp=0x0000001dc99f9fa8 mode 0
Event: 7.471 Thread 0x0000014af0a917f0 DEOPT PACKING pc=0x0000014ad49e6185 sp=0x0000001dc99ff2c0
Event: 7.471 Thread 0x0000014af0a917f0 DEOPT UNPACKING pc=0x0000014ad431e77e sp=0x0000001dc99fe750 mode 0

Classes unloaded (0 events):
No events

Classes redefined (0 events):
No events

Internal exceptions (17 events):
Event: 0.481 Thread 0x0000014af0a917f0 Exception <a 'java/lang/NoSuchMethodError'{0x0000000713a4b048}: 'java.lang.Object java.lang.invoke.DirectMethodHandle$Holder.invokeStatic(java.lang.Object)'> (0x0000000713a4b048) 
thrown [t:\workspace\open\src\hotspot\share\interpreter\linkResolver.cpp, line 790]
Event: 0.482 Thread 0x0000014af0a917f0 Exception <a 'java/lang/NoSuchMethodError'{0x0000000713a4e878}: 'java.lang.Object java.lang.invoke.DirectMethodHandle$Holder.invokeStaticInit(java.lang.Object)'> (0x0000000713a4e878) 
thrown [t:\workspace\open\src\hotspot\share\interpreter\linkResolver.cpp, line 790]
Event: 0.505 Thread 0x0000014af0a917f0 Exception <a 'java/lang/NoSuchMethodError'{0x0000000713a9e218}: 'void java.lang.invoke.DirectMethodHandle$Holder.invokeStatic(java.lang.Object, java.lang.Object)'> (0x0000000713a9e218) 
thrown [t:\workspace\open\src\hotspot\share\interpreter\linkResolver.cpp, line 790]
Event: 0.508 Thread 0x0000014af0a917f0 Exception <a 'java/lang/NoSuchMethodError'{0x0000000713aa3b80}: 'void java.lang.invoke.DirectMethodHandle$Holder.invokeSpecial(java.lang.Object, java.lang.Object, java.lang.Object)'> (0x0000000713aa3b80) 
thrown [t:\workspace\open\src\hotspot\share\interpreter\linkResolver.cpp, line 790]
Event: 0.515 Thread 0x0000014af0a917f0 Exception <a 'java/lang/NoSuchMethodError'{0x0000000713ab87a0}: 'java.lang.Object java.lang.invoke.DirectMethodHandle$Holder.invokeStatic(java.lang.Object, java.lang.Object, int)'> (0x0000000713ab87a0) 
thrown [t:\workspace\open\src\hotspot\share\interpreter\linkResolver.cpp, line 790]
Event: 0.518 Thread 0x0000014af0a917f0 Exception <a 'java/lang/NoSuchMethodError'{0x0000000713ac4948}: 'void java.lang.invoke.DelegatingMethodHandle$Holder.delegate(java.lang.Object, java.lang.Object, int, java.lang.Object)'> (0x0000000713ac4948) 
thrown [t:\workspace\open\src\hotspot\share\interpreter\linkResolver.cpp, line 790]
Event: 0.519 Thread 0x0000014af0a917f0 Exception <a 'java/lang/NoSuchMethodError'{0x0000000713ac8ca0}: 'int java.lang.invoke.DirectMethodHandle$Holder.invokeSpecial(java.lang.Object, java.lang.Object, java.lang.Object)'> (0x0000000713ac8ca0) 
thrown [t:\workspace\open\src\hotspot\share\interpreter\linkResolver.cpp, line 790]
Event: 0.615 Thread 0x0000014af0a917f0 Exception <a 'sun/nio/fs/WindowsException'{0x0000000713b484e0}> (0x0000000713b484e0) 
thrown [t:\workspace\open\src\hotspot\share\prims\jni.cpp, line 579]
Event: 0.616 Thread 0x0000014af0a917f0 Exception <a 'sun/nio/fs/WindowsException'{0x0000000713b48a38}> (0x0000000713b48a38) 
thrown [t:\workspace\open\src\hotspot\share\prims\jni.cpp, line 579]
Event: 0.721 Thread 0x0000014af0a917f0 Exception <a 'sun/nio/fs/WindowsException'{0x000000071387cbc0}> (0x000000071387cbc0) 
thrown [t:\workspace\open\src\hotspot\share\prims\jni.cpp, line 579]
Event: 0.721 Thread 0x0000014af0a917f0 Exception <a 'sun/nio/fs/WindowsException'{0x000000071387cf30}> (0x000000071387cf30) 
thrown [t:\workspace\open\src\hotspot\share\prims\jni.cpp, line 579]
Event: 1.347 Thread 0x0000014af0a917f0 Exception <a 'sun/nio/fs/WindowsException'{0x000000071391d8b8}> (0x000000071391d8b8) 
thrown [t:\workspace\open\src\hotspot\share\prims\jni.cpp, line 579]
Event: 1.347 Thread 0x0000014af0a917f0 Exception <a 'sun/nio/fs/WindowsException'{0x000000071391dc68}> (0x000000071391dc68) 
thrown [t:\workspace\open\src\hotspot\share\prims\jni.cpp, line 579]
Event: 1.360 Thread 0x0000014af0a917f0 Exception <a 'sun/nio/fs/WindowsException'{0x000000071392de58}> (0x000000071392de58) 
thrown [t:\workspace\open\src\hotspot\share\prims\jni.cpp, line 579]
Event: 1.360 Thread 0x0000014af0a917f0 Exception <a 'sun/nio/fs/WindowsException'{0x000000071392e140}> (0x000000071392e140) 
thrown [t:\workspace\open\src\hotspot\share\prims\jni.cpp, line 579]
Event: 2.063 Thread 0x0000014af0a917f0 Exception <a 'sun/nio/fs/WindowsException'{0x0000000712e119b0}> (0x0000000712e119b0) 
thrown [t:\workspace\open\src\hotspot\share\prims\jni.cpp, line 579]
Event: 2.064 Thread 0x0000014af0a917f0 Exception <a 'sun/nio/fs/WindowsException'{0x0000000712e11d38}> (0x0000000712e11d38) 
thrown [t:\workspace\open\src\hotspot\share\prims\jni.cpp, line 579]

Events (20 events):
Event: 2.281 loading class java/lang/SecurityException done
Event: 2.285 loading class jdk/internal/access/foreign/MemorySegmentProxy
Event: 2.285 loading class jdk/internal/access/foreign/MemorySegmentProxy done
Event: 2.393 Executing  VM operation: Cleanup
Event: 2.394 Executing  VM operation: Cleanup done
Event: 2.435 loading class java/lang/NumberFormatException
Event: 2.435 loading class java/lang/NumberFormatException done
Event: 3.401 Executing  VM operation: Cleanup
Event: 3.401 Executing  VM operation: Cleanup done
Event: 8.438 Executing  VM operation: Cleanup
Event: 8.438 Executing  VM operation: Cleanup done
Event: 10.457 Executing  VM operation: Cleanup
Event: 10.457 Executing  VM operation: Cleanup done
Event: 14.497 Executing  VM operation: Cleanup
Event: 14.497 Executing  VM operation: Cleanup done
Event: 27.589 Executing  VM operation: Cleanup
Event: 27.589 Executing  VM operation: Cleanup done
Event: 32.643 Executing  VM operation: Cleanup
Event: 32.643 Executing  VM operation: Cleanup done
Event: 36.540 Thread 0x0000014af096c6b0 Thread exited: 0x0000014af096c6b0


Dynamic libraries:
0x00007ff698b30000 - 0x00007ff698b40000 	C:\Program Files\Java\jdk-16.0.1\bin\java.exe
0x00007ff931c30000 - 0x00007ff931e25000 	C:\Windows\SYSTEM32\ntdll.dll
0x00007ff9315f0000 - 0x00007ff9316ad000 	C:\Windows\System32\KERNEL32.DLL
0x00007ff92f4b0000 - 0x00007ff92f778000 	C:\Windows\System32\KERNELBASE.dll
0x00007ff92f780000 - 0x00007ff92f880000 	C:\Windows\System32\ucrtbase.dll
0x00007ff900cd0000 - 0x00007ff900ce9000 	C:\Program Files\Java\jdk-16.0.1\bin\VCRUNTIME140.dll
0x00007ff907fc0000 - 0x00007ff907fd8000 	C:\Program Files\Java\jdk-16.0.1\bin\jli.dll
0x00007ff92fc90000 - 0x00007ff92fd3c000 	C:\Windows\System32\ADVAPI32.dll
0x00007ff930b70000 - 0x00007ff930c0e000 	C:\Windows\System32\msvcrt.dll
0x00007ff9300f0000 - 0x00007ff93018b000 	C:\Windows\System32\sechost.dll
0x00007ff92fd50000 - 0x00007ff92fe7b000 	C:\Windows\System32\RPCRT4.dll
0x00007ff931240000 - 0x00007ff9313e0000 	C:\Windows\System32\USER32.dll
0x00007ff92fc60000 - 0x00007ff92fc82000 	C:\Windows\System32\win32u.dll
0x00007ff90e360000 - 0x00007ff90e5fa000 	C:\Windows\WinSxS\amd64_microsoft.windows.common-controls_6595b64144ccf1df_6.0.19041.844_none_ca00b6081b84eb1d\COMCTL32.dll
0x00007ff9300c0000 - 0x00007ff9300ea000 	C:\Windows\System32\GDI32.dll
0x00007ff92f9f0000 - 0x00007ff92fafb000 	C:\Windows\System32\gdi32full.dll
0x00007ff92f900000 - 0x00007ff92f99d000 	C:\Windows\System32\msvcp_win.dll
0x00007ff9286f0000 - 0x00007ff9286fa000 	C:\Windows\SYSTEM32\VERSION.dll
0x00007ff930970000 - 0x00007ff9309a0000 	C:\Windows\System32\IMM32.DLL
0x00007ff90c3f0000 - 0x00007ff90c3fc000 	C:\Program Files\Java\jdk-16.0.1\bin\vcruntime140_1.dll
0x00007ff8b4bc0000 - 0x00007ff8b4c51000 	C:\Program Files\Java\jdk-16.0.1\bin\msvcp140.dll
0x00007ff8afb30000 - 0x00007ff8b06db000 	C:\Program Files\Java\jdk-16.0.1\bin\server\jvm.dll
0x00007ff931080000 - 0x00007ff931088000 	C:\Windows\System32\PSAPI.DLL
0x00007ff90c080000 - 0x00007ff90c089000 	C:\Windows\SYSTEM32\WSOCK32.dll
0x00007ff92d9d0000 - 0x00007ff92d9f7000 	C:\Windows\SYSTEM32\WINMM.dll
0x00007ff931500000 - 0x00007ff93156b000 	C:\Windows\System32\WS2_32.dll
0x00007ff92dc40000 - 0x00007ff92dc52000 	C:\Windows\SYSTEM32\kernel.appcore.dll
0x00007ff8ffec0000 - 0x00007ff8ffeca000 	C:\Program Files\Java\jdk-16.0.1\bin\jimage.dll
0x00007ff92d7b0000 - 0x00007ff92d994000 	C:\Windows\SYSTEM32\DBGHELP.DLL
0x00007ff92d9a0000 - 0x00007ff92d9cc000 	C:\Windows\SYSTEM32\dbgcore.DLL
0x00007ff92f880000 - 0x00007ff92f900000 	C:\Windows\System32\bcryptPrimitives.dll
0x00007ff905950000 - 0x00007ff90598b000 	C:\Program Files\Java\jdk-16.0.1\bin\jdwp.dll
0x00007ff8fbf30000 - 0x00007ff8fbf55000 	C:\Program Files\Java\jdk-16.0.1\bin\java.dll
0x00007ff930190000 - 0x00007ff9308d2000 	C:\Windows\System32\SHELL32.dll
0x00007ff92cf50000 - 0x00007ff92d6e0000 	C:\Windows\SYSTEM32\windows.storage.dll
0x00007ff9317e0000 - 0x00007ff931b35000 	C:\Windows\System32\combase.dll
0x00007ff92ede0000 - 0x00007ff92ee0c000 	C:\Windows\SYSTEM32\Wldp.dll
0x00007ff931b40000 - 0x00007ff931bee000 	C:\Windows\System32\SHCORE.dll
0x00007ff9308e0000 - 0x00007ff930935000 	C:\Windows\System32\shlwapi.dll
0x00007ff92f2b0000 - 0x00007ff92f2cf000 	C:\Windows\SYSTEM32\profapi.dll
0x00007ff91b680000 - 0x00007ff91b68c000 	C:\Program Files\Java\jdk-16.0.1\bin\dt_socket.dll
0x00007ff92e7f0000 - 0x00007ff92e82b000 	C:\Windows\SYSTEM32\IPHLPAPI.DLL
0x00007ff92eb50000 - 0x00007ff92ebba000 	C:\Windows\system32\mswsock.dll
0x00007ff92e830000 - 0x00007ff92e8fc000 	C:\Windows\SYSTEM32\DNSAPI.dll
0x00007ff930940000 - 0x00007ff930948000 	C:\Windows\System32\NSI.dll
0x00007ff925c90000 - 0x00007ff925c9a000 	C:\Windows\System32\rasadhlp.dll
0x00007ff9208a0000 - 0x00007ff92091f000 	C:\Windows\System32\fwpuclnt.dll
0x00007ff92f420000 - 0x00007ff92f447000 	C:\Windows\System32\bcrypt.dll
0x00007ff8ff370000 - 0x00007ff8ff389000 	C:\Program Files\Java\jdk-16.0.1\bin\net.dll
0x00007ff929880000 - 0x00007ff92998b000 	C:\Windows\SYSTEM32\WINHTTP.dll
0x00007ff8f46c0000 - 0x00007ff8f46d3000 	C:\Program Files\Java\jdk-16.0.1\bin\nio.dll
0x00007ff8f42c0000 - 0x00007ff8f42d8000 	C:\Program Files\Java\jdk-16.0.1\bin\zip.dll
0x00007ff903c20000 - 0x00007ff903c84000 	C:\Users\ShiCh\AppData\Local\Temp\lwjglShiCh\3.2.3-build-13\lwjgl.dll
0x00007ff903bb0000 - 0x00007ff903c12000 	C:\Users\ShiCh\AppData\Local\Temp\lwjglShiCh\3.2.3-build-13\glfw.dll
0x00007ff92c4b0000 - 0x00007ff92c54e000 	C:\Windows\system32\uxtheme.dll
0x00007ff904290000 - 0x00007ff9042d5000 	C:\Windows\SYSTEM32\dinput8.dll
0x00007ff916320000 - 0x00007ff916331000 	C:\Windows\SYSTEM32\xinput1_4.dll
0x00007ff92f9a0000 - 0x00007ff92f9ee000 	C:\Windows\System32\cfgmgr32.dll
0x00007ff92f120000 - 0x00007ff92f14c000 	C:\Windows\SYSTEM32\DEVOBJ.dll
0x00007ff92c890000 - 0x00007ff92c8bf000 	C:\Windows\SYSTEM32\dwmapi.dll
0x00007ff8ffa90000 - 0x00007ff8ffbe2000 	C:\Windows\SYSTEM32\inputhost.dll
0x00007ff9316b0000 - 0x00007ff93177d000 	C:\Windows\System32\OLEAUT32.dll
0x00007ff92b660000 - 0x00007ff92b752000 	C:\Windows\SYSTEM32\CoreMessaging.dll
0x00007ff92cdc0000 - 0x00007ff92ceb7000 	C:\Windows\SYSTEM32\PROPSYS.dll
0x00007ff929bf0000 - 0x00007ff929d44000 	C:\Windows\SYSTEM32\wintypes.dll
0x00007ff92af70000 - 0x00007ff92b2ce000 	C:\Windows\SYSTEM32\CoreUIComponents.dll
0x00007ff92e0b0000 - 0x00007ff92e0e3000 	C:\Windows\SYSTEM32\ntmarta.dll
0x00007ff9313e0000 - 0x00007ff9314f5000 	C:\Windows\System32\MSCTF.dll
0x00007ff92d6e0000 - 0x00007ff92d6ed000 	C:\Windows\SYSTEM32\HID.DLL
0x00007ff930c10000 - 0x00007ff931079000 	C:\Windows\System32\SETUPAPI.DLL
0x00007ff92f450000 - 0x00007ff92f4b0000 	C:\Windows\System32\WINTRUST.dll
0x00007ff92fb00000 - 0x00007ff92fc5f000 	C:\Windows\System32\CRYPT32.dll
0x00007ff92ef60000 - 0x00007ff92ef72000 	C:\Windows\SYSTEM32\MSASN1.dll
0x00007ff90dfd0000 - 0x00007ff90e0f6000 	C:\Windows\SYSTEM32\opengl32.dll
0x00007ff90de30000 - 0x00007ff90de5c000 	C:\Windows\SYSTEM32\GLU32.dll
0x00007ff92fe80000 - 0x00007ff92ff29000 	C:\Windows\System32\clbcatq.dll
0x00007ff88e3a0000 - 0x00007ff88f388000 	C:\Windows\System32\DriverStore\FileRepository\iigd_dch.inf_amd64_e4f65e51f290b3d3\ig12icd64.dll
0x00007ff92ff30000 - 0x00007ff93005a000 	C:\Windows\System32\ole32.dll
0x00007ff92dcb0000 - 0x00007ff92dda4000 	C:\Windows\system32\dxgi.dll
0x00007ff8d3f60000 - 0x00007ff8d434c000 	C:\Windows\System32\DriverStore\FileRepository\iigd_dch.inf_amd64_e4f65e51f290b3d3\igdml64.dll
0x00007ff923550000 - 0x00007ff923818000 	C:\Windows\System32\DriverStore\FileRepository\iigd_dch.inf_amd64_e4f65e51f290b3d3\igdgmm64.dll
0x00007ff920920000 - 0x00007ff9234e7000 	C:\Windows\System32\DriverStore\FileRepository\iigd_dch.inf_amd64_e4f65e51f290b3d3\igc64.dll
0x00007ff92e960000 - 0x00007ff92e9ab000 	C:\Windows\SYSTEM32\powrprof.dll
0x00007ff92e7d0000 - 0x00007ff92e7e2000 	C:\Windows\SYSTEM32\UMPDC.dll
0x00007ff91c990000 - 0x00007ff91ca89000 	C:\Windows\SYSTEM32\textinputframework.dll
0x00007ff8fc240000 - 0x00007ff8fc2a6000 	C:\Windows\system32\Oleacc.dll
0x00007ff903a60000 - 0x00007ff903ab9000 	C:\Users\ShiCh\AppData\Local\Temp\lwjglShiCh\3.2.3-build-13\lwjgl_opengl.dll
0x00007ff90da10000 - 0x00007ff90da20000 	C:\Program Files\Java\jdk-16.0.1\bin\verify.dll
0x00007ff9019b0000 - 0x00007ff901a27000 	C:\Users\ShiCh\AppData\Local\Temp\lwjglShiCh\3.2.3-build-13\lwjgl_stb.dll

dbghelp: loaded successfully - version: 4.0.5 - missing functions: none
symbol engine: initialized successfully - sym options: 0x614 - pdb path: .;C:\Program Files\Java\jdk-16.0.1\bin;C:\Windows\SYSTEM32;C:\Windows\WinSxS\amd64_microsoft.windows.common-controls_6595b64144ccf1df_6.0.19041.844_none_ca00b6081b84eb1d;C:\Program Files\Java\jdk-16.0.1\bin\server;C:\Users\ShiCh\AppData\Local\Temp\lwjglShiCh\3.2.3-build-13;C:\Windows\System32\DriverStore\FileRepository\iigd_dch.inf_amd64_e4f65e51f290b3d3

VM Arguments:
jvm_args: -agentlib:jdwp=transport=dt_socket,server=n,suspend=y,address=localhost:60057 --enable-preview -XX:+ShowCodeDetailsInExceptionMessages -Dfile.encoding=UTF-8 
java_command: com.shich.game.Main
java_class_path (initial): C:\Users\ShiCh\AppData\Roaming\Code\User\workspaceStorage\463103dc5585f29b1686ba2e5e4a286b\redhat.java\jdt_ws\Parallax_12ef2faf\bin;C:\Users\ShiCh\OneDrive\Documents\Code\Java\Parallax\lib\jars\slick-util.jar;C:\Users\ShiCh\OneDrive\Documents\Code\Java\Parallax\lib\jars\lwjgl-par-natives-windows.jar;C:\Users\ShiCh\OneDrive\Documents\Code\Java\Parallax\lib\jars\lwjgl-vulkan-javadoc.jar;C:\Users\ShiCh\OneDrive\Documents\Code\Java\Parallax\lib\jars\lwjgl-javadoc.jar;C:\Users\ShiCh\OneDrive\Documents\Code\Java\Parallax\lib\jars\lwjgl-stb-javadoc.jar;C:\Users\ShiCh\OneDrive\Documents\Code\Java\Parallax\lib\jars\lwjgl-natives-windows.jar;C:\Users\ShiCh\OneDrive\Documents\Code\Java\Parallax\lib\jars\lwjgl-nanovg.jar;C:\Users\ShiCh\OneDrive\Documents\Code\Java\Parallax\lib\jars\lwjgl-vulkan.jar;C:\Users\ShiCh\OneDrive\Documents\Code\Java\Parallax\lib\jars\lwjgl-glfw.jar;C:\Users\ShiCh\OneDrive\Documents\Code\Java\Parallax\lib\jars\lwjgl-nuklear-javadoc.jar;C:\Users\ShiCh\OneDrive\Documents\Code\Java\Parallax\lib\jars\lwjgl-bgfx-natives-windows.jar;C:\Users\ShiCh\OneDrive\Documents\Code\Java\Parallax\lib\jars\joml-1.10.1-javadoc.jar;C:\Users\ShiCh\OneDrive\Documents\Code\Java\Parallax\lib\jars\lwjgl-assimp-javadoc.jar;C:\Users\ShiCh\OneDrive\Documents\Code\Java\Parallax\lib\jars\lwjgl-glfw-natives-windows.jar;C:\Users\ShiCh\OneDrive\Documents\Code\Java\Parallax\lib\jars\lwjgl-par-javadoc.jar;C:\Users\ShiCh\OneDrive\Documents\Code\Java\Parallax\lib\jars\lwjgl-openal-natives-windows.jar;C:\Users\ShiCh\OneDrive\Documents\Code\Java\Parallax\lib\jars\lwjgl-nanovg-natives-windows.jar;C:\Users\ShiCh\OneDrive\Documents\Code\Java\Parallax\lib\jars\lwjgl-stb-natives-windows.jar;C:\Users\ShiCh\OneDrive\Documents\Code\Java\Parallax\lib\jars\lwjgl-assimp-natives-windows.jar;C:\Users\ShiCh\OneDrive\Documents\Code\Java\Parallax\lib\jars\lwjgl-assimp.jar;C:\Users\ShiCh\OneDrive\Documents\Code\Java\Parallax\lib\jars\lwjgl-nanovg-javadoc.jar;C:\Users\ShiCh\OneDriv
Launcher Type: SUN_STANDARD

[Global flags]
     intx CICompilerCount                          = 4                                         {product} {ergonomic}
     uint ConcGCThreads                            = 2                                         {product} {ergonomic}
     uint G1ConcRefinementThreads                  = 8                                         {product} {ergonomic}
   size_t G1HeapRegionSize                         = 2097152                                   {product} {ergonomic}
    uintx GCDrainStackTargetSize                   = 64                                        {product} {ergonomic}
   size_t InitialHeapSize                          = 264241152                                 {product} {ergonomic}
   size_t MarkStackSize                            = 4194304                                   {product} {ergonomic}
   size_t MaxHeapSize                              = 4223664128                                {product} {ergonomic}
   size_t MaxNewSize                               = 2533359616                                {product} {ergonomic}
   size_t MinHeapDeltaBytes                        = 2097152                                   {product} {ergonomic}
   size_t MinHeapSize                              = 8388608                                   {product} {ergonomic}
    uintx NonNMethodCodeHeapSize                   = 5839372                                {pd product} {ergonomic}
    uintx NonProfiledCodeHeapSize                  = 122909434                              {pd product} {ergonomic}
    uintx ProfiledCodeHeapSize                     = 122909434                              {pd product} {ergonomic}
    uintx ReservedCodeCacheSize                    = 251658240                              {pd product} {ergonomic}
     bool SegmentedCodeCache                       = true                                      {product} {ergonomic}
     bool ShowCodeDetailsInExceptionMessages       = true                                   {manageable} {command line}
   size_t SoftMaxHeapSize                          = 4223664128                             {manageable} {ergonomic}
     bool UseCompressedClassPointers               = true                           {product lp64_product} {ergonomic}
     bool UseCompressedOops                        = true                           {product lp64_product} {ergonomic}
     bool UseG1GC                                  = true                                      {product} {ergonomic}
     bool UseLargePagesIndividualAllocation        = false                                  {pd product} {ergonomic}

Logging:
Log output configuration:
 #0: stdout all=warning uptime,level,tags
 #1: stderr all=off uptime,level,tags

Environment Variables:
JAVA_HOME=C:\Program Files\Java\jdk-16.0.1
PATH=C:\Program Files\Common Files\Oracle\Java\javapath;C:\Program Files\AdoptOpenJDK\jdk-11.0.9.101-hotspot\bin;C:\Program Files\Python39\Scripts\;C:\Program Files\Python39\;C:\Windows\system32;C:\Windows;C:\Windows\System32\Wbem;C:\Windows\System32\WindowsPowerShell\v1.0\;C:\Windows\System32\OpenSSH\;C:\Program Files\MiKTeX\miktex\bin\x64\;C:\Program Files\Microsoft VS Code\bin;C:\Program Files\Git\cmd;C:\Programs Files\HashiCorp\Vagrant\bin;C:\Program Files\apache-maven-3.8.1\bin;C:\Users\ShiCh\AppData\Local\Microsoft\WindowsApps;
USERNAME=ShiCh
LANG=en_US.UTF-8
OS=Windows_NT
PROCESSOR_IDENTIFIER=Intel64 Family 6 Model 140 Stepping 1, GenuineIntel



---------------  S Y S T E M  ---------------

OS:
 Windows 10 , 64 bit Build 19041 (10.0.19041.928)
OS uptime: 1 days 19:13 hours

CPU: total 8 (initial active 8) (4 cores per cpu, 2 threads per core) family 6 model 140 stepping 1 microcode 0x86, cx8, cmov, fxsr, ht, mmx, 3dnowpref, sse, sse2, sse3, ssse3, sse4.1, sse4.2, popcnt, lzcnt, tsc, tscinvbit, avx, avx2, aes, erms, clmul, bmi1, bmi2, adx, avx512f, avx512dq, avx512cd, avx512bw, avx512vl, sha, fma, vzeroupper, avx512_vpopcntdq, avx512_vpclmulqdq, avx512_vaes, avx512_vnni, clflush, clflushopt, clwb, avx512_vmbi2, avx512_vmbi

Memory: 4k page, system-wide physical 16106M (6887M free)
TotalPageFile size 33514M (AvailPageFile size 18203M)
current process WorkingSet (physical memory assigned to process): 272M, peak: 321M
current process commit charge ("private bytes"): 389M, peak: 422M

vm_info: Java HotSpot(TM) 64-Bit Server VM (16.0.1+9-24) for windows-amd64 JRE (16.0.1+9-24), built on Mar 26 2021 19:31:42 by "mach5one" with MS VC++ 16.7 (VS2019)

END.
