#
# A fatal error has been detected by the Java Runtime Environment:
#
#  EXCEPTION_ACCESS_VIOLATION (0xc0000005) at pc=0x00007ff88e6ea72b, pid=5840, tid=2164
#
# JRE version: Java(TM) SE Runtime Environment (16.0.1+9) (build 16.0.1+9-24)
# Java VM: Java HotSpot(TM) 64-Bit Server VM (16.0.1+9-24, mixed mode, sharing, tiered, compressed oops, compressed class ptrs, g1 gc, windows-amd64)
# Problematic frame:
# C  [ig12icd64.dll+0x34a72b]
#
# No core dump will be written. Minidumps are not enabled by default on client versions of Windows
#
# If you would like to submit a bug report, please visit:
#   https://bugreport.java.com/bugreport/crash.jsp
# The crash happened outside the Java Virtual Machine in native code.
# See problematic frame for where to report the bug.
#

---------------  S U M M A R Y ------------

Command Line: -agentlib:jdwp=transport=dt_socket,server=n,suspend=y,address=localhost:60082 --enable-preview -XX:+ShowCodeDetailsInExceptionMessages -Dfile.encoding=UTF-8 com.shich.game.Main

Host: 11th Gen Intel(R) Core(TM) i7-1165G7 @ 2.80GHz, 8 cores, 15G,  Windows 10 , 64 bit Build 19041 (10.0.19041.928)
Time: Mon May 24 01:05:31 2021 Eastern Daylight Time elapsed time: 21.460630 seconds (0d 0h 0m 21s)

---------------  T H R E A D  ---------------

Current thread (0x000002e9da93aa20):  JavaThread "JDWP Transport Listener: dt_socket" daemon [_thread_in_native, id=2164, stack(0x000000fefa900000,0x000000fefaa00000)]

Stack: [0x000000fefa900000,0x000000fefaa00000],  sp=0x000000fefa9fe1e0,  free space=1016k
Native frames: (J=compiled Java code, j=interpreted, Vv=VM code, C=native code)
C  [ig12icd64.dll+0x34a72b]


siginfo: EXCEPTION_ACCESS_VIOLATION (0xc0000005), reading address 0x00000000000353c8


Register to memory mapping:

RIP=0x00007ff88e6ea72b ig12icd64.dll
RAX=0x000002e9db2a3af0 points into unknown readable memory: 0x000000000000e654 | 54 e6 00 00 00 00 00 00
RBX=0x000002e9db2a3a20 points into unknown readable memory: 0x000002e9dafdc930 | 30 c9 fd da e9 02 00 00
RCX=0x0 is NULL
RDX=0x000002e9db2a3af0 points into unknown readable memory: 0x000000000000e654 | 54 e6 00 00 00 00 00 00
RSP=0x000000fefa9fe1e0 is pointing into the stack for thread: 0x000002e9da93aa20
RBP=0x000000fefa9fe300 is pointing into the stack for thread: 0x000002e9da93aa20
RSI=0x0 is NULL
RDI=0x000002e9daaef240 points into unknown readable memory: 0x0000000000000000 | 00 00 00 00 00 00 00 00
R8 =0x0 is NULL
R9 =0x0 is NULL
R10=0x0 is NULL
R11=0x0000000000000246 is an unknown value
R12=0x000002e9db2a3f38 points into unknown readable memory: 0x000002e9db2b2640 | 40 26 2b db e9 02 00 00
R13=0x0 is NULL
R14=0x000002e9db2b2640 points into unknown readable memory: 0x000002e9dafdc930 | 30 c9 fd da e9 02 00 00
R15=0x0000000000000016 is an unknown value


Registers:
RAX=0x000002e9db2a3af0, RBX=0x000002e9db2a3a20, RCX=0x0000000000000000, RDX=0x000002e9db2a3af0
RSP=0x000000fefa9fe1e0, RBP=0x000000fefa9fe300, RSI=0x0000000000000000, RDI=0x000002e9daaef240
R8 =0x0000000000000000, R9 =0x0000000000000000, R10=0x0000000000000000, R11=0x0000000000000246
R12=0x000002e9db2a3f38, R13=0x0000000000000000, R14=0x000002e9db2b2640, R15=0x0000000000000016
RIP=0x00007ff88e6ea72b, EFLAGS=0x0000000000010206

Top of Stack: (sp=0x000000fefa9fe1e0)
0x000000fefa9fe1e0:   000002e9dabdc760 0000000000000000
0x000000fefa9fe1f0:   0000000000000000 0000000000000000
0x000000fefa9fe200:   000002e9db022138 000000000000e682
0x000000fefa9fe210:   0000000000000000 000000000000000d
0x000000fefa9fe220:   0000000000000000 0000000000000000
0x000000fefa9fe230:   000000fefa9fe340 00007ff88e4feb6a
0x000000fefa9fe240:   000002e9dabdc760 000002e9daaef240
0x000000fefa9fe250:   0000000000000000 0000000000000000
0x000000fefa9fe260:   000000fe00003394 0000b80200000000
0x000000fefa9fe270:   0000000000000000 0000000000000000
0x000000fefa9fe280:   0000000000000000 0000000000000000
0x000000fefa9fe290:   0000000000000000 0000000000000000
0x000000fefa9fe2a0:   0000000000000000 00007ff88e6402d0
0x000000fefa9fe2b0:   0000000000000000 0000000000000000
0x000000fefa9fe2c0:   0000000000000000 0000000000000000
0x000000fefa9fe2d0:   0000000000000000 0000000000000000 

Instructions: (pc=0x00007ff88e6ea72b)
0x00007ff88e6ea62b:   83 ec 20 45 8a e9 48 8b fa 48 8b f1 48 8b 1d b2
0x00007ff88e6ea63b:   e6 bd 00 48 89 58 08 48 8b cb ff 15 c5 da 79 00
0x00007ff88e6ea64b:   90 4c 8b b7 80 02 00 00 48 8b 05 36 f1 ad 00 44
0x00007ff88e6ea65b:   8b b8 80 0a 00 00 45 33 c9 41 8a e9 4c 89 8f 80
0x00007ff88e6ea66b:   02 00 00 44 89 8f 88 02 00 00 4c 89 8f a0 02 00
0x00007ff88e6ea67b:   00 4c 89 8f 90 02 00 00 48 85 f6 75 38 8b 35 fa
0x00007ff88e6ea68b:   c1 bd 00 65 48 8b 04 25 58 00 00 00 b9 08 00 00
0x00007ff88e6ea69b:   00 48 8b 04 f0 44 38 0c 01 0f 84 da dd 66 00 65
0x00007ff88e6ea6ab:   48 8b 04 25 58 00 00 00 b9 10 00 00 00 48 8b 04
0x00007ff88e6ea6bb:   f0 48 8b 34 01 48 3b 35 a9 e5 bd 00 45 0f 44 f9
0x00007ff88e6ea6cb:   4d 85 f6 0f 84 79 01 00 00 44 8a 6c 24 70 49 8b
0x00007ff88e6ea6db:   de 4d 8d a6 18 05 00 00 4d 8b 34 24 45 84 ed 0f
0x00007ff88e6ea6eb:   85 27 03 00 00 8b 8f d0 01 00 00 48 8b 05 93 f0
0x00007ff88e6ea6fb:   ad 00 83 b8 54 03 00 00 02 75 32 48 8d 93 d0 00
0x00007ff88e6ea70b:   00 00 83 f9 10 0f 83 70 01 00 00 8b c1 48 c1 e0
0x00007ff88e6ea71b:   06 48 03 c2 48 85 c0 0f 85 55 01 00 00 4d 8b c1
0x00007ff88e6ea72b:   4c 3b 86 c8 53 03 00 0f 87 ef 02 00 00 4c 39 8b
0x00007ff88e6ea73b:   70 05 00 00 0f 85 6c dd 66 00 44 8b 9f d0 01 00
0x00007ff88e6ea74b:   00 48 8b 87 e8 01 00 00 4c 8b 10 8b 97 d0 01 00
0x00007ff88e6ea75b:   00 48 8d 8b d0 00 00 00 83 fa 10 0f 83 4b 01 00
0x00007ff88e6ea76b:   00 8b c2 48 c1 e0 06 48 03 c1 48 85 c0 0f 85 6a
0x00007ff88e6ea77b:   01 00 00 49 8b d1 49 3b d2 0f 86 67 01 00 00 48
0x00007ff88e6ea78b:   8b 87 80 02 00 00 49 89 04 24 48 89 9f 80 02 00
0x00007ff88e6ea79b:   00 ff 87 88 02 00 00 48 8b 4b 08 48 8b 01 ba 01
0x00007ff88e6ea7ab:   00 00 00 48 8b 80 d8 02 00 00 ff 15 4d de 79 00
0x00007ff88e6ea7bb:   0f b7 c8 48 2b c1 48 05 00 00 01 00 48 01 87 90
0x00007ff88e6ea7cb:   02 00 00 48 8b 4b 08 48 8b 01 ba 01 00 00 00 48
0x00007ff88e6ea7db:   8b 80 d8 02 00 00 ff 15 21 de 79 00 48 01 87 a0
0x00007ff88e6ea7eb:   02 00 00 eb 3e 48 8b d3 41 8b cb e8 b5 51 e1 ff
0x00007ff88e6ea7fb:   84 c0 75 8b 38 43 1c 0f 84 0f 02 00 00 48 8b 87
0x00007ff88e6ea80b:   00 03 00 00 48 03 87 a0 02 00 00 48 3b 87 a8 02
0x00007ff88e6ea81b:   00 00 0f 83 b6 dc 66 00 48 8b d3 48 8b cf e8 02 


Stack slot to memory mapping:
stack at sp + 0 slots: 0x000002e9dabdc760 points into unknown readable memory: 0xffffffffffffffff | ff ff ff ff ff ff ff ff
stack at sp + 1 slots: 0x0 is NULL
stack at sp + 2 slots: 0x0 is NULL
stack at sp + 3 slots: 0x0 is NULL
stack at sp + 4 slots: 0x000002e9db022138 points into unknown readable memory: 0x0000000000040000 | 00 00 04 00 00 00 00 00
stack at sp + 5 slots: 0x000000000000e682 is an unknown value
stack at sp + 6 slots: 0x0 is NULL
stack at sp + 7 slots: 0x000000000000000d is an unknown value


---------------  P R O C E S S  ---------------

Threads class SMR info:
_java_thread_list=0x000002e9e3fc6e90, length=15, elements={
0x000002e9d9e865e0, 0x000002e9d9e87980, 0x000002e9d9e96f30, 0x000002e9d9e99a40,
0x000002e9d9e9dc00, 0x000002e9d9ea3800, 0x000002e9d9ea9c90, 0x000002e9d9eaa5e0,
0x000002e9d9eaaf30, 0x000002e9da93aa20, 0x000002e9da95db20, 0x000002e9da963ba0,
0x000002e9da9655b0, 0x000002e9da96c870, 0x000002e9b7402580
}

Java Threads: ( => current thread )
  0x000002e9d9e865e0 JavaThread "Reference Handler" daemon [_thread_blocked, id=22508, stack(0x000000fefa000000,0x000000fefa100000)]
  0x000002e9d9e87980 JavaThread "Finalizer" daemon [_thread_blocked, id=20236, stack(0x000000fefa100000,0x000000fefa200000)]
  0x000002e9d9e96f30 JavaThread "Signal Dispatcher" daemon [_thread_blocked, id=2820, stack(0x000000fefa200000,0x000000fefa300000)]
  0x000002e9d9e99a40 JavaThread "Attach Listener" daemon [_thread_blocked, id=20324, stack(0x000000fefa300000,0x000000fefa400000)]
  0x000002e9d9e9dc00 JavaThread "Service Thread" daemon [_thread_blocked, id=740, stack(0x000000fefa400000,0x000000fefa500000)]
  0x000002e9d9ea3800 JavaThread "Monitor Deflation Thread" daemon [_thread_blocked, id=17424, stack(0x000000fefa500000,0x000000fefa600000)]
  0x000002e9d9ea9c90 JavaThread "C2 CompilerThread0" daemon [_thread_blocked, id=12552, stack(0x000000fefa600000,0x000000fefa700000)]
  0x000002e9d9eaa5e0 JavaThread "C1 CompilerThread0" daemon [_thread_blocked, id=21060, stack(0x000000fefa700000,0x000000fefa800000)]
  0x000002e9d9eaaf30 JavaThread "Sweeper thread" daemon [_thread_blocked, id=20832, stack(0x000000fefa800000,0x000000fefa900000)]
=>0x000002e9da93aa20 JavaThread "JDWP Transport Listener: dt_socket" daemon [_thread_in_native, id=2164, stack(0x000000fefa900000,0x000000fefaa00000)]
  0x000002e9da95db20 JavaThread "JDWP Event Helper Thread" daemon [_thread_blocked, id=23972, stack(0x000000fefaa00000,0x000000fefab00000)]
  0x000002e9da963ba0 JavaThread "Notification Thread" daemon [_thread_blocked, id=14688, stack(0x000000fefac00000,0x000000fefad00000)]
  0x000002e9da9655b0 JavaThread "Common-Cleaner" daemon [_thread_blocked, id=21140, stack(0x000000fefae00000,0x000000fefaf00000)]
  0x000002e9da96c870 JavaThread "game thread" [_thread_in_native, id=20336, stack(0x000000fefaf00000,0x000000fefb000000)]
  0x000002e9b7402580 JavaThread "DestroyJavaVM" [_thread_blocked, id=9620, stack(0x000000fef9900000,0x000000fef9a00000)]

Other Threads:
  0x000002e9d9e83360 VMThread "VM Thread" [stack: 0x000000fef9f00000,0x000000fefa000000] [id=15936]
  0x000002e9da9652c0 WatcherThread [stack: 0x000000fefad00000,0x000000fefae00000] [id=17008]
  0x000002e9b7459dd0 GCTaskThread "GC Thread#0" [stack: 0x000000fef9a00000,0x000000fef9b00000] [id=3300]
  0x000002e9daf6daa0 GCTaskThread "GC Thread#1" [stack: 0x000000fefb500000,0x000000fefb600000] [id=15872]
  0x000002e9daf6d170 GCTaskThread "GC Thread#2" [stack: 0x000000fefb600000,0x000000fefb700000] [id=22796]
  0x000002e9daf6e6e0 GCTaskThread "GC Thread#3" [stack: 0x000000fefb700000,0x000000fefb800000] [id=23352]
  0x000002e9daf6e0c0 GCTaskThread "GC Thread#4" [stack: 0x000000fefb800000,0x000000fefb900000] [id=20296]
  0x000002e9daf6d790 GCTaskThread "GC Thread#5" [stack: 0x000000fefb900000,0x000000fefba00000] [id=21668]
  0x000002e9daf6e9f0 GCTaskThread "GC Thread#6" [stack: 0x000000fefba00000,0x000000fefbb00000] [id=17796]
  0x000002e9daf6ce60 GCTaskThread "GC Thread#7" [stack: 0x000000fefbb00000,0x000000fefbc00000] [id=20132]
  0x000002e9b746a9d0 ConcurrentGCThread "G1 Main Marker" [stack: 0x000000fef9b00000,0x000000fef9c00000] [id=21772]
  0x000002e9b746b440 ConcurrentGCThread "G1 Conc#0" [stack: 0x000000fef9c00000,0x000000fef9d00000] [id=22028]
  0x000002e9d9d360e0 ConcurrentGCThread "G1 Refine#0" [stack: 0x000000fef9d00000,0x000000fef9e00000] [id=11752]
  0x000002e9d9d36b60 ConcurrentGCThread "G1 Service" [stack: 0x000000fef9e00000,0x000000fef9f00000] [id=19940]

Threads with active compile tasks:

VM state: not at safepoint (normal execution)

VM Mutex/Monitor currently owned by a thread: None

Heap address: 0x0000000704400000, size: 4028 MB, Compressed Oops mode: Zero based, Oop shift amount: 3

CDS archive(s) mapped at: [0x0000000800000000-0x0000000800bb0000-0x0000000800bb0000), size 12255232, SharedBaseAddress: 0x0000000800000000, ArchiveRelocationMode: 0.
Compressed class space mapped at: 0x0000000800c00000-0x0000000840c00000, reserved size: 1073741824
Narrow klass base: 0x0000000800000000, Narrow klass shift: 3, Narrow klass range: 0x100000000

GC Precious Log:
 CPUs: 8 total, 8 available
 Memory: 16106M
 Large Page Support: Disabled
 NUMA Support: Disabled
 Compressed Oops: Enabled (Zero based)
 Heap Region Size: 2M
 Heap Min Capacity: 8M
 Heap Initial Capacity: 252M
 Heap Max Capacity: 4028M
 Pre-touch: Disabled
 Parallel Workers: 8
 Concurrent Workers: 2
 Concurrent Refinement Workers: 8
 Periodic GC: Disabled

Heap:
 garbage-first heap   total 258048K, used 11771K [0x0000000704400000, 0x0000000800000000)
  region size 2048K, 7 young (14336K), 2 survivors (4096K)
 Metaspace       used 7511K, committed 7616K, reserved 1064960K
  class space    used 334K, committed 384K, reserved 1048576K

Heap Regions: E=young(eden), S=young(survivor), O=old, HS=humongous(starts), HC=humongous(continues), CS=collection set, F=free, OA=open archive, CA=closed archive, TAMS=top-at-mark-start (previous, next)
|   0|0x0000000704400000, 0x0000000704400000, 0x0000000704600000|  0%| F|  |TAMS 0x0000000704400000, 0x0000000704400000| Untracked 
|   1|0x0000000704600000, 0x0000000704600000, 0x0000000704800000|  0%| F|  |TAMS 0x0000000704600000, 0x0000000704600000| Untracked 
|   2|0x0000000704800000, 0x0000000704800000, 0x0000000704a00000|  0%| F|  |TAMS 0x0000000704800000, 0x0000000704800000| Untracked 
|   3|0x0000000704a00000, 0x0000000704a00000, 0x0000000704c00000|  0%| F|  |TAMS 0x0000000704a00000, 0x0000000704a00000| Untracked 
|   4|0x0000000704c00000, 0x0000000704c00000, 0x0000000704e00000|  0%| F|  |TAMS 0x0000000704c00000, 0x0000000704c00000| Untracked 
|   5|0x0000000704e00000, 0x0000000704e00000, 0x0000000705000000|  0%| F|  |TAMS 0x0000000704e00000, 0x0000000704e00000| Untracked 
|   6|0x0000000705000000, 0x0000000705000000, 0x0000000705200000|  0%| F|  |TAMS 0x0000000705000000, 0x0000000705000000| Untracked 
|   7|0x0000000705200000, 0x0000000705200000, 0x0000000705400000|  0%| F|  |TAMS 0x0000000705200000, 0x0000000705200000| Untracked 
|   8|0x0000000705400000, 0x0000000705400000, 0x0000000705600000|  0%| F|  |TAMS 0x0000000705400000, 0x0000000705400000| Untracked 
|   9|0x0000000705600000, 0x0000000705600000, 0x0000000705800000|  0%| F|  |TAMS 0x0000000705600000, 0x0000000705600000| Untracked 
|  10|0x0000000705800000, 0x0000000705800000, 0x0000000705a00000|  0%| F|  |TAMS 0x0000000705800000, 0x0000000705800000| Untracked 
|  11|0x0000000705a00000, 0x0000000705a00000, 0x0000000705c00000|  0%| F|  |TAMS 0x0000000705a00000, 0x0000000705a00000| Untracked 
|  12|0x0000000705c00000, 0x0000000705c00000, 0x0000000705e00000|  0%| F|  |TAMS 0x0000000705c00000, 0x0000000705c00000| Untracked 
|  13|0x0000000705e00000, 0x0000000705e00000, 0x0000000706000000|  0%| F|  |TAMS 0x0000000705e00000, 0x0000000705e00000| Untracked 
|  14|0x0000000706000000, 0x0000000706000000, 0x0000000706200000|  0%| F|  |TAMS 0x0000000706000000, 0x0000000706000000| Untracked 
|  15|0x0000000706200000, 0x0000000706200000, 0x0000000706400000|  0%| F|  |TAMS 0x0000000706200000, 0x0000000706200000| Untracked 
|  16|0x0000000706400000, 0x0000000706400000, 0x0000000706600000|  0%| F|  |TAMS 0x0000000706400000, 0x0000000706400000| Untracked 
|  17|0x0000000706600000, 0x0000000706600000, 0x0000000706800000|  0%| F|  |TAMS 0x0000000706600000, 0x0000000706600000| Untracked 
|  18|0x0000000706800000, 0x0000000706800000, 0x0000000706a00000|  0%| F|  |TAMS 0x0000000706800000, 0x0000000706800000| Untracked 
|  19|0x0000000706a00000, 0x0000000706a00000, 0x0000000706c00000|  0%| F|  |TAMS 0x0000000706a00000, 0x0000000706a00000| Untracked 
|  20|0x0000000706c00000, 0x0000000706c00000, 0x0000000706e00000|  0%| F|  |TAMS 0x0000000706c00000, 0x0000000706c00000| Untracked 
|  21|0x0000000706e00000, 0x0000000706e00000, 0x0000000707000000|  0%| F|  |TAMS 0x0000000706e00000, 0x0000000706e00000| Untracked 
|  22|0x0000000707000000, 0x0000000707000000, 0x0000000707200000|  0%| F|  |TAMS 0x0000000707000000, 0x0000000707000000| Untracked 
|  23|0x0000000707200000, 0x0000000707200000, 0x0000000707400000|  0%| F|  |TAMS 0x0000000707200000, 0x0000000707200000| Untracked 
|  24|0x0000000707400000, 0x0000000707400000, 0x0000000707600000|  0%| F|  |TAMS 0x0000000707400000, 0x0000000707400000| Untracked 
|  25|0x0000000707600000, 0x0000000707600000, 0x0000000707800000|  0%| F|  |TAMS 0x0000000707600000, 0x0000000707600000| Untracked 
|  26|0x0000000707800000, 0x0000000707800000, 0x0000000707a00000|  0%| F|  |TAMS 0x0000000707800000, 0x0000000707800000| Untracked 
|  27|0x0000000707a00000, 0x0000000707a00000, 0x0000000707c00000|  0%| F|  |TAMS 0x0000000707a00000, 0x0000000707a00000| Untracked 
|  28|0x0000000707c00000, 0x0000000707c00000, 0x0000000707e00000|  0%| F|  |TAMS 0x0000000707c00000, 0x0000000707c00000| Untracked 
|  29|0x0000000707e00000, 0x0000000707e00000, 0x0000000708000000|  0%| F|  |TAMS 0x0000000707e00000, 0x0000000707e00000| Untracked 
|  30|0x0000000708000000, 0x0000000708000000, 0x0000000708200000|  0%| F|  |TAMS 0x0000000708000000, 0x0000000708000000| Untracked 
|  31|0x0000000708200000, 0x0000000708200000, 0x0000000708400000|  0%| F|  |TAMS 0x0000000708200000, 0x0000000708200000| Untracked 
|  32|0x0000000708400000, 0x0000000708400000, 0x0000000708600000|  0%| F|  |TAMS 0x0000000708400000, 0x0000000708400000| Untracked 
|  33|0x0000000708600000, 0x0000000708600000, 0x0000000708800000|  0%| F|  |TAMS 0x0000000708600000, 0x0000000708600000| Untracked 
|  34|0x0000000708800000, 0x0000000708800000, 0x0000000708a00000|  0%| F|  |TAMS 0x0000000708800000, 0x0000000708800000| Untracked 
|  35|0x0000000708a00000, 0x0000000708a00000, 0x0000000708c00000|  0%| F|  |TAMS 0x0000000708a00000, 0x0000000708a00000| Untracked 
|  36|0x0000000708c00000, 0x0000000708c00000, 0x0000000708e00000|  0%| F|  |TAMS 0x0000000708c00000, 0x0000000708c00000| Untracked 
|  37|0x0000000708e00000, 0x0000000708e00000, 0x0000000709000000|  0%| F|  |TAMS 0x0000000708e00000, 0x0000000708e00000| Untracked 
|  38|0x0000000709000000, 0x0000000709000000, 0x0000000709200000|  0%| F|  |TAMS 0x0000000709000000, 0x0000000709000000| Untracked 
|  39|0x0000000709200000, 0x0000000709200000, 0x0000000709400000|  0%| F|  |TAMS 0x0000000709200000, 0x0000000709200000| Untracked 
|  40|0x0000000709400000, 0x0000000709400000, 0x0000000709600000|  0%| F|  |TAMS 0x0000000709400000, 0x0000000709400000| Untracked 
|  41|0x0000000709600000, 0x0000000709600000, 0x0000000709800000|  0%| F|  |TAMS 0x0000000709600000, 0x0000000709600000| Untracked 
|  42|0x0000000709800000, 0x0000000709800000, 0x0000000709a00000|  0%| F|  |TAMS 0x0000000709800000, 0x0000000709800000| Untracked 
|  43|0x0000000709a00000, 0x0000000709a00000, 0x0000000709c00000|  0%| F|  |TAMS 0x0000000709a00000, 0x0000000709a00000| Untracked 
|  44|0x0000000709c00000, 0x0000000709c00000, 0x0000000709e00000|  0%| F|  |TAMS 0x0000000709c00000, 0x0000000709c00000| Untracked 
|  45|0x0000000709e00000, 0x0000000709e00000, 0x000000070a000000|  0%| F|  |TAMS 0x0000000709e00000, 0x0000000709e00000| Untracked 
|  46|0x000000070a000000, 0x000000070a000000, 0x000000070a200000|  0%| F|  |TAMS 0x000000070a000000, 0x000000070a000000| Untracked 
|  47|0x000000070a200000, 0x000000070a200000, 0x000000070a400000|  0%| F|  |TAMS 0x000000070a200000, 0x000000070a200000| Untracked 
|  48|0x000000070a400000, 0x000000070a400000, 0x000000070a600000|  0%| F|  |TAMS 0x000000070a400000, 0x000000070a400000| Untracked 
|  49|0x000000070a600000, 0x000000070a600000, 0x000000070a800000|  0%| F|  |TAMS 0x000000070a600000, 0x000000070a600000| Untracked 
|  50|0x000000070a800000, 0x000000070a800000, 0x000000070aa00000|  0%| F|  |TAMS 0x000000070a800000, 0x000000070a800000| Untracked 
|  51|0x000000070aa00000, 0x000000070aa00000, 0x000000070ac00000|  0%| F|  |TAMS 0x000000070aa00000, 0x000000070aa00000| Untracked 
|  52|0x000000070ac00000, 0x000000070ac00000, 0x000000070ae00000|  0%| F|  |TAMS 0x000000070ac00000, 0x000000070ac00000| Untracked 
|  53|0x000000070ae00000, 0x000000070ae00000, 0x000000070b000000|  0%| F|  |TAMS 0x000000070ae00000, 0x000000070ae00000| Untracked 
|  54|0x000000070b000000, 0x000000070b000000, 0x000000070b200000|  0%| F|  |TAMS 0x000000070b000000, 0x000000070b000000| Untracked 
|  55|0x000000070b200000, 0x000000070b200000, 0x000000070b400000|  0%| F|  |TAMS 0x000000070b200000, 0x000000070b200000| Untracked 
|  56|0x000000070b400000, 0x000000070b400000, 0x000000070b600000|  0%| F|  |TAMS 0x000000070b400000, 0x000000070b400000| Untracked 
|  57|0x000000070b600000, 0x000000070b600000, 0x000000070b800000|  0%| F|  |TAMS 0x000000070b600000, 0x000000070b600000| Untracked 
|  58|0x000000070b800000, 0x000000070b800000, 0x000000070ba00000|  0%| F|  |TAMS 0x000000070b800000, 0x000000070b800000| Untracked 
|  59|0x000000070ba00000, 0x000000070ba00000, 0x000000070bc00000|  0%| F|  |TAMS 0x000000070ba00000, 0x000000070ba00000| Untracked 
|  60|0x000000070bc00000, 0x000000070bc00000, 0x000000070be00000|  0%| F|  |TAMS 0x000000070bc00000, 0x000000070bc00000| Untracked 
|  61|0x000000070be00000, 0x000000070be00000, 0x000000070c000000|  0%| F|  |TAMS 0x000000070be00000, 0x000000070be00000| Untracked 
|  62|0x000000070c000000, 0x000000070c000000, 0x000000070c200000|  0%| F|  |TAMS 0x000000070c000000, 0x000000070c000000| Untracked 
|  63|0x000000070c200000, 0x000000070c200000, 0x000000070c400000|  0%| F|  |TAMS 0x000000070c200000, 0x000000070c200000| Untracked 
|  64|0x000000070c400000, 0x000000070c400000, 0x000000070c600000|  0%| F|  |TAMS 0x000000070c400000, 0x000000070c400000| Untracked 
|  65|0x000000070c600000, 0x000000070c600000, 0x000000070c800000|  0%| F|  |TAMS 0x000000070c600000, 0x000000070c600000| Untracked 
|  66|0x000000070c800000, 0x000000070c800000, 0x000000070ca00000|  0%| F|  |TAMS 0x000000070c800000, 0x000000070c800000| Untracked 
|  67|0x000000070ca00000, 0x000000070ca00000, 0x000000070cc00000|  0%| F|  |TAMS 0x000000070ca00000, 0x000000070ca00000| Untracked 
|  68|0x000000070cc00000, 0x000000070cc00000, 0x000000070ce00000|  0%| F|  |TAMS 0x000000070cc00000, 0x000000070cc00000| Untracked 
|  69|0x000000070ce00000, 0x000000070ce00000, 0x000000070d000000|  0%| F|  |TAMS 0x000000070ce00000, 0x000000070ce00000| Untracked 
|  70|0x000000070d000000, 0x000000070d000000, 0x000000070d200000|  0%| F|  |TAMS 0x000000070d000000, 0x000000070d000000| Untracked 
|  71|0x000000070d200000, 0x000000070d200000, 0x000000070d400000|  0%| F|  |TAMS 0x000000070d200000, 0x000000070d200000| Untracked 
|  72|0x000000070d400000, 0x000000070d400000, 0x000000070d600000|  0%| F|  |TAMS 0x000000070d400000, 0x000000070d400000| Untracked 
|  73|0x000000070d600000, 0x000000070d600000, 0x000000070d800000|  0%| F|  |TAMS 0x000000070d600000, 0x000000070d600000| Untracked 
|  74|0x000000070d800000, 0x000000070d800000, 0x000000070da00000|  0%| F|  |TAMS 0x000000070d800000, 0x000000070d800000| Untracked 
|  75|0x000000070da00000, 0x000000070da00000, 0x000000070dc00000|  0%| F|  |TAMS 0x000000070da00000, 0x000000070da00000| Untracked 
|  76|0x000000070dc00000, 0x000000070dc00000, 0x000000070de00000|  0%| F|  |TAMS 0x000000070dc00000, 0x000000070dc00000| Untracked 
|  77|0x000000070de00000, 0x000000070de00000, 0x000000070e000000|  0%| F|  |TAMS 0x000000070de00000, 0x000000070de00000| Untracked 
|  78|0x000000070e000000, 0x000000070e000000, 0x000000070e200000|  0%| F|  |TAMS 0x000000070e000000, 0x000000070e000000| Untracked 
|  79|0x000000070e200000, 0x000000070e200000, 0x000000070e400000|  0%| F|  |TAMS 0x000000070e200000, 0x000000070e200000| Untracked 
|  80|0x000000070e400000, 0x000000070e400000, 0x000000070e600000|  0%| F|  |TAMS 0x000000070e400000, 0x000000070e400000| Untracked 
|  81|0x000000070e600000, 0x000000070e600000, 0x000000070e800000|  0%| F|  |TAMS 0x000000070e600000, 0x000000070e600000| Untracked 
|  82|0x000000070e800000, 0x000000070e800000, 0x000000070ea00000|  0%| F|  |TAMS 0x000000070e800000, 0x000000070e800000| Untracked 
|  83|0x000000070ea00000, 0x000000070ea00000, 0x000000070ec00000|  0%| F|  |TAMS 0x000000070ea00000, 0x000000070ea00000| Untracked 
|  84|0x000000070ec00000, 0x000000070ec00000, 0x000000070ee00000|  0%| F|  |TAMS 0x000000070ec00000, 0x000000070ec00000| Untracked 
|  85|0x000000070ee00000, 0x000000070ee00000, 0x000000070f000000|  0%| F|  |TAMS 0x000000070ee00000, 0x000000070ee00000| Untracked 
|  86|0x000000070f000000, 0x000000070f000000, 0x000000070f200000|  0%| F|  |TAMS 0x000000070f000000, 0x000000070f000000| Untracked 
|  87|0x000000070f200000, 0x000000070f200000, 0x000000070f400000|  0%| F|  |TAMS 0x000000070f200000, 0x000000070f200000| Untracked 
|  88|0x000000070f400000, 0x000000070f400000, 0x000000070f600000|  0%| F|  |TAMS 0x000000070f400000, 0x000000070f400000| Untracked 
|  89|0x000000070f600000, 0x000000070f600000, 0x000000070f800000|  0%| F|  |TAMS 0x000000070f600000, 0x000000070f600000| Untracked 
|  90|0x000000070f800000, 0x000000070f800000, 0x000000070fa00000|  0%| F|  |TAMS 0x000000070f800000, 0x000000070f800000| Untracked 
|  91|0x000000070fa00000, 0x000000070fa00000, 0x000000070fc00000|  0%| F|  |TAMS 0x000000070fa00000, 0x000000070fa00000| Untracked 
|  92|0x000000070fc00000, 0x000000070fc00000, 0x000000070fe00000|  0%| F|  |TAMS 0x000000070fc00000, 0x000000070fc00000| Untracked 
|  93|0x000000070fe00000, 0x000000070fe00000, 0x0000000710000000|  0%| F|  |TAMS 0x000000070fe00000, 0x000000070fe00000| Untracked 
|  94|0x0000000710000000, 0x0000000710000000, 0x0000000710200000|  0%| F|  |TAMS 0x0000000710000000, 0x0000000710000000| Untracked 
|  95|0x0000000710200000, 0x0000000710200000, 0x0000000710400000|  0%| F|  |TAMS 0x0000000710200000, 0x0000000710200000| Untracked 
|  96|0x0000000710400000, 0x0000000710400000, 0x0000000710600000|  0%| F|  |TAMS 0x0000000710400000, 0x0000000710400000| Untracked 
|  97|0x0000000710600000, 0x0000000710600000, 0x0000000710800000|  0%| F|  |TAMS 0x0000000710600000, 0x0000000710600000| Untracked 
|  98|0x0000000710800000, 0x0000000710800000, 0x0000000710a00000|  0%| F|  |TAMS 0x0000000710800000, 0x0000000710800000| Untracked 
|  99|0x0000000710a00000, 0x0000000710a00000, 0x0000000710c00000|  0%| F|  |TAMS 0x0000000710a00000, 0x0000000710a00000| Untracked 
| 100|0x0000000710c00000, 0x0000000710c00000, 0x0000000710e00000|  0%| F|  |TAMS 0x0000000710c00000, 0x0000000710c00000| Untracked 
| 101|0x0000000710e00000, 0x0000000710e00000, 0x0000000711000000|  0%| F|  |TAMS 0x0000000710e00000, 0x0000000710e00000| Untracked 
| 102|0x0000000711000000, 0x0000000711000000, 0x0000000711200000|  0%| F|  |TAMS 0x0000000711000000, 0x0000000711000000| Untracked 
| 103|0x0000000711200000, 0x0000000711200000, 0x0000000711400000|  0%| F|  |TAMS 0x0000000711200000, 0x0000000711200000| Untracked 
| 104|0x0000000711400000, 0x0000000711400000, 0x0000000711600000|  0%| F|  |TAMS 0x0000000711400000, 0x0000000711400000| Untracked 
| 105|0x0000000711600000, 0x0000000711600000, 0x0000000711800000|  0%| F|  |TAMS 0x0000000711600000, 0x0000000711600000| Untracked 
| 106|0x0000000711800000, 0x0000000711800000, 0x0000000711a00000|  0%| F|  |TAMS 0x0000000711800000, 0x0000000711800000| Untracked 
| 107|0x0000000711a00000, 0x0000000711a00000, 0x0000000711c00000|  0%| F|  |TAMS 0x0000000711a00000, 0x0000000711a00000| Untracked 
| 108|0x0000000711c00000, 0x0000000711c00000, 0x0000000711e00000|  0%| F|  |TAMS 0x0000000711c00000, 0x0000000711c00000| Untracked 
| 109|0x0000000711e00000, 0x0000000711e00000, 0x0000000712000000|  0%| F|  |TAMS 0x0000000711e00000, 0x0000000711e00000| Untracked 
| 110|0x0000000712000000, 0x0000000712000000, 0x0000000712200000|  0%| F|  |TAMS 0x0000000712000000, 0x0000000712000000| Untracked 
| 111|0x0000000712200000, 0x0000000712200000, 0x0000000712400000|  0%| F|  |TAMS 0x0000000712200000, 0x0000000712200000| Untracked 
| 112|0x0000000712400000, 0x0000000712400000, 0x0000000712600000|  0%| F|  |TAMS 0x0000000712400000, 0x0000000712400000| Untracked 
| 113|0x0000000712600000, 0x000000071277ec10, 0x0000000712800000| 74%| S|CS|TAMS 0x0000000712600000, 0x0000000712600000| Complete 
| 114|0x0000000712800000, 0x0000000712a00000, 0x0000000712a00000|100%| S|CS|TAMS 0x0000000712800000, 0x0000000712800000| Complete 
| 115|0x0000000712a00000, 0x0000000712a00000, 0x0000000712c00000|  0%| F|  |TAMS 0x0000000712a00000, 0x0000000712a00000| Untracked 
| 116|0x0000000712c00000, 0x0000000712c00000, 0x0000000712e00000|  0%| F|  |TAMS 0x0000000712c00000, 0x0000000712c00000| Untracked 
| 117|0x0000000712e00000, 0x0000000712e00000, 0x0000000713000000|  0%| F|  |TAMS 0x0000000712e00000, 0x0000000712e00000| Untracked 
| 118|0x0000000713000000, 0x0000000713000000, 0x0000000713200000|  0%| F|  |TAMS 0x0000000713000000, 0x0000000713000000| Untracked 
| 119|0x0000000713200000, 0x0000000713200000, 0x0000000713400000|  0%| F|  |TAMS 0x0000000713200000, 0x0000000713200000| Untracked 
| 120|0x0000000713400000, 0x0000000713400000, 0x0000000713600000|  0%| F|  |TAMS 0x0000000713400000, 0x0000000713400000| Untracked 
| 121|0x0000000713600000, 0x00000007136a64c8, 0x0000000713800000| 32%| E|  |TAMS 0x0000000713600000, 0x0000000713600000| Complete 
| 122|0x0000000713800000, 0x0000000713a00000, 0x0000000713a00000|100%| E|CS|TAMS 0x0000000713800000, 0x0000000713800000| Complete 
| 123|0x0000000713a00000, 0x0000000713c00000, 0x0000000713c00000|100%| E|CS|TAMS 0x0000000713a00000, 0x0000000713a00000| Complete 
| 124|0x0000000713c00000, 0x0000000713e00000, 0x0000000713e00000|100%| E|CS|TAMS 0x0000000713c00000, 0x0000000713c00000| Complete 
| 125|0x0000000713e00000, 0x0000000714000000, 0x0000000714000000|100%| E|CS|TAMS 0x0000000713e00000, 0x0000000713e00000| Complete 

Card table byte_map: [0x000002e9ce690000,0x000002e9cee70000] _byte_map_base: 0x000002e9cae6e000

Marking Bits (Prev, Next): (CMBitMap*) 0x000002e9b745a440, (CMBitMap*) 0x000002e9b745a480
 Prev Bits: [0x000002e9cf650000, 0x000002e9d3540000)
 Next Bits: [0x000002e9d3540000, 0x000002e9d7430000)

Polling page: 0x000002e9b6be0000

Metaspace:

Usage:
  Non-class:      7.01 MB used.
      Class:    334.07 KB used.
       Both:      7.34 MB used.

Virtual space:
  Non-class space:       16.00 MB reserved,       7.06 MB ( 44%) committed,  2 nodes.
      Class space:        1.00 GB reserved,     384.00 KB ( <1%) committed,  1 nodes.
              Both:        1.02 GB reserved,       7.44 MB ( <1%) committed. 

Chunk freelists:
   Non-Class:  2.58 MB
       Class:  3.52 MB
        Both:  6.09 MB

MaxMetaspaceSize: 17179869184.00 GB
CompressedClassSpaceSize: 1.00 GB
 - commit_granule_bytes: 65536.
 - commit_granule_words: 8192.
 - virtual_space_node_default_size: 1048576.
 - enlarge_chunks_in_place: 1.
 - new_chunks_are_fully_committed: 0.
 - uncommit_free_chunks: 1.
 - use_allocation_guard: 0.
 - handle_deallocations: 1.


Internal statistics:

num_allocs_failed_limit: 0.
num_arena_births: 44.
num_arena_deaths: 0.
num_vsnodes_births: 3.
num_vsnodes_deaths: 0.
num_space_committed: 117.
num_space_uncommitted: 0.
num_chunks_returned_to_freelist: 0.
num_chunks_taken_from_freelist: 251.
num_chunk_merges: 0.
num_chunk_splits: 199.
num_chunks_enlarged: 176.
num_purges: 0.

CodeHeap 'non-profiled nmethods': size=120000Kb used=508Kb max_used=508Kb free=119491Kb
 bounds [0x000002e9c6650000, 0x000002e9c68c0000, 0x000002e9cdb80000]
CodeHeap 'profiled nmethods': size=120000Kb used=1737Kb max_used=1737Kb free=118262Kb
 bounds [0x000002e9bf120000, 0x000002e9bf390000, 0x000002e9c6650000]
CodeHeap 'non-nmethods': size=5760Kb used=1721Kb max_used=1748Kb free=4039Kb
 bounds [0x000002e9beb80000, 0x000002e9bedf0000, 0x000002e9bf120000]
 total_blobs=2169 nmethods=1096 adapters=986
 compilation: enabled
              stopped_count=0, restarted_count=0
 full_count=0

Compilation events (20 events):
Event: 12.704 Thread 0x000002e9d9ea9c90 1085   !   4       java.nio.Bits::reserveMemory (232 bytes)
Event: 12.705 Thread 0x000002e9d9ea9c90 nmethod 1085 0x000002e9c66c1e90 code [0x000002e9c66c2020, 0x000002e9c66c2158]
Event: 12.871 Thread 0x000002e9d9ea9c90 1086       4       jdk.internal.misc.Unsafe::setMemory (29 bytes)
Event: 12.874 Thread 0x000002e9d9ea9c90 nmethod 1086 0x000002e9c66c2290 code [0x000002e9c66c2440, 0x000002e9c66c26c8]
Event: 13.021 Thread 0x000002e9d9ea9c90 1087       4       com.shich.game.render.Renderer::render (55 bytes)
Event: 13.061 Thread 0x000002e9d9ea9c90 nmethod 1087 0x000002e9c66c2a10 code [0x000002e9c66c2dc0, 0x000002e9c66c5338]
Event: 13.238 Thread 0x000002e9d9ea9c90 1088       4       org.lwjgl.system.Checks::check (16 bytes)
Event: 13.238 Thread 0x000002e9d9ea9c90 nmethod 1088 0x000002e9c66c7490 code [0x000002e9c66c7600, 0x000002e9c66c7698]
Event: 13.555 Thread 0x000002e9d9ea9c90 1089       4       org.joml.Vector3f::div (36 bytes)
Event: 13.555 Thread 0x000002e9d9ea9c90 nmethod 1089 0x000002e9c66c7790 code [0x000002e9c66c7940, 0x000002e9c66c7a38]
Event: 14.821 Thread 0x000002e9d9ea9c90 1090  s    4       java.util.Hashtable::get (69 bytes)
Event: 14.823 Thread 0x000002e9d9ea9c90 nmethod 1090 0x000002e9c66c7b10 code [0x000002e9c66c7cc0, 0x000002e9c66c8118]
Event: 15.287 Thread 0x000002e9d9eaa5e0 1091       3       org.lwjgl.system.dyncall.DynCallback::dcbArgDouble (16 bytes)
Event: 15.288 Thread 0x000002e9d9eaa5e0 nmethod 1091 0x000002e9bf2d1710 code [0x000002e9bf2d18e0, 0x000002e9bf2d1b78]
Event: 15.821 Thread 0x000002e9d9eaa5e0 1093       3       org.lwjgl.system.dyncall.DynCallback::dcbArgPointer (16 bytes)
Event: 15.821 Thread 0x000002e9d9eaa5e0 nmethod 1093 0x000002e9bf2d1c90 code [0x000002e9bf2d1e60, 0x000002e9bf2d20f8]
Event: 17.771 Thread 0x000002e9d9ea9c90 1095       4       com.shich.game.entities.Mob::collideWithLayer (262 bytes)
Event: 17.825 Thread 0x000002e9d9ea9c90 nmethod 1095 0x000002e9c66c8c10 code [0x000002e9c66c8f60, 0x000002e9c66cc7d0]
Event: 20.306 Thread 0x000002e9d9eaa5e0 1096       3       java.lang.StringBuilder::append (8 bytes)
Event: 20.307 Thread 0x000002e9d9eaa5e0 nmethod 1096 0x000002e9bf2d2210 code [0x000002e9bf2d23c0, 0x000002e9bf2d2508]

GC Heap History (2 events):
Event: 8.054 GC heap before
{Heap before GC invocations=0 (full 0):
 garbage-first heap   total 258048K, used 22528K [0x0000000704400000, 0x0000000800000000)
  region size 2048K, 11 young (22528K), 0 survivors (0K)
 Metaspace       used 7483K, committed 7616K, reserved 1064960K
  class space    used 334K, committed 384K, reserved 1048576K
}
Event: 8.059 GC heap after
{Heap after GC invocations=1 (full 0):
 garbage-first heap   total 258048K, used 3579K [0x0000000704400000, 0x0000000800000000)
  region size 2048K, 2 young (4096K), 2 survivors (4096K)
 Metaspace       used 7483K, committed 7616K, reserved 1064960K
  class space    used 334K, committed 384K, reserved 1048576K
}

Deoptimization events (20 events):
Event: 2.988 Thread 0x000002e9da96c870 Uncommon trap: trap_request=0xffffff54 fr.pc=0x000002e9c669a184 relative=0x0000000000000064
Event: 2.988 Thread 0x000002e9da96c870 Uncommon trap: reason=speculate_null_assert action=make_not_entrant pc=0x000002e9c669a184 method=sun.misc.Unsafe.getLong(Ljava/lang/Object;J)J @ 5 c2
Event: 2.989 Thread 0x000002e9da96c870 DEOPT PACKING pc=0x000002e9c669a184 sp=0x000000fefafff030
Event: 2.989 Thread 0x000002e9da96c870 DEOPT UNPACKING pc=0x000002e9bebcf92e sp=0x000000fefaffefc8 mode 2
Event: 3.615 Thread 0x000002e9da96c870 Uncommon trap: trap_request=0xffffff45 fr.pc=0x000002e9c66746c0 relative=0x0000000000000600
Event: 3.615 Thread 0x000002e9da96c870 Uncommon trap: reason=unstable_if action=reinterpret pc=0x000002e9c66746c0 method=java.lang.AbstractStringBuilder.putStringAt(ILjava/lang/String;II)V @ 8 c2
Event: 3.615 Thread 0x000002e9da96c870 DEOPT PACKING pc=0x000002e9c66746c0 sp=0x000000fefaffee10
Event: 3.615 Thread 0x000002e9da96c870 DEOPT UNPACKING pc=0x000002e9bebcf92e sp=0x000000fefaffecd8 mode 2
Event: 3.615 Thread 0x000002e9da96c870 Uncommon trap: trap_request=0xffffff45 fr.pc=0x000002e9c6679da8 relative=0x00000000000005e8
Event: 3.615 Thread 0x000002e9da96c870 Uncommon trap: reason=unstable_if action=reinterpret pc=0x000002e9c6679da8 method=java.lang.AbstractStringBuilder.putStringAt(ILjava/lang/String;II)V @ 8 c2
Event: 3.615 Thread 0x000002e9da96c870 DEOPT PACKING pc=0x000002e9c6679da8 sp=0x000000fefaffedc0
Event: 3.615 Thread 0x000002e9da96c870 DEOPT UNPACKING pc=0x000002e9bebcf92e sp=0x000000fefaffece0 mode 2
Event: 3.615 Thread 0x000002e9da96c870 Uncommon trap: trap_request=0xffffff45 fr.pc=0x000002e9c665e200 relative=0x0000000000000060
Event: 3.615 Thread 0x000002e9da96c870 Uncommon trap: reason=unstable_if action=reinterpret pc=0x000002e9c665e200 method=java.lang.AbstractStringBuilder.isLatin1()Z @ 10 c2
Event: 3.615 Thread 0x000002e9da96c870 DEOPT PACKING pc=0x000002e9c665e200 sp=0x000000fefaffec70
Event: 3.615 Thread 0x000002e9da96c870 DEOPT UNPACKING pc=0x000002e9bebcf92e sp=0x000000fefaffec10 mode 2
Event: 4.889 Thread 0x000002e9da96c870 DEOPT PACKING pc=0x000002e9bf2a453c sp=0x000000fefafff1d0
Event: 4.889 Thread 0x000002e9da96c870 DEOPT UNPACKING pc=0x000002e9bebce77e sp=0x000000fefaffe6f8 mode 0
Event: 7.037 Thread 0x000002e9da96c870 DEOPT PACKING pc=0x000002e9bf2a5705 sp=0x000000fefafff3d0
Event: 7.037 Thread 0x000002e9da96c870 DEOPT UNPACKING pc=0x000002e9bebce77e sp=0x000000fefaffe860 mode 0

Classes unloaded (0 events):
No events

Classes redefined (0 events):
No events

Internal exceptions (17 events):
Event: 0.414 Thread 0x000002e9da96c870 Exception <a 'java/lang/NoSuchMethodError'{0x0000000713dda6e0}: 'java.lang.Object java.lang.invoke.DirectMethodHandle$Holder.invokeStatic(java.lang.Object)'> (0x0000000713dda6e0) 
thrown [t:\workspace\open\src\hotspot\share\interpreter\linkResolver.cpp, line 790]
Event: 0.416 Thread 0x000002e9da96c870 Exception <a 'java/lang/NoSuchMethodError'{0x0000000713dddf10}: 'java.lang.Object java.lang.invoke.DirectMethodHandle$Holder.invokeStaticInit(java.lang.Object)'> (0x0000000713dddf10) 
thrown [t:\workspace\open\src\hotspot\share\interpreter\linkResolver.cpp, line 790]
Event: 0.457 Thread 0x000002e9da96c870 Exception <a 'java/lang/NoSuchMethodError'{0x0000000713a2fdb8}: 'void java.lang.invoke.DirectMethodHandle$Holder.invokeStatic(java.lang.Object, java.lang.Object)'> (0x0000000713a2fdb8) 
thrown [t:\workspace\open\src\hotspot\share\interpreter\linkResolver.cpp, line 790]
Event: 0.461 Thread 0x000002e9da96c870 Exception <a 'java/lang/NoSuchMethodError'{0x0000000713a35720}: 'void java.lang.invoke.DirectMethodHandle$Holder.invokeSpecial(java.lang.Object, java.lang.Object, java.lang.Object)'> (0x0000000713a35720) 
thrown [t:\workspace\open\src\hotspot\share\interpreter\linkResolver.cpp, line 790]
Event: 0.470 Thread 0x000002e9da96c870 Exception <a 'java/lang/NoSuchMethodError'{0x0000000713a4a340}: 'java.lang.Object java.lang.invoke.DirectMethodHandle$Holder.invokeStatic(java.lang.Object, java.lang.Object, int)'> (0x0000000713a4a340) 
thrown [t:\workspace\open\src\hotspot\share\interpreter\linkResolver.cpp, line 790]
Event: 0.474 Thread 0x000002e9da96c870 Exception <a 'java/lang/NoSuchMethodError'{0x0000000713a564e8}: 'void java.lang.invoke.DelegatingMethodHandle$Holder.delegate(java.lang.Object, java.lang.Object, int, java.lang.Object)'> (0x0000000713a564e8) 
thrown [t:\workspace\open\src\hotspot\share\interpreter\linkResolver.cpp, line 790]
Event: 0.475 Thread 0x000002e9da96c870 Exception <a 'java/lang/NoSuchMethodError'{0x0000000713a5a840}: 'int java.lang.invoke.DirectMethodHandle$Holder.invokeSpecial(java.lang.Object, java.lang.Object, java.lang.Object)'> (0x0000000713a5a840) 
thrown [t:\workspace\open\src\hotspot\share\interpreter\linkResolver.cpp, line 790]
Event: 0.569 Thread 0x000002e9da96c870 Exception <a 'sun/nio/fs/WindowsException'{0x0000000713ada470}> (0x0000000713ada470) 
thrown [t:\workspace\open\src\hotspot\share\prims\jni.cpp, line 579]
Event: 0.570 Thread 0x000002e9da96c870 Exception <a 'sun/nio/fs/WindowsException'{0x0000000713ada9c8}> (0x0000000713ada9c8) 
thrown [t:\workspace\open\src\hotspot\share\prims\jni.cpp, line 579]
Event: 0.686 Thread 0x000002e9da96c870 Exception <a 'sun/nio/fs/WindowsException'{0x0000000713885cd0}> (0x0000000713885cd0) 
thrown [t:\workspace\open\src\hotspot\share\prims\jni.cpp, line 579]
Event: 0.686 Thread 0x000002e9da96c870 Exception <a 'sun/nio/fs/WindowsException'{0x0000000713886040}> (0x0000000713886040) 
thrown [t:\workspace\open\src\hotspot\share\prims\jni.cpp, line 579]
Event: 1.077 Thread 0x000002e9da96c870 Exception <a 'sun/nio/fs/WindowsException'{0x0000000713926920}> (0x0000000713926920) 
thrown [t:\workspace\open\src\hotspot\share\prims\jni.cpp, line 579]
Event: 1.077 Thread 0x000002e9da96c870 Exception <a 'sun/nio/fs/WindowsException'{0x0000000713926cd0}> (0x0000000713926cd0) 
thrown [t:\workspace\open\src\hotspot\share\prims\jni.cpp, line 579]
Event: 1.090 Thread 0x000002e9da96c870 Exception <a 'sun/nio/fs/WindowsException'{0x0000000713936a98}> (0x0000000713936a98) 
thrown [t:\workspace\open\src\hotspot\share\prims\jni.cpp, line 579]
Event: 1.090 Thread 0x000002e9da96c870 Exception <a 'sun/nio/fs/WindowsException'{0x0000000713936d80}> (0x0000000713936d80) 
thrown [t:\workspace\open\src\hotspot\share\prims\jni.cpp, line 579]
Event: 1.827 Thread 0x000002e9da96c870 Exception <a 'sun/nio/fs/WindowsException'{0x0000000712e26778}> (0x0000000712e26778) 
thrown [t:\workspace\open\src\hotspot\share\prims\jni.cpp, line 579]
Event: 1.827 Thread 0x000002e9da96c870 Exception <a 'sun/nio/fs/WindowsException'{0x0000000712e26b00}> (0x0000000712e26b00) 
thrown [t:\workspace\open\src\hotspot\share\prims\jni.cpp, line 579]

Events (20 events):
Event: 3.622 loading class java/util/ComparableTimSort done
Event: 4.141 Executing  VM operation: Cleanup
Event: 4.142 Executing  VM operation: Cleanup done
Event: 5.149 Executing  VM operation: Cleanup
Event: 5.149 Executing  VM operation: Cleanup done
Event: 6.149 Executing  VM operation: Cleanup
Event: 6.149 Executing  VM operation: Cleanup done
Event: 7.164 Executing  VM operation: Cleanup
Event: 7.164 Executing  VM operation: Cleanup done
Event: 8.054 Executing  VM operation: G1CollectForAllocation
Event: 8.059 Executing  VM operation: G1CollectForAllocation done
Event: 9.066 Executing  VM operation: Cleanup
Event: 9.066 Executing  VM operation: Cleanup done
Event: 12.084 Executing  VM operation: Cleanup
Event: 12.084 Executing  VM operation: Cleanup done
Event: 13.099 Executing  VM operation: Cleanup
Event: 13.099 Executing  VM operation: Cleanup done
Event: 15.129 Executing  VM operation: Cleanup
Event: 15.129 Executing  VM operation: Cleanup done
Event: 21.427 Thread 0x000002e9da95e3f0 Thread exited: 0x000002e9da95e3f0


Dynamic libraries:
0x00007ff698b30000 - 0x00007ff698b40000 	C:\Program Files\Java\jdk-16.0.1\bin\java.exe
0x00007ff931c30000 - 0x00007ff931e25000 	C:\Windows\SYSTEM32\ntdll.dll
0x00007ff9315f0000 - 0x00007ff9316ad000 	C:\Windows\System32\KERNEL32.DLL
0x00007ff92f4b0000 - 0x00007ff92f778000 	C:\Windows\System32\KERNELBASE.dll
0x00007ff92f780000 - 0x00007ff92f880000 	C:\Windows\System32\ucrtbase.dll
0x00007ff907fc0000 - 0x00007ff907fd8000 	C:\Program Files\Java\jdk-16.0.1\bin\jli.dll
0x00007ff92fc90000 - 0x00007ff92fd3c000 	C:\Windows\System32\ADVAPI32.dll
0x00007ff930b70000 - 0x00007ff930c0e000 	C:\Windows\System32\msvcrt.dll
0x00007ff9300f0000 - 0x00007ff93018b000 	C:\Windows\System32\sechost.dll
0x00007ff92fd50000 - 0x00007ff92fe7b000 	C:\Windows\System32\RPCRT4.dll
0x00007ff931240000 - 0x00007ff9313e0000 	C:\Windows\System32\USER32.dll
0x00007ff92fc60000 - 0x00007ff92fc82000 	C:\Windows\System32\win32u.dll
0x00007ff9300c0000 - 0x00007ff9300ea000 	C:\Windows\System32\GDI32.dll
0x00007ff92f9f0000 - 0x00007ff92fafb000 	C:\Windows\System32\gdi32full.dll
0x00007ff92f900000 - 0x00007ff92f99d000 	C:\Windows\System32\msvcp_win.dll
0x00007ff900cd0000 - 0x00007ff900ce9000 	C:\Program Files\Java\jdk-16.0.1\bin\VCRUNTIME140.dll
0x00007ff90e360000 - 0x00007ff90e5fa000 	C:\Windows\WinSxS\amd64_microsoft.windows.common-controls_6595b64144ccf1df_6.0.19041.844_none_ca00b6081b84eb1d\COMCTL32.dll
0x00007ff9286f0000 - 0x00007ff9286fa000 	C:\Windows\SYSTEM32\VERSION.dll
0x00007ff930970000 - 0x00007ff9309a0000 	C:\Windows\System32\IMM32.DLL
0x00007ff90c3f0000 - 0x00007ff90c3fc000 	C:\Program Files\Java\jdk-16.0.1\bin\vcruntime140_1.dll
0x00007ff8b4bc0000 - 0x00007ff8b4c51000 	C:\Program Files\Java\jdk-16.0.1\bin\msvcp140.dll
0x00007ff8afb30000 - 0x00007ff8b06db000 	C:\Program Files\Java\jdk-16.0.1\bin\server\jvm.dll
0x00007ff931080000 - 0x00007ff931088000 	C:\Windows\System32\PSAPI.DLL
0x00007ff90c080000 - 0x00007ff90c089000 	C:\Windows\SYSTEM32\WSOCK32.dll
0x00007ff92d9d0000 - 0x00007ff92d9f7000 	C:\Windows\SYSTEM32\WINMM.dll
0x00007ff931500000 - 0x00007ff93156b000 	C:\Windows\System32\WS2_32.dll
0x00007ff92dc40000 - 0x00007ff92dc52000 	C:\Windows\SYSTEM32\kernel.appcore.dll
0x00007ff8ffec0000 - 0x00007ff8ffeca000 	C:\Program Files\Java\jdk-16.0.1\bin\jimage.dll
0x00007ff92d7b0000 - 0x00007ff92d994000 	C:\Windows\SYSTEM32\DBGHELP.DLL
0x00007ff92d9a0000 - 0x00007ff92d9cc000 	C:\Windows\SYSTEM32\dbgcore.DLL
0x00007ff92f880000 - 0x00007ff92f900000 	C:\Windows\System32\bcryptPrimitives.dll
0x00007ff905950000 - 0x00007ff90598b000 	C:\Program Files\Java\jdk-16.0.1\bin\jdwp.dll
0x00007ff8fbf30000 - 0x00007ff8fbf55000 	C:\Program Files\Java\jdk-16.0.1\bin\java.dll
0x00007ff930190000 - 0x00007ff9308d2000 	C:\Windows\System32\SHELL32.dll
0x00007ff92cf50000 - 0x00007ff92d6e0000 	C:\Windows\SYSTEM32\windows.storage.dll
0x00007ff9317e0000 - 0x00007ff931b35000 	C:\Windows\System32\combase.dll
0x00007ff92ede0000 - 0x00007ff92ee0c000 	C:\Windows\SYSTEM32\Wldp.dll
0x00007ff931b40000 - 0x00007ff931bee000 	C:\Windows\System32\SHCORE.dll
0x00007ff9308e0000 - 0x00007ff930935000 	C:\Windows\System32\shlwapi.dll
0x00007ff92f2b0000 - 0x00007ff92f2cf000 	C:\Windows\SYSTEM32\profapi.dll
0x00007ff91b680000 - 0x00007ff91b68c000 	C:\Program Files\Java\jdk-16.0.1\bin\dt_socket.dll
0x00007ff92e7f0000 - 0x00007ff92e82b000 	C:\Windows\SYSTEM32\IPHLPAPI.DLL
0x00007ff92eb50000 - 0x00007ff92ebba000 	C:\Windows\system32\mswsock.dll
0x00007ff92e830000 - 0x00007ff92e8fc000 	C:\Windows\SYSTEM32\DNSAPI.dll
0x00007ff930940000 - 0x00007ff930948000 	C:\Windows\System32\NSI.dll
0x00007ff925c90000 - 0x00007ff925c9a000 	C:\Windows\System32\rasadhlp.dll
0x00007ff9208a0000 - 0x00007ff92091f000 	C:\Windows\System32\fwpuclnt.dll
0x00007ff92f420000 - 0x00007ff92f447000 	C:\Windows\System32\bcrypt.dll
0x00007ff8ff370000 - 0x00007ff8ff389000 	C:\Program Files\Java\jdk-16.0.1\bin\net.dll
0x00007ff929880000 - 0x00007ff92998b000 	C:\Windows\SYSTEM32\WINHTTP.dll
0x00007ff8f46c0000 - 0x00007ff8f46d3000 	C:\Program Files\Java\jdk-16.0.1\bin\nio.dll
0x00007ff8f42c0000 - 0x00007ff8f42d8000 	C:\Program Files\Java\jdk-16.0.1\bin\zip.dll
0x00007ff903c20000 - 0x00007ff903c84000 	C:\Users\ShiCh\AppData\Local\Temp\lwjglShiCh\3.2.3-build-13\lwjgl.dll
0x00007ff903bb0000 - 0x00007ff903c12000 	C:\Users\ShiCh\AppData\Local\Temp\lwjglShiCh\3.2.3-build-13\glfw.dll
0x00007ff92c4b0000 - 0x00007ff92c54e000 	C:\Windows\system32\uxtheme.dll
0x00007ff904290000 - 0x00007ff9042d5000 	C:\Windows\SYSTEM32\dinput8.dll
0x00007ff916320000 - 0x00007ff916331000 	C:\Windows\SYSTEM32\xinput1_4.dll
0x00007ff92f9a0000 - 0x00007ff92f9ee000 	C:\Windows\System32\cfgmgr32.dll
0x00007ff92f120000 - 0x00007ff92f14c000 	C:\Windows\SYSTEM32\DEVOBJ.dll
0x00007ff92c890000 - 0x00007ff92c8bf000 	C:\Windows\SYSTEM32\dwmapi.dll
0x00007ff8ffa90000 - 0x00007ff8ffbe2000 	C:\Windows\SYSTEM32\inputhost.dll
0x00007ff9316b0000 - 0x00007ff93177d000 	C:\Windows\System32\OLEAUT32.dll
0x00007ff92b660000 - 0x00007ff92b752000 	C:\Windows\SYSTEM32\CoreMessaging.dll
0x00007ff92cdc0000 - 0x00007ff92ceb7000 	C:\Windows\SYSTEM32\PROPSYS.dll
0x00007ff929bf0000 - 0x00007ff929d44000 	C:\Windows\SYSTEM32\wintypes.dll
0x00007ff92af70000 - 0x00007ff92b2ce000 	C:\Windows\SYSTEM32\CoreUIComponents.dll
0x00007ff92e0b0000 - 0x00007ff92e0e3000 	C:\Windows\SYSTEM32\ntmarta.dll
0x00007ff9313e0000 - 0x00007ff9314f5000 	C:\Windows\System32\MSCTF.dll
0x00007ff92d6e0000 - 0x00007ff92d6ed000 	C:\Windows\SYSTEM32\HID.DLL
0x00007ff930c10000 - 0x00007ff931079000 	C:\Windows\System32\SETUPAPI.DLL
0x00007ff92f450000 - 0x00007ff92f4b0000 	C:\Windows\System32\WINTRUST.dll
0x00007ff92fb00000 - 0x00007ff92fc5f000 	C:\Windows\System32\CRYPT32.dll
0x00007ff92ef60000 - 0x00007ff92ef72000 	C:\Windows\SYSTEM32\MSASN1.dll
0x00007ff90dfd0000 - 0x00007ff90e0f6000 	C:\Windows\SYSTEM32\opengl32.dll
0x00007ff90de30000 - 0x00007ff90de5c000 	C:\Windows\SYSTEM32\GLU32.dll
0x00007ff92fe80000 - 0x00007ff92ff29000 	C:\Windows\System32\clbcatq.dll
0x00007ff88e3a0000 - 0x00007ff88f388000 	C:\Windows\System32\DriverStore\FileRepository\iigd_dch.inf_amd64_e4f65e51f290b3d3\ig12icd64.dll
0x00007ff92ff30000 - 0x00007ff93005a000 	C:\Windows\System32\ole32.dll
0x00007ff92dcb0000 - 0x00007ff92dda4000 	C:\Windows\system32\dxgi.dll
0x00007ff8d3f60000 - 0x00007ff8d434c000 	C:\Windows\System32\DriverStore\FileRepository\iigd_dch.inf_amd64_e4f65e51f290b3d3\igdml64.dll
0x00007ff923550000 - 0x00007ff923818000 	C:\Windows\System32\DriverStore\FileRepository\iigd_dch.inf_amd64_e4f65e51f290b3d3\igdgmm64.dll
0x00007ff920920000 - 0x00007ff9234e7000 	C:\Windows\System32\DriverStore\FileRepository\iigd_dch.inf_amd64_e4f65e51f290b3d3\igc64.dll
0x00007ff92e960000 - 0x00007ff92e9ab000 	C:\Windows\SYSTEM32\powrprof.dll
0x00007ff92e7d0000 - 0x00007ff92e7e2000 	C:\Windows\SYSTEM32\UMPDC.dll
0x00007ff91c990000 - 0x00007ff91ca89000 	C:\Windows\SYSTEM32\textinputframework.dll
0x00007ff8fc240000 - 0x00007ff8fc2a6000 	C:\Windows\system32\Oleacc.dll
0x00007ff903a60000 - 0x00007ff903ab9000 	C:\Users\ShiCh\AppData\Local\Temp\lwjglShiCh\3.2.3-build-13\lwjgl_opengl.dll
0x00007ff90da10000 - 0x00007ff90da20000 	C:\Program Files\Java\jdk-16.0.1\bin\verify.dll
0x00007ff9019b0000 - 0x00007ff901a27000 	C:\Users\ShiCh\AppData\Local\Temp\lwjglShiCh\3.2.3-build-13\lwjgl_stb.dll

dbghelp: loaded successfully - version: 4.0.5 - missing functions: none
symbol engine: initialized successfully - sym options: 0x614 - pdb path: .;C:\Program Files\Java\jdk-16.0.1\bin;C:\Windows\SYSTEM32;C:\Windows\WinSxS\amd64_microsoft.windows.common-controls_6595b64144ccf1df_6.0.19041.844_none_ca00b6081b84eb1d;C:\Program Files\Java\jdk-16.0.1\bin\server;C:\Users\ShiCh\AppData\Local\Temp\lwjglShiCh\3.2.3-build-13;C:\Windows\System32\DriverStore\FileRepository\iigd_dch.inf_amd64_e4f65e51f290b3d3

VM Arguments:
jvm_args: -agentlib:jdwp=transport=dt_socket,server=n,suspend=y,address=localhost:60082 --enable-preview -XX:+ShowCodeDetailsInExceptionMessages -Dfile.encoding=UTF-8 
java_command: com.shich.game.Main
java_class_path (initial): C:\Users\ShiCh\AppData\Roaming\Code\User\workspaceStorage\463103dc5585f29b1686ba2e5e4a286b\redhat.java\jdt_ws\Parallax_12ef2faf\bin;C:\Users\ShiCh\OneDrive\Documents\Code\Java\Parallax\lib\jars\slick-util.jar;C:\Users\ShiCh\OneDrive\Documents\Code\Java\Parallax\lib\jars\lwjgl-par-natives-windows.jar;C:\Users\ShiCh\OneDrive\Documents\Code\Java\Parallax\lib\jars\lwjgl-vulkan-javadoc.jar;C:\Users\ShiCh\OneDrive\Documents\Code\Java\Parallax\lib\jars\lwjgl-javadoc.jar;C:\Users\ShiCh\OneDrive\Documents\Code\Java\Parallax\lib\jars\lwjgl-stb-javadoc.jar;C:\Users\ShiCh\OneDrive\Documents\Code\Java\Parallax\lib\jars\lwjgl-natives-windows.jar;C:\Users\ShiCh\OneDrive\Documents\Code\Java\Parallax\lib\jars\lwjgl-nanovg.jar;C:\Users\ShiCh\OneDrive\Documents\Code\Java\Parallax\lib\jars\lwjgl-vulkan.jar;C:\Users\ShiCh\OneDrive\Documents\Code\Java\Parallax\lib\jars\lwjgl-glfw.jar;C:\Users\ShiCh\OneDrive\Documents\Code\Java\Parallax\lib\jars\lwjgl-nuklear-javadoc.jar;C:\Users\ShiCh\OneDrive\Documents\Code\Java\Parallax\lib\jars\lwjgl-bgfx-natives-windows.jar;C:\Users\ShiCh\OneDrive\Documents\Code\Java\Parallax\lib\jars\joml-1.10.1-javadoc.jar;C:\Users\ShiCh\OneDrive\Documents\Code\Java\Parallax\lib\jars\lwjgl-assimp-javadoc.jar;C:\Users\ShiCh\OneDrive\Documents\Code\Java\Parallax\lib\jars\lwjgl-glfw-natives-windows.jar;C:\Users\ShiCh\OneDrive\Documents\Code\Java\Parallax\lib\jars\lwjgl-par-javadoc.jar;C:\Users\ShiCh\OneDrive\Documents\Code\Java\Parallax\lib\jars\lwjgl-openal-natives-windows.jar;C:\Users\ShiCh\OneDrive\Documents\Code\Java\Parallax\lib\jars\lwjgl-nanovg-natives-windows.jar;C:\Users\ShiCh\OneDrive\Documents\Code\Java\Parallax\lib\jars\lwjgl-stb-natives-windows.jar;C:\Users\ShiCh\OneDrive\Documents\Code\Java\Parallax\lib\jars\lwjgl-assimp-natives-windows.jar;C:\Users\ShiCh\OneDrive\Documents\Code\Java\Parallax\lib\jars\lwjgl-assimp.jar;C:\Users\ShiCh\OneDrive\Documents\Code\Java\Parallax\lib\jars\lwjgl-nanovg-javadoc.jar;C:\Users\ShiCh\OneDriv
Launcher Type: SUN_STANDARD

[Global flags]
     intx CICompilerCount                          = 4                                         {product} {ergonomic}
     uint ConcGCThreads                            = 2                                         {product} {ergonomic}
     uint G1ConcRefinementThreads                  = 8                                         {product} {ergonomic}
   size_t G1HeapRegionSize                         = 2097152                                   {product} {ergonomic}
    uintx GCDrainStackTargetSize                   = 64                                        {product} {ergonomic}
   size_t InitialHeapSize                          = 264241152                                 {product} {ergonomic}
   size_t MarkStackSize                            = 4194304                                   {product} {ergonomic}
   size_t MaxHeapSize                              = 4223664128                                {product} {ergonomic}
   size_t MaxNewSize                               = 2533359616                                {product} {ergonomic}
   size_t MinHeapDeltaBytes                        = 2097152                                   {product} {ergonomic}
   size_t MinHeapSize                              = 8388608                                   {product} {ergonomic}
    uintx NonNMethodCodeHeapSize                   = 5839372                                {pd product} {ergonomic}
    uintx NonProfiledCodeHeapSize                  = 122909434                              {pd product} {ergonomic}
    uintx ProfiledCodeHeapSize                     = 122909434                              {pd product} {ergonomic}
    uintx ReservedCodeCacheSize                    = 251658240                              {pd product} {ergonomic}
     bool SegmentedCodeCache                       = true                                      {product} {ergonomic}
     bool ShowCodeDetailsInExceptionMessages       = true                                   {manageable} {command line}
   size_t SoftMaxHeapSize                          = 4223664128                             {manageable} {ergonomic}
     bool UseCompressedClassPointers               = true                           {product lp64_product} {ergonomic}
     bool UseCompressedOops                        = true                           {product lp64_product} {ergonomic}
     bool UseG1GC                                  = true                                      {product} {ergonomic}
     bool UseLargePagesIndividualAllocation        = false                                  {pd product} {ergonomic}

Logging:
Log output configuration:
 #0: stdout all=warning uptime,level,tags
 #1: stderr all=off uptime,level,tags

Environment Variables:
JAVA_HOME=C:\Program Files\Java\jdk-16.0.1
PATH=C:\Program Files\Common Files\Oracle\Java\javapath;C:\Program Files\AdoptOpenJDK\jdk-11.0.9.101-hotspot\bin;C:\Program Files\Python39\Scripts\;C:\Program Files\Python39\;C:\Windows\system32;C:\Windows;C:\Windows\System32\Wbem;C:\Windows\System32\WindowsPowerShell\v1.0\;C:\Windows\System32\OpenSSH\;C:\Program Files\MiKTeX\miktex\bin\x64\;C:\Program Files\Microsoft VS Code\bin;C:\Program Files\Git\cmd;C:\Programs Files\HashiCorp\Vagrant\bin;C:\Program Files\apache-maven-3.8.1\bin;C:\Users\ShiCh\AppData\Local\Microsoft\WindowsApps;
USERNAME=ShiCh
LANG=en_US.UTF-8
OS=Windows_NT
PROCESSOR_IDENTIFIER=Intel64 Family 6 Model 140 Stepping 1, GenuineIntel



---------------  S Y S T E M  ---------------

OS:
 Windows 10 , 64 bit Build 19041 (10.0.19041.928)
OS uptime: 1 days 19:15 hours

CPU: total 8 (initial active 8) (4 cores per cpu, 2 threads per core) family 6 model 140 stepping 1 microcode 0x86, cx8, cmov, fxsr, ht, mmx, 3dnowpref, sse, sse2, sse3, ssse3, sse4.1, sse4.2, popcnt, lzcnt, tsc, tscinvbit, avx, avx2, aes, erms, clmul, bmi1, bmi2, adx, avx512f, avx512dq, avx512cd, avx512bw, avx512vl, sha, fma, vzeroupper, avx512_vpopcntdq, avx512_vpclmulqdq, avx512_vaes, avx512_vnni, clflush, clflushopt, clwb, avx512_vmbi2, avx512_vmbi

Memory: 4k page, system-wide physical 16106M (6802M free)
TotalPageFile size 33514M (AvailPageFile size 18161M)
current process WorkingSet (physical memory assigned to process): 281M, peak: 320M
current process commit charge ("private bytes"): 391M, peak: 421M

vm_info: Java HotSpot(TM) 64-Bit Server VM (16.0.1+9-24) for windows-amd64 JRE (16.0.1+9-24), built on Mar 26 2021 19:31:42 by "mach5one" with MS VC++ 16.7 (VS2019)

END.
