#
# A fatal error has been detected by the Java Runtime Environment:
#
#  EXCEPTION_ACCESS_VIOLATION (0xc0000005) at pc=0x00007fffdd53a72b, pid=19296, tid=18940
#
# JRE version: Java(TM) SE Runtime Environment (16.0.1+9) (build 16.0.1+9-24)
# Java VM: Java HotSpot(TM) 64-Bit Server VM (16.0.1+9-24, mixed mode, sharing, tiered, compressed oops, compressed class ptrs, g1 gc, windows-amd64)
# Problematic frame:
# C  [ig12icd64.dll+0x34a72b]
#
# No core dump will be written. Minidumps are not enabled by default on client versions of Windows
#
# If you would like to submit a bug report, please visit:
#   https://bugreport.java.com/bugreport/crash.jsp
# The crash happened outside the Java Virtual Machine in native code.
# See problematic frame for where to report the bug.
#

---------------  S U M M A R Y ------------

Command Line: -agentlib:jdwp=transport=dt_socket,server=n,suspend=y,address=localhost:62630 --enable-preview -XX:+ShowCodeDetailsInExceptionMessages -Dfile.encoding=UTF-8 com.shich.game.Main

Host: 11th Gen Intel(R) Core(TM) i7-1165G7 @ 2.80GHz, 8 cores, 15G,  Windows 10 , 64 bit Build 19041 (10.0.19041.928)
Time: Fri May 28 00:20:53 2021 Eastern Daylight Time elapsed time: 3.999398 seconds (0d 0h 0m 3s)

---------------  T H R E A D  ---------------

Current thread (0x00000218ead80f60):  JavaThread "JDWP Transport Listener: dt_socket" daemon [_thread_in_native, id=18940, stack(0x0000004663800000,0x0000004663900000)]

Stack: [0x0000004663800000,0x0000004663900000],  sp=0x00000046638fe430,  free space=1017k
Native frames: (J=compiled Java code, j=interpreted, Vv=VM code, C=native code)
C  [ig12icd64.dll+0x34a72b]


siginfo: EXCEPTION_ACCESS_VIOLATION (0xc0000005), reading address 0x00000000000353c8


Register to memory mapping:

RIP=0x00007fffdd53a72b ig12icd64.dll
RAX=0x00000218eb6e1b70 points into unknown readable memory: 0x00000000000041c8 | c8 41 00 00 00 00 00 00
RBX=0x00000218eb6e1aa0 points into unknown readable memory: 0x00000218eb38d9e0 | e0 d9 38 eb 18 02 00 00
RCX=0x0 is NULL
RDX=0x00000218eb6e1b70 points into unknown readable memory: 0x00000000000041c8 | c8 41 00 00 00 00 00 00
RSP=0x00000046638fe430 is pointing into the stack for thread: 0x00000218ead80f60
RBP=0x00000046638fe500 is pointing into the stack for thread: 0x00000218ead80f60
RSI=0x0 is NULL
RDI=0x00000218eaf3d060 points into unknown readable memory: 0x0000000000000000 | 00 00 00 00 00 00 00 00
R8 =0x0 is NULL
R9 =0x0 is NULL
R10=0x0 is NULL
R11=0x0000000000000246 is an unknown value
R12=0x00000218eb6e1fb8 points into unknown readable memory: 0x00000218eb6e2030 | 30 20 6e eb 18 02 00 00
R13=0x0 is NULL
R14=0x00000218eb6e2030 points into unknown readable memory: 0x00000218eb38d9e0 | e0 d9 38 eb 18 02 00 00
R15=0x0000000000000016 is an unknown value


Registers:
RAX=0x00000218eb6e1b70, RBX=0x00000218eb6e1aa0, RCX=0x0000000000000000, RDX=0x00000218eb6e1b70
RSP=0x00000046638fe430, RBP=0x00000046638fe500, RSI=0x0000000000000000, RDI=0x00000218eaf3d060
R8 =0x0000000000000000, R9 =0x0000000000000000, R10=0x0000000000000000, R11=0x0000000000000246
R12=0x00000218eb6e1fb8, R13=0x0000000000000000, R14=0x00000218eb6e2030, R15=0x0000000000000016
RIP=0x00007fffdd53a72b, EFLAGS=0x0000000000010202

Top of Stack: (sp=0x00000046638fe430)
0x00000046638fe430:   00000218eb3bbcb0 006ac44200809342
0x00000046638fe440:   00f5c648016b9443 0141de4b0136c84b
0x00000046638fe450:   00000218eb4541f8 0000000000004220
0x00000046638fe460:   0000000000000000 000000000000000d
0x00000046638fe470:   0000000000000000 0000000000000000
0x00000046638fe480:   00000046638fe590 00007fffdd34eb6a
0x00000046638fe490:   00000218eb3bbcb0 00000218eaf3d060
0x00000046638fe4a0:   00c4425e00970e00 00dc6c5f014a6c00
0x00000046638fe4b0:   0000004600006300 0000b80200000000
0x00000046638fe4c0:   0000000000000000 00993e6300f8f562
0x00000046638fe4d0:   0126c96400816363 010e7f6501246d65
0x00000046638fe4e0:   012a796800a76867 0110016b014f8a6a
0x00000046638fe4f0:   01d6e56f008c7b6e 00007fffdd4902d0
0x00000046638fe500:   0136d87201c98572 011b107400a7d373
0x00000046638fe510:   00898e77008e4176 00e17f78012bbb77
0x00000046638fe520:   0126227a014f2d79 00a4787c00b8227c 

Instructions: (pc=0x00007fffdd53a72b)
0x00007fffdd53a62b:   83 ec 20 45 8a e9 48 8b fa 48 8b f1 48 8b 1d b2
0x00007fffdd53a63b:   e6 bd 00 48 89 58 08 48 8b cb ff 15 c5 da 79 00
0x00007fffdd53a64b:   90 4c 8b b7 80 02 00 00 48 8b 05 36 f1 ad 00 44
0x00007fffdd53a65b:   8b b8 80 0a 00 00 45 33 c9 41 8a e9 4c 89 8f 80
0x00007fffdd53a66b:   02 00 00 44 89 8f 88 02 00 00 4c 89 8f a0 02 00
0x00007fffdd53a67b:   00 4c 89 8f 90 02 00 00 48 85 f6 75 38 8b 35 fa
0x00007fffdd53a68b:   c1 bd 00 65 48 8b 04 25 58 00 00 00 b9 08 00 00
0x00007fffdd53a69b:   00 48 8b 04 f0 44 38 0c 01 0f 84 da dd 66 00 65
0x00007fffdd53a6ab:   48 8b 04 25 58 00 00 00 b9 10 00 00 00 48 8b 04
0x00007fffdd53a6bb:   f0 48 8b 34 01 48 3b 35 a9 e5 bd 00 45 0f 44 f9
0x00007fffdd53a6cb:   4d 85 f6 0f 84 79 01 00 00 44 8a 6c 24 70 49 8b
0x00007fffdd53a6db:   de 4d 8d a6 18 05 00 00 4d 8b 34 24 45 84 ed 0f
0x00007fffdd53a6eb:   85 27 03 00 00 8b 8f d0 01 00 00 48 8b 05 93 f0
0x00007fffdd53a6fb:   ad 00 83 b8 54 03 00 00 02 75 32 48 8d 93 d0 00
0x00007fffdd53a70b:   00 00 83 f9 10 0f 83 70 01 00 00 8b c1 48 c1 e0
0x00007fffdd53a71b:   06 48 03 c2 48 85 c0 0f 85 55 01 00 00 4d 8b c1
0x00007fffdd53a72b:   4c 3b 86 c8 53 03 00 0f 87 ef 02 00 00 4c 39 8b
0x00007fffdd53a73b:   70 05 00 00 0f 85 6c dd 66 00 44 8b 9f d0 01 00
0x00007fffdd53a74b:   00 48 8b 87 e8 01 00 00 4c 8b 10 8b 97 d0 01 00
0x00007fffdd53a75b:   00 48 8d 8b d0 00 00 00 83 fa 10 0f 83 4b 01 00
0x00007fffdd53a76b:   00 8b c2 48 c1 e0 06 48 03 c1 48 85 c0 0f 85 6a
0x00007fffdd53a77b:   01 00 00 49 8b d1 49 3b d2 0f 86 67 01 00 00 48
0x00007fffdd53a78b:   8b 87 80 02 00 00 49 89 04 24 48 89 9f 80 02 00
0x00007fffdd53a79b:   00 ff 87 88 02 00 00 48 8b 4b 08 48 8b 01 ba 01
0x00007fffdd53a7ab:   00 00 00 48 8b 80 d8 02 00 00 ff 15 4d de 79 00
0x00007fffdd53a7bb:   0f b7 c8 48 2b c1 48 05 00 00 01 00 48 01 87 90
0x00007fffdd53a7cb:   02 00 00 48 8b 4b 08 48 8b 01 ba 01 00 00 00 48
0x00007fffdd53a7db:   8b 80 d8 02 00 00 ff 15 21 de 79 00 48 01 87 a0
0x00007fffdd53a7eb:   02 00 00 eb 3e 48 8b d3 41 8b cb e8 b5 51 e1 ff
0x00007fffdd53a7fb:   84 c0 75 8b 38 43 1c 0f 84 0f 02 00 00 48 8b 87
0x00007fffdd53a80b:   00 03 00 00 48 03 87 a0 02 00 00 48 3b 87 a8 02
0x00007fffdd53a81b:   00 00 0f 83 b6 dc 66 00 48 8b d3 48 8b cf e8 02 


Stack slot to memory mapping:
stack at sp + 0 slots: 0x00000218eb3bbcb0 points into unknown readable memory: 0xffffffffffffffff | ff ff ff ff ff ff ff ff
stack at sp + 1 slots: 0x006ac44200809342 is an unknown value
stack at sp + 2 slots: 0x00f5c648016b9443 is an unknown value
stack at sp + 3 slots: 0x0141de4b0136c84b is an unknown value
stack at sp + 4 slots: 0x00000218eb4541f8 points into unknown readable memory: 0x0000000000040000 | 00 00 04 00 00 00 00 00
stack at sp + 5 slots: 0x0000000000004220 is an unknown value
stack at sp + 6 slots: 0x0 is NULL
stack at sp + 7 slots: 0x000000000000000d is an unknown value


---------------  P R O C E S S  ---------------

Threads class SMR info:
_java_thread_list=0x00000218ead89cf0, length=16, elements={
0x00000218ea08f0b0, 0x00000218ea08fcb0, 0x00000218ea0a0680, 0x00000218ea0a39a0,
0x00000218ea0a6b50, 0x00000218ea0a7760, 0x00000218eac20b60, 0x00000218ea0ac210,
0x00000218ea0acb60, 0x00000218ead80f60, 0x00000218ead83c70, 0x00000218ead8a140,
0x00000218ead8f830, 0x00000218ead959c0, 0x00000218c75d1a80, 0x00000218f3fa38f0
}

Java Threads: ( => current thread )
  0x00000218ea08f0b0 JavaThread "Reference Handler" daemon [_thread_blocked, id=13972, stack(0x0000004662f00000,0x0000004663000000)]
  0x00000218ea08fcb0 JavaThread "Finalizer" daemon [_thread_blocked, id=9476, stack(0x0000004663000000,0x0000004663100000)]
  0x00000218ea0a0680 JavaThread "Signal Dispatcher" daemon [_thread_blocked, id=18184, stack(0x0000004663100000,0x0000004663200000)]
  0x00000218ea0a39a0 JavaThread "Attach Listener" daemon [_thread_blocked, id=14032, stack(0x0000004663200000,0x0000004663300000)]
  0x00000218ea0a6b50 JavaThread "Service Thread" daemon [_thread_blocked, id=7876, stack(0x0000004663300000,0x0000004663400000)]
  0x00000218ea0a7760 JavaThread "Monitor Deflation Thread" daemon [_thread_blocked, id=7232, stack(0x0000004663400000,0x0000004663500000)]
  0x00000218eac20b60 JavaThread "C2 CompilerThread0" daemon [_thread_blocked, id=16236, stack(0x0000004663500000,0x0000004663600000)]
  0x00000218ea0ac210 JavaThread "C1 CompilerThread0" daemon [_thread_blocked, id=15260, stack(0x0000004663600000,0x0000004663700000)]
  0x00000218ea0acb60 JavaThread "Sweeper thread" daemon [_thread_blocked, id=3980, stack(0x0000004663700000,0x0000004663800000)]
=>0x00000218ead80f60 JavaThread "JDWP Transport Listener: dt_socket" daemon [_thread_in_native, id=18940, stack(0x0000004663800000,0x0000004663900000)]
  0x00000218ead83c70 JavaThread "JDWP Event Helper Thread" daemon [_thread_blocked, id=5904, stack(0x0000004663900000,0x0000004663a00000)]
  0x00000218ead8a140 JavaThread "Notification Thread" daemon [_thread_blocked, id=5464, stack(0x0000004663b00000,0x0000004663c00000)]
  0x00000218ead8f830 JavaThread "Common-Cleaner" daemon [_thread_blocked, id=9744, stack(0x0000004663d00000,0x0000004663e00000)]
  0x00000218ead959c0 JavaThread "game thread" [_thread_in_native, id=6504, stack(0x0000004663e00000,0x0000004663f00000)]
  0x00000218c75d1a80 JavaThread "DestroyJavaVM" [_thread_blocked, id=17896, stack(0x0000004662800000,0x0000004662900000)]
  0x00000218f3fa38f0 JavaThread "C2 CompilerThread1" daemon [_thread_blocked, id=10804, stack(0x0000004664400000,0x0000004664500000)]

Other Threads:
  0x00000218ea08be30 VMThread "VM Thread" [stack: 0x0000004662e00000,0x0000004662f00000] [id=16344]
  0x00000218ead8d0c0 WatcherThread [stack: 0x0000004663c00000,0x0000004663d00000] [id=744]
  0x00000218c7629ef0 GCTaskThread "GC Thread#0" [stack: 0x0000004662900000,0x0000004662a00000] [id=20344]
  0x00000218f3f20800 GCTaskThread "GC Thread#1" [stack: 0x0000004664500000,0x0000004664600000] [id=10576]
  0x00000218f3f20b10 GCTaskThread "GC Thread#2" [stack: 0x0000004664600000,0x0000004664700000] [id=14816]
  0x00000218f3f204f0 GCTaskThread "GC Thread#3" [stack: 0x0000004664700000,0x0000004664800000] [id=15208]
  0x00000218f3f20e20 GCTaskThread "GC Thread#4" [stack: 0x0000004664800000,0x0000004664900000] [id=4804]
  0x00000218f3f1fed0 GCTaskThread "GC Thread#5" [stack: 0x0000004664900000,0x0000004664a00000] [id=19480]
  0x00000218f3f201e0 GCTaskThread "GC Thread#6" [stack: 0x0000004664a00000,0x0000004664b00000] [id=13796]
  0x00000218f3f21130 GCTaskThread "GC Thread#7" [stack: 0x0000004664b00000,0x0000004664c00000] [id=1636]
  0x00000218c763abf0 ConcurrentGCThread "G1 Main Marker" [stack: 0x0000004662a00000,0x0000004662b00000] [id=20220]
  0x00000218c763ca70 ConcurrentGCThread "G1 Conc#0" [stack: 0x0000004662b00000,0x0000004662c00000] [id=5432]
  0x00000218e9f3e530 ConcurrentGCThread "G1 Refine#0" [stack: 0x0000004662c00000,0x0000004662d00000] [id=10500]
  0x00000218e9f3edc0 ConcurrentGCThread "G1 Service" [stack: 0x0000004662d00000,0x0000004662e00000] [id=17072]

Threads with active compile tasks:

VM state: not at safepoint (normal execution)

VM Mutex/Monitor currently owned by a thread: None

Heap address: 0x0000000704400000, size: 4028 MB, Compressed Oops mode: Zero based, Oop shift amount: 3

CDS archive(s) mapped at: [0x0000000800000000-0x0000000800bb0000-0x0000000800bb0000), size 12255232, SharedBaseAddress: 0x0000000800000000, ArchiveRelocationMode: 0.
Compressed class space mapped at: 0x0000000800c00000-0x0000000840c00000, reserved size: 1073741824
Narrow klass base: 0x0000000800000000, Narrow klass shift: 3, Narrow klass range: 0x100000000

GC Precious Log:
 CPUs: 8 total, 8 available
 Memory: 16106M
 Large Page Support: Disabled
 NUMA Support: Disabled
 Compressed Oops: Enabled (Zero based)
 Heap Region Size: 2M
 Heap Min Capacity: 8M
 Heap Initial Capacity: 252M
 Heap Max Capacity: 4028M
 Pre-touch: Disabled
 Parallel Workers: 8
 Concurrent Workers: 2
 Concurrent Refinement Workers: 8
 Periodic GC: Disabled

Heap:
 garbage-first heap   total 258048K, used 3481K [0x0000000704400000, 0x0000000800000000)
  region size 2048K, 3 young (6144K), 2 survivors (4096K)
 Metaspace       used 7471K, committed 7616K, reserved 1064960K
  class space    used 334K, committed 384K, reserved 1048576K

Heap Regions: E=young(eden), S=young(survivor), O=old, HS=humongous(starts), HC=humongous(continues), CS=collection set, F=free, OA=open archive, CA=closed archive, TAMS=top-at-mark-start (previous, next)
|   0|0x0000000704400000, 0x0000000704400000, 0x0000000704600000|  0%| F|  |TAMS 0x0000000704400000, 0x0000000704400000| Untracked 
|   1|0x0000000704600000, 0x0000000704600000, 0x0000000704800000|  0%| F|  |TAMS 0x0000000704600000, 0x0000000704600000| Untracked 
|   2|0x0000000704800000, 0x0000000704800000, 0x0000000704a00000|  0%| F|  |TAMS 0x0000000704800000, 0x0000000704800000| Untracked 
|   3|0x0000000704a00000, 0x0000000704a00000, 0x0000000704c00000|  0%| F|  |TAMS 0x0000000704a00000, 0x0000000704a00000| Untracked 
|   4|0x0000000704c00000, 0x0000000704c00000, 0x0000000704e00000|  0%| F|  |TAMS 0x0000000704c00000, 0x0000000704c00000| Untracked 
|   5|0x0000000704e00000, 0x0000000704e00000, 0x0000000705000000|  0%| F|  |TAMS 0x0000000704e00000, 0x0000000704e00000| Untracked 
|   6|0x0000000705000000, 0x0000000705000000, 0x0000000705200000|  0%| F|  |TAMS 0x0000000705000000, 0x0000000705000000| Untracked 
|   7|0x0000000705200000, 0x0000000705200000, 0x0000000705400000|  0%| F|  |TAMS 0x0000000705200000, 0x0000000705200000| Untracked 
|   8|0x0000000705400000, 0x0000000705400000, 0x0000000705600000|  0%| F|  |TAMS 0x0000000705400000, 0x0000000705400000| Untracked 
|   9|0x0000000705600000, 0x0000000705600000, 0x0000000705800000|  0%| F|  |TAMS 0x0000000705600000, 0x0000000705600000| Untracked 
|  10|0x0000000705800000, 0x0000000705800000, 0x0000000705a00000|  0%| F|  |TAMS 0x0000000705800000, 0x0000000705800000| Untracked 
|  11|0x0000000705a00000, 0x0000000705a00000, 0x0000000705c00000|  0%| F|  |TAMS 0x0000000705a00000, 0x0000000705a00000| Untracked 
|  12|0x0000000705c00000, 0x0000000705c00000, 0x0000000705e00000|  0%| F|  |TAMS 0x0000000705c00000, 0x0000000705c00000| Untracked 
|  13|0x0000000705e00000, 0x0000000705e00000, 0x0000000706000000|  0%| F|  |TAMS 0x0000000705e00000, 0x0000000705e00000| Untracked 
|  14|0x0000000706000000, 0x0000000706000000, 0x0000000706200000|  0%| F|  |TAMS 0x0000000706000000, 0x0000000706000000| Untracked 
|  15|0x0000000706200000, 0x0000000706200000, 0x0000000706400000|  0%| F|  |TAMS 0x0000000706200000, 0x0000000706200000| Untracked 
|  16|0x0000000706400000, 0x0000000706400000, 0x0000000706600000|  0%| F|  |TAMS 0x0000000706400000, 0x0000000706400000| Untracked 
|  17|0x0000000706600000, 0x0000000706600000, 0x0000000706800000|  0%| F|  |TAMS 0x0000000706600000, 0x0000000706600000| Untracked 
|  18|0x0000000706800000, 0x0000000706800000, 0x0000000706a00000|  0%| F|  |TAMS 0x0000000706800000, 0x0000000706800000| Untracked 
|  19|0x0000000706a00000, 0x0000000706a00000, 0x0000000706c00000|  0%| F|  |TAMS 0x0000000706a00000, 0x0000000706a00000| Untracked 
|  20|0x0000000706c00000, 0x0000000706c00000, 0x0000000706e00000|  0%| F|  |TAMS 0x0000000706c00000, 0x0000000706c00000| Untracked 
|  21|0x0000000706e00000, 0x0000000706e00000, 0x0000000707000000|  0%| F|  |TAMS 0x0000000706e00000, 0x0000000706e00000| Untracked 
|  22|0x0000000707000000, 0x0000000707000000, 0x0000000707200000|  0%| F|  |TAMS 0x0000000707000000, 0x0000000707000000| Untracked 
|  23|0x0000000707200000, 0x0000000707200000, 0x0000000707400000|  0%| F|  |TAMS 0x0000000707200000, 0x0000000707200000| Untracked 
|  24|0x0000000707400000, 0x0000000707400000, 0x0000000707600000|  0%| F|  |TAMS 0x0000000707400000, 0x0000000707400000| Untracked 
|  25|0x0000000707600000, 0x0000000707600000, 0x0000000707800000|  0%| F|  |TAMS 0x0000000707600000, 0x0000000707600000| Untracked 
|  26|0x0000000707800000, 0x0000000707800000, 0x0000000707a00000|  0%| F|  |TAMS 0x0000000707800000, 0x0000000707800000| Untracked 
|  27|0x0000000707a00000, 0x0000000707a00000, 0x0000000707c00000|  0%| F|  |TAMS 0x0000000707a00000, 0x0000000707a00000| Untracked 
|  28|0x0000000707c00000, 0x0000000707c00000, 0x0000000707e00000|  0%| F|  |TAMS 0x0000000707c00000, 0x0000000707c00000| Untracked 
|  29|0x0000000707e00000, 0x0000000707e00000, 0x0000000708000000|  0%| F|  |TAMS 0x0000000707e00000, 0x0000000707e00000| Untracked 
|  30|0x0000000708000000, 0x0000000708000000, 0x0000000708200000|  0%| F|  |TAMS 0x0000000708000000, 0x0000000708000000| Untracked 
|  31|0x0000000708200000, 0x0000000708200000, 0x0000000708400000|  0%| F|  |TAMS 0x0000000708200000, 0x0000000708200000| Untracked 
|  32|0x0000000708400000, 0x0000000708400000, 0x0000000708600000|  0%| F|  |TAMS 0x0000000708400000, 0x0000000708400000| Untracked 
|  33|0x0000000708600000, 0x0000000708600000, 0x0000000708800000|  0%| F|  |TAMS 0x0000000708600000, 0x0000000708600000| Untracked 
|  34|0x0000000708800000, 0x0000000708800000, 0x0000000708a00000|  0%| F|  |TAMS 0x0000000708800000, 0x0000000708800000| Untracked 
|  35|0x0000000708a00000, 0x0000000708a00000, 0x0000000708c00000|  0%| F|  |TAMS 0x0000000708a00000, 0x0000000708a00000| Untracked 
|  36|0x0000000708c00000, 0x0000000708c00000, 0x0000000708e00000|  0%| F|  |TAMS 0x0000000708c00000, 0x0000000708c00000| Untracked 
|  37|0x0000000708e00000, 0x0000000708e00000, 0x0000000709000000|  0%| F|  |TAMS 0x0000000708e00000, 0x0000000708e00000| Untracked 
|  38|0x0000000709000000, 0x0000000709000000, 0x0000000709200000|  0%| F|  |TAMS 0x0000000709000000, 0x0000000709000000| Untracked 
|  39|0x0000000709200000, 0x0000000709200000, 0x0000000709400000|  0%| F|  |TAMS 0x0000000709200000, 0x0000000709200000| Untracked 
|  40|0x0000000709400000, 0x0000000709400000, 0x0000000709600000|  0%| F|  |TAMS 0x0000000709400000, 0x0000000709400000| Untracked 
|  41|0x0000000709600000, 0x0000000709600000, 0x0000000709800000|  0%| F|  |TAMS 0x0000000709600000, 0x0000000709600000| Untracked 
|  42|0x0000000709800000, 0x0000000709800000, 0x0000000709a00000|  0%| F|  |TAMS 0x0000000709800000, 0x0000000709800000| Untracked 
|  43|0x0000000709a00000, 0x0000000709a00000, 0x0000000709c00000|  0%| F|  |TAMS 0x0000000709a00000, 0x0000000709a00000| Untracked 
|  44|0x0000000709c00000, 0x0000000709c00000, 0x0000000709e00000|  0%| F|  |TAMS 0x0000000709c00000, 0x0000000709c00000| Untracked 
|  45|0x0000000709e00000, 0x0000000709e00000, 0x000000070a000000|  0%| F|  |TAMS 0x0000000709e00000, 0x0000000709e00000| Untracked 
|  46|0x000000070a000000, 0x000000070a000000, 0x000000070a200000|  0%| F|  |TAMS 0x000000070a000000, 0x000000070a000000| Untracked 
|  47|0x000000070a200000, 0x000000070a200000, 0x000000070a400000|  0%| F|  |TAMS 0x000000070a200000, 0x000000070a200000| Untracked 
|  48|0x000000070a400000, 0x000000070a400000, 0x000000070a600000|  0%| F|  |TAMS 0x000000070a400000, 0x000000070a400000| Untracked 
|  49|0x000000070a600000, 0x000000070a600000, 0x000000070a800000|  0%| F|  |TAMS 0x000000070a600000, 0x000000070a600000| Untracked 
|  50|0x000000070a800000, 0x000000070a800000, 0x000000070aa00000|  0%| F|  |TAMS 0x000000070a800000, 0x000000070a800000| Untracked 
|  51|0x000000070aa00000, 0x000000070aa00000, 0x000000070ac00000|  0%| F|  |TAMS 0x000000070aa00000, 0x000000070aa00000| Untracked 
|  52|0x000000070ac00000, 0x000000070ac00000, 0x000000070ae00000|  0%| F|  |TAMS 0x000000070ac00000, 0x000000070ac00000| Untracked 
|  53|0x000000070ae00000, 0x000000070ae00000, 0x000000070b000000|  0%| F|  |TAMS 0x000000070ae00000, 0x000000070ae00000| Untracked 
|  54|0x000000070b000000, 0x000000070b000000, 0x000000070b200000|  0%| F|  |TAMS 0x000000070b000000, 0x000000070b000000| Untracked 
|  55|0x000000070b200000, 0x000000070b200000, 0x000000070b400000|  0%| F|  |TAMS 0x000000070b200000, 0x000000070b200000| Untracked 
|  56|0x000000070b400000, 0x000000070b400000, 0x000000070b600000|  0%| F|  |TAMS 0x000000070b400000, 0x000000070b400000| Untracked 
|  57|0x000000070b600000, 0x000000070b600000, 0x000000070b800000|  0%| F|  |TAMS 0x000000070b600000, 0x000000070b600000| Untracked 
|  58|0x000000070b800000, 0x000000070b800000, 0x000000070ba00000|  0%| F|  |TAMS 0x000000070b800000, 0x000000070b800000| Untracked 
|  59|0x000000070ba00000, 0x000000070ba00000, 0x000000070bc00000|  0%| F|  |TAMS 0x000000070ba00000, 0x000000070ba00000| Untracked 
|  60|0x000000070bc00000, 0x000000070bc00000, 0x000000070be00000|  0%| F|  |TAMS 0x000000070bc00000, 0x000000070bc00000| Untracked 
|  61|0x000000070be00000, 0x000000070be00000, 0x000000070c000000|  0%| F|  |TAMS 0x000000070be00000, 0x000000070be00000| Untracked 
|  62|0x000000070c000000, 0x000000070c000000, 0x000000070c200000|  0%| F|  |TAMS 0x000000070c000000, 0x000000070c000000| Untracked 
|  63|0x000000070c200000, 0x000000070c200000, 0x000000070c400000|  0%| F|  |TAMS 0x000000070c200000, 0x000000070c200000| Untracked 
|  64|0x000000070c400000, 0x000000070c400000, 0x000000070c600000|  0%| F|  |TAMS 0x000000070c400000, 0x000000070c400000| Untracked 
|  65|0x000000070c600000, 0x000000070c600000, 0x000000070c800000|  0%| F|  |TAMS 0x000000070c600000, 0x000000070c600000| Untracked 
|  66|0x000000070c800000, 0x000000070c800000, 0x000000070ca00000|  0%| F|  |TAMS 0x000000070c800000, 0x000000070c800000| Untracked 
|  67|0x000000070ca00000, 0x000000070ca00000, 0x000000070cc00000|  0%| F|  |TAMS 0x000000070ca00000, 0x000000070ca00000| Untracked 
|  68|0x000000070cc00000, 0x000000070cc00000, 0x000000070ce00000|  0%| F|  |TAMS 0x000000070cc00000, 0x000000070cc00000| Untracked 
|  69|0x000000070ce00000, 0x000000070ce00000, 0x000000070d000000|  0%| F|  |TAMS 0x000000070ce00000, 0x000000070ce00000| Untracked 
|  70|0x000000070d000000, 0x000000070d000000, 0x000000070d200000|  0%| F|  |TAMS 0x000000070d000000, 0x000000070d000000| Untracked 
|  71|0x000000070d200000, 0x000000070d200000, 0x000000070d400000|  0%| F|  |TAMS 0x000000070d200000, 0x000000070d200000| Untracked 
|  72|0x000000070d400000, 0x000000070d400000, 0x000000070d600000|  0%| F|  |TAMS 0x000000070d400000, 0x000000070d400000| Untracked 
|  73|0x000000070d600000, 0x000000070d600000, 0x000000070d800000|  0%| F|  |TAMS 0x000000070d600000, 0x000000070d600000| Untracked 
|  74|0x000000070d800000, 0x000000070d800000, 0x000000070da00000|  0%| F|  |TAMS 0x000000070d800000, 0x000000070d800000| Untracked 
|  75|0x000000070da00000, 0x000000070da00000, 0x000000070dc00000|  0%| F|  |TAMS 0x000000070da00000, 0x000000070da00000| Untracked 
|  76|0x000000070dc00000, 0x000000070dc00000, 0x000000070de00000|  0%| F|  |TAMS 0x000000070dc00000, 0x000000070dc00000| Untracked 
|  77|0x000000070de00000, 0x000000070de00000, 0x000000070e000000|  0%| F|  |TAMS 0x000000070de00000, 0x000000070de00000| Untracked 
|  78|0x000000070e000000, 0x000000070e000000, 0x000000070e200000|  0%| F|  |TAMS 0x000000070e000000, 0x000000070e000000| Untracked 
|  79|0x000000070e200000, 0x000000070e200000, 0x000000070e400000|  0%| F|  |TAMS 0x000000070e200000, 0x000000070e200000| Untracked 
|  80|0x000000070e400000, 0x000000070e400000, 0x000000070e600000|  0%| F|  |TAMS 0x000000070e400000, 0x000000070e400000| Untracked 
|  81|0x000000070e600000, 0x000000070e600000, 0x000000070e800000|  0%| F|  |TAMS 0x000000070e600000, 0x000000070e600000| Untracked 
|  82|0x000000070e800000, 0x000000070e800000, 0x000000070ea00000|  0%| F|  |TAMS 0x000000070e800000, 0x000000070e800000| Untracked 
|  83|0x000000070ea00000, 0x000000070ea00000, 0x000000070ec00000|  0%| F|  |TAMS 0x000000070ea00000, 0x000000070ea00000| Untracked 
|  84|0x000000070ec00000, 0x000000070ec00000, 0x000000070ee00000|  0%| F|  |TAMS 0x000000070ec00000, 0x000000070ec00000| Untracked 
|  85|0x000000070ee00000, 0x000000070ee00000, 0x000000070f000000|  0%| F|  |TAMS 0x000000070ee00000, 0x000000070ee00000| Untracked 
|  86|0x000000070f000000, 0x000000070f000000, 0x000000070f200000|  0%| F|  |TAMS 0x000000070f000000, 0x000000070f000000| Untracked 
|  87|0x000000070f200000, 0x000000070f200000, 0x000000070f400000|  0%| F|  |TAMS 0x000000070f200000, 0x000000070f200000| Untracked 
|  88|0x000000070f400000, 0x000000070f400000, 0x000000070f600000|  0%| F|  |TAMS 0x000000070f400000, 0x000000070f400000| Untracked 
|  89|0x000000070f600000, 0x000000070f600000, 0x000000070f800000|  0%| F|  |TAMS 0x000000070f600000, 0x000000070f600000| Untracked 
|  90|0x000000070f800000, 0x000000070f800000, 0x000000070fa00000|  0%| F|  |TAMS 0x000000070f800000, 0x000000070f800000| Untracked 
|  91|0x000000070fa00000, 0x000000070fa00000, 0x000000070fc00000|  0%| F|  |TAMS 0x000000070fa00000, 0x000000070fa00000| Untracked 
|  92|0x000000070fc00000, 0x000000070fc00000, 0x000000070fe00000|  0%| F|  |TAMS 0x000000070fc00000, 0x000000070fc00000| Untracked 
|  93|0x000000070fe00000, 0x000000070fe00000, 0x0000000710000000|  0%| F|  |TAMS 0x000000070fe00000, 0x000000070fe00000| Untracked 
|  94|0x0000000710000000, 0x0000000710000000, 0x0000000710200000|  0%| F|  |TAMS 0x0000000710000000, 0x0000000710000000| Untracked 
|  95|0x0000000710200000, 0x0000000710200000, 0x0000000710400000|  0%| F|  |TAMS 0x0000000710200000, 0x0000000710200000| Untracked 
|  96|0x0000000710400000, 0x0000000710400000, 0x0000000710600000|  0%| F|  |TAMS 0x0000000710400000, 0x0000000710400000| Untracked 
|  97|0x0000000710600000, 0x0000000710600000, 0x0000000710800000|  0%| F|  |TAMS 0x0000000710600000, 0x0000000710600000| Untracked 
|  98|0x0000000710800000, 0x0000000710800000, 0x0000000710a00000|  0%| F|  |TAMS 0x0000000710800000, 0x0000000710800000| Untracked 
|  99|0x0000000710a00000, 0x0000000710a00000, 0x0000000710c00000|  0%| F|  |TAMS 0x0000000710a00000, 0x0000000710a00000| Untracked 
| 100|0x0000000710c00000, 0x0000000710c00000, 0x0000000710e00000|  0%| F|  |TAMS 0x0000000710c00000, 0x0000000710c00000| Untracked 
| 101|0x0000000710e00000, 0x0000000710e00000, 0x0000000711000000|  0%| F|  |TAMS 0x0000000710e00000, 0x0000000710e00000| Untracked 
| 102|0x0000000711000000, 0x0000000711000000, 0x0000000711200000|  0%| F|  |TAMS 0x0000000711000000, 0x0000000711000000| Untracked 
| 103|0x0000000711200000, 0x0000000711200000, 0x0000000711400000|  0%| F|  |TAMS 0x0000000711200000, 0x0000000711200000| Untracked 
| 104|0x0000000711400000, 0x0000000711400000, 0x0000000711600000|  0%| F|  |TAMS 0x0000000711400000, 0x0000000711400000| Untracked 
| 105|0x0000000711600000, 0x0000000711600000, 0x0000000711800000|  0%| F|  |TAMS 0x0000000711600000, 0x0000000711600000| Untracked 
| 106|0x0000000711800000, 0x0000000711800000, 0x0000000711a00000|  0%| F|  |TAMS 0x0000000711800000, 0x0000000711800000| Untracked 
| 107|0x0000000711a00000, 0x0000000711a00000, 0x0000000711c00000|  0%| F|  |TAMS 0x0000000711a00000, 0x0000000711a00000| Untracked 
| 108|0x0000000711c00000, 0x0000000711c00000, 0x0000000711e00000|  0%| F|  |TAMS 0x0000000711c00000, 0x0000000711c00000| Untracked 
| 109|0x0000000711e00000, 0x0000000711e00000, 0x0000000712000000|  0%| F|  |TAMS 0x0000000711e00000, 0x0000000711e00000| Untracked 
| 110|0x0000000712000000, 0x0000000712000000, 0x0000000712200000|  0%| F|  |TAMS 0x0000000712000000, 0x0000000712000000| Untracked 
| 111|0x0000000712200000, 0x0000000712200000, 0x0000000712400000|  0%| F|  |TAMS 0x0000000712200000, 0x0000000712200000| Untracked 
| 112|0x0000000712400000, 0x0000000712400000, 0x0000000712600000|  0%| F|  |TAMS 0x0000000712400000, 0x0000000712400000| Untracked 
| 113|0x0000000712600000, 0x0000000712766520, 0x0000000712800000| 69%| S|CS|TAMS 0x0000000712600000, 0x0000000712600000| Complete 
| 114|0x0000000712800000, 0x0000000712a00000, 0x0000000712a00000|100%| S|CS|TAMS 0x0000000712800000, 0x0000000712800000| Complete 
| 115|0x0000000712a00000, 0x0000000712a00000, 0x0000000712c00000|  0%| F|  |TAMS 0x0000000712a00000, 0x0000000712a00000| Untracked 
| 116|0x0000000712c00000, 0x0000000712c00000, 0x0000000712e00000|  0%| F|  |TAMS 0x0000000712c00000, 0x0000000712c00000| Untracked 
| 117|0x0000000712e00000, 0x0000000712e00000, 0x0000000713000000|  0%| F|  |TAMS 0x0000000712e00000, 0x0000000712e00000| Untracked 
| 118|0x0000000713000000, 0x0000000713000000, 0x0000000713200000|  0%| F|  |TAMS 0x0000000713000000, 0x0000000713000000| Untracked 
| 119|0x0000000713200000, 0x0000000713200000, 0x0000000713400000|  0%| F|  |TAMS 0x0000000713200000, 0x0000000713200000| Untracked 
| 120|0x0000000713400000, 0x0000000713400000, 0x0000000713600000|  0%| F|  |TAMS 0x0000000713400000, 0x0000000713400000| Untracked 
| 121|0x0000000713600000, 0x0000000713600000, 0x0000000713800000|  0%| F|  |TAMS 0x0000000713600000, 0x0000000713600000| Untracked 
| 122|0x0000000713800000, 0x0000000713800000, 0x0000000713a00000|  0%| F|  |TAMS 0x0000000713800000, 0x0000000713800000| Untracked 
| 123|0x0000000713a00000, 0x0000000713a00000, 0x0000000713c00000|  0%| F|  |TAMS 0x0000000713a00000, 0x0000000713a00000| Untracked 
| 124|0x0000000713c00000, 0x0000000713c00000, 0x0000000713e00000|  0%| F|  |TAMS 0x0000000713c00000, 0x0000000713c00000| Untracked 
| 125|0x0000000713e00000, 0x0000000713ea64c0, 0x0000000714000000| 32%| E|  |TAMS 0x0000000713e00000, 0x0000000713e00000| Complete 

Card table byte_map: [0x00000218de870000,0x00000218df050000] _byte_map_base: 0x00000218db04e000

Marking Bits (Prev, Next): (CMBitMap*) 0x00000218c762a5e0, (CMBitMap*) 0x00000218c762a620
 Prev Bits: [0x00000218df830000, 0x00000218e3720000)
 Next Bits: [0x00000218e3720000, 0x00000218e7610000)

Polling page: 0x00000218c5530000

Metaspace:

Usage:
  Non-class:      6.97 MB used.
      Class:    334.66 KB used.
       Both:      7.30 MB used.

Virtual space:
  Non-class space:       16.00 MB reserved,       7.06 MB ( 44%) committed,  2 nodes.
      Class space:        1.00 GB reserved,     384.00 KB ( <1%) committed,  1 nodes.
              Both:        1.02 GB reserved,       7.44 MB ( <1%) committed. 

Chunk freelists:
   Non-Class:  2.61 MB
       Class:  3.52 MB
        Both:  6.12 MB

MaxMetaspaceSize: 17179869184.00 GB
CompressedClassSpaceSize: 1.00 GB
 - commit_granule_bytes: 65536.
 - commit_granule_words: 8192.
 - virtual_space_node_default_size: 1048576.
 - enlarge_chunks_in_place: 1.
 - new_chunks_are_fully_committed: 0.
 - uncommit_free_chunks: 1.
 - use_allocation_guard: 0.
 - handle_deallocations: 1.


Internal statistics:

num_allocs_failed_limit: 0.
num_arena_births: 44.
num_arena_deaths: 0.
num_vsnodes_births: 3.
num_vsnodes_deaths: 0.
num_space_committed: 117.
num_space_uncommitted: 0.
num_chunks_returned_to_freelist: 0.
num_chunks_taken_from_freelist: 250.
num_chunk_merges: 0.
num_chunk_splits: 199.
num_chunks_enlarged: 175.
num_purges: 0.

CodeHeap 'non-profiled nmethods': size=120000Kb used=446Kb max_used=446Kb free=119553Kb
 bounds [0x00000218d6820000, 0x00000218d6a90000, 0x00000218ddd50000]
CodeHeap 'profiled nmethods': size=120000Kb used=1645Kb max_used=1645Kb free=118354Kb
 bounds [0x00000218cf2f0000, 0x00000218cf560000, 0x00000218d6820000]
CodeHeap 'non-nmethods': size=5760Kb used=1720Kb max_used=1745Kb free=4039Kb
 bounds [0x00000218ced50000, 0x00000218cefc0000, 0x00000218cf2f0000]
 total_blobs=2116 nmethods=1043 adapters=986
 compilation: enabled
              stopped_count=0, restarted_count=0
 full_count=0

Compilation events (20 events):
Event: 3.721 Thread 0x00000218f3fa38f0 nmethod 1031 0x00000218d688e090 code [0x00000218d688e200, 0x00000218d688e298]
Event: 3.722 Thread 0x00000218eac20b60 nmethod 1033 0x00000218d688e390 code [0x00000218d688e520, 0x00000218d688ead8]
Event: 3.727 Thread 0x00000218eac20b60 1036       4       jdk.internal.misc.VM::isDirectMemoryPageAligned (4 bytes)
Event: 3.727 Thread 0x00000218ea0ac210 1035   !   3       java.nio.DirectByteBuffer::<init> (148 bytes)
Event: 3.728 Thread 0x00000218eac20b60 nmethod 1036 0x00000218d688ec10 code [0x00000218d688ed80, 0x00000218d688edf8]
Event: 3.729 Thread 0x00000218ea0ac210 nmethod 1035 0x00000218cf488790 code [0x00000218cf488a40, 0x00000218cf489828]
Event: 3.729 Thread 0x00000218ea0ac210 1037       2       java.nio.Bits::pageSize (20 bytes)
Event: 3.729 Thread 0x00000218ea0ac210 nmethod 1037 0x00000218cf489d90 code [0x00000218cf489f20, 0x00000218cf48a038]
Event: 3.729 Thread 0x00000218ea0ac210 1038       2       jdk.internal.ref.Cleaner::create (19 bytes)
Event: 3.729 Thread 0x00000218ea0ac210 nmethod 1038 0x00000218cf48a110 code [0x00000218cf48a2e0, 0x00000218cf48a878]
Event: 3.729 Thread 0x00000218ea0ac210 1039       2       jdk.internal.ref.Cleaner::<init> (24 bytes)
Event: 3.729 Thread 0x00000218ea0ac210 nmethod 1039 0x00000218cf48aa10 code [0x00000218cf48abc0, 0x00000218cf48ae78]
Event: 3.729 Thread 0x00000218ea0ac210 1040  s    2       jdk.internal.ref.Cleaner::add (26 bytes)
Event: 3.729 Thread 0x00000218ea0ac210 nmethod 1040 0x00000218cf48af10 code [0x00000218cf48b0c0, 0x00000218cf48b3b8]
Event: 3.913 Thread 0x00000218f3fa38f0 1042       4       java.nio.DirectByteBuffer$Deallocator::<init> (41 bytes)
Event: 3.913 Thread 0x00000218eac20b60 1041       4       jdk.internal.misc.Unsafe::setMemory (10 bytes)
Event: 3.914 Thread 0x00000218f3fa38f0 nmethod 1042 0x00000218d688ef10 code [0x00000218d688f080, 0x00000218d688f0f8]
Event: 3.915 Thread 0x00000218eac20b60 nmethod 1041 0x00000218d688f210 code [0x00000218d688f3a0, 0x00000218d688f4c8]
Event: 3.928 Thread 0x00000218eac20b60 1043       4       org.joml.Matrix4f::_m00 (7 bytes)
Event: 3.928 Thread 0x00000218eac20b60 nmethod 1043 0x00000218d688f610 code [0x00000218d688f780, 0x00000218d688f7f8]

GC Heap History (2 events):
Event: 3.711 GC heap before
{Heap before GC invocations=0 (full 0):
 garbage-first heap   total 258048K, used 22528K [0x0000000704400000, 0x0000000800000000)
  region size 2048K, 11 young (22528K), 0 survivors (0K)
 Metaspace       used 7468K, committed 7616K, reserved 1064960K
  class space    used 334K, committed 384K, reserved 1048576K
}
Event: 3.716 GC heap after
{Heap after GC invocations=1 (full 0):
 garbage-first heap   total 258048K, used 3481K [0x0000000704400000, 0x0000000800000000)
  region size 2048K, 2 young (4096K), 2 survivors (4096K)
 Metaspace       used 7468K, committed 7616K, reserved 1064960K
  class space    used 334K, committed 384K, reserved 1048576K
}

Deoptimization events (20 events):
Event: 0.429 Thread 0x00000218ead959c0 DEOPT PACKING pc=0x00000218d684d924 sp=0x0000004663efa4c0
Event: 0.429 Thread 0x00000218ead959c0 DEOPT UNPACKING pc=0x00000218ced9f92e sp=0x0000004663efa390 mode 2
Event: 1.684 Thread 0x00000218ead959c0 Uncommon trap: trap_request=0xffffff45 fr.pc=0x00000218d6844440 relative=0x0000000000000600
Event: 1.684 Thread 0x00000218ead959c0 Uncommon trap: reason=unstable_if action=reinterpret pc=0x00000218d6844440 method=java.lang.AbstractStringBuilder.putStringAt(ILjava/lang/String;II)V @ 8 c2
Event: 1.684 Thread 0x00000218ead959c0 DEOPT PACKING pc=0x00000218d6844440 sp=0x0000004663efe840
Event: 1.684 Thread 0x00000218ead959c0 DEOPT UNPACKING pc=0x00000218ced9f92e sp=0x0000004663efe708 mode 2
Event: 1.684 Thread 0x00000218ead959c0 Uncommon trap: trap_request=0xffffff45 fr.pc=0x00000218d6845328 relative=0x00000000000005e8
Event: 1.684 Thread 0x00000218ead959c0 Uncommon trap: reason=unstable_if action=reinterpret pc=0x00000218d6845328 method=java.lang.AbstractStringBuilder.putStringAt(ILjava/lang/String;II)V @ 8 c2
Event: 1.684 Thread 0x00000218ead959c0 DEOPT PACKING pc=0x00000218d6845328 sp=0x0000004663efe7f0
Event: 1.684 Thread 0x00000218ead959c0 DEOPT UNPACKING pc=0x00000218ced9f92e sp=0x0000004663efe710 mode 2
Event: 1.684 Thread 0x00000218ead959c0 Uncommon trap: trap_request=0xffffff45 fr.pc=0x00000218d682dc80 relative=0x0000000000000060
Event: 1.684 Thread 0x00000218ead959c0 Uncommon trap: reason=unstable_if action=reinterpret pc=0x00000218d682dc80 method=java.lang.AbstractStringBuilder.isLatin1()Z @ 10 c2
Event: 1.684 Thread 0x00000218ead959c0 DEOPT PACKING pc=0x00000218d682dc80 sp=0x0000004663efe6a0
Event: 1.684 Thread 0x00000218ead959c0 DEOPT UNPACKING pc=0x00000218ced9f92e sp=0x0000004663efe640 mode 2
Event: 2.929 Thread 0x00000218ead959c0 DEOPT PACKING pc=0x00000218cf472ebc sp=0x0000004663efec00
Event: 2.929 Thread 0x00000218ead959c0 DEOPT UNPACKING pc=0x00000218ced9e77e sp=0x0000004663efe128 mode 0
Event: 3.716 Thread 0x00000218ead959c0 Uncommon trap: trap_request=0xffffff45 fr.pc=0x00000218d687acf0 relative=0x0000000000000dd0
Event: 3.716 Thread 0x00000218ead959c0 Uncommon trap: reason=unstable_if action=reinterpret pc=0x00000218d687acf0 method=java.nio.Bits.tryReserveMemory(JJ)Z @ 30 c2
Event: 3.716 Thread 0x00000218ead959c0 DEOPT PACKING pc=0x00000218d687acf0 sp=0x0000004663efeab0
Event: 3.716 Thread 0x00000218ead959c0 DEOPT UNPACKING pc=0x00000218ced9f92e sp=0x0000004663efe958 mode 2

Classes unloaded (0 events):
No events

Classes redefined (0 events):
No events

Internal exceptions (17 events):
Event: 0.113 Thread 0x00000218ead959c0 Exception <a 'java/lang/NoSuchMethodError'{0x0000000713dda6c0}: 'java.lang.Object java.lang.invoke.DirectMethodHandle$Holder.invokeStatic(java.lang.Object)'> (0x0000000713dda6c0) 
thrown [t:\workspace\open\src\hotspot\share\interpreter\linkResolver.cpp, line 790]
Event: 0.113 Thread 0x00000218ead959c0 Exception <a 'java/lang/NoSuchMethodError'{0x0000000713dddef0}: 'java.lang.Object java.lang.invoke.DirectMethodHandle$Holder.invokeStaticInit(java.lang.Object)'> (0x0000000713dddef0) 
thrown [t:\workspace\open\src\hotspot\share\interpreter\linkResolver.cpp, line 790]
Event: 0.121 Thread 0x00000218ead959c0 Exception <a 'java/lang/NoSuchMethodError'{0x0000000713a2fdb8}: 'void java.lang.invoke.DirectMethodHandle$Holder.invokeStatic(java.lang.Object, java.lang.Object)'> (0x0000000713a2fdb8) 
thrown [t:\workspace\open\src\hotspot\share\interpreter\linkResolver.cpp, line 790]
Event: 0.122 Thread 0x00000218ead959c0 Exception <a 'java/lang/NoSuchMethodError'{0x0000000713a35720}: 'void java.lang.invoke.DirectMethodHandle$Holder.invokeSpecial(java.lang.Object, java.lang.Object, java.lang.Object)'> (0x0000000713a35720) 
thrown [t:\workspace\open\src\hotspot\share\interpreter\linkResolver.cpp, line 790]
Event: 0.123 Thread 0x00000218ead959c0 Exception <a 'java/lang/NoSuchMethodError'{0x0000000713a4a340}: 'java.lang.Object java.lang.invoke.DirectMethodHandle$Holder.invokeStatic(java.lang.Object, java.lang.Object, int)'> (0x0000000713a4a340) 
thrown [t:\workspace\open\src\hotspot\share\interpreter\linkResolver.cpp, line 790]
Event: 0.124 Thread 0x00000218ead959c0 Exception <a 'java/lang/NoSuchMethodError'{0x0000000713a564e8}: 'void java.lang.invoke.DelegatingMethodHandle$Holder.delegate(java.lang.Object, java.lang.Object, int, java.lang.Object)'> (0x0000000713a564e8) 
thrown [t:\workspace\open\src\hotspot\share\interpreter\linkResolver.cpp, line 790]
Event: 0.125 Thread 0x00000218ead959c0 Exception <a 'java/lang/NoSuchMethodError'{0x0000000713a5a840}: 'int java.lang.invoke.DirectMethodHandle$Holder.invokeSpecial(java.lang.Object, java.lang.Object, java.lang.Object)'> (0x0000000713a5a840) 
thrown [t:\workspace\open\src\hotspot\share\interpreter\linkResolver.cpp, line 790]
Event: 0.148 Thread 0x00000218ead959c0 Exception <a 'sun/nio/fs/WindowsException'{0x0000000713ada5c8}> (0x0000000713ada5c8) 
thrown [t:\workspace\open\src\hotspot\share\prims\jni.cpp, line 579]
Event: 0.149 Thread 0x00000218ead959c0 Exception <a 'sun/nio/fs/WindowsException'{0x0000000713adab20}> (0x0000000713adab20) 
thrown [t:\workspace\open\src\hotspot\share\prims\jni.cpp, line 579]
Event: 0.181 Thread 0x00000218ead959c0 Exception <a 'sun/nio/fs/WindowsException'{0x0000000713885e80}> (0x0000000713885e80) 
thrown [t:\workspace\open\src\hotspot\share\prims\jni.cpp, line 579]
Event: 0.182 Thread 0x00000218ead959c0 Exception <a 'sun/nio/fs/WindowsException'{0x00000007138861f0}> (0x00000007138861f0) 
thrown [t:\workspace\open\src\hotspot\share\prims\jni.cpp, line 579]
Event: 0.303 Thread 0x00000218ead959c0 Exception <a 'sun/nio/fs/WindowsException'{0x00000007139269b0}> (0x00000007139269b0) 
thrown [t:\workspace\open\src\hotspot\share\prims\jni.cpp, line 579]
Event: 0.303 Thread 0x00000218ead959c0 Exception <a 'sun/nio/fs/WindowsException'{0x0000000713926d60}> (0x0000000713926d60) 
thrown [t:\workspace\open\src\hotspot\share\prims\jni.cpp, line 579]
Event: 0.306 Thread 0x00000218ead959c0 Exception <a 'sun/nio/fs/WindowsException'{0x0000000713936b28}> (0x0000000713936b28) 
thrown [t:\workspace\open\src\hotspot\share\prims\jni.cpp, line 579]
Event: 0.306 Thread 0x00000218ead959c0 Exception <a 'sun/nio/fs/WindowsException'{0x0000000713936e10}> (0x0000000713936e10) 
thrown [t:\workspace\open\src\hotspot\share\prims\jni.cpp, line 579]
Event: 0.470 Thread 0x00000218ead959c0 Exception <a 'sun/nio/fs/WindowsException'{0x0000000712e27968}> (0x0000000712e27968) 
thrown [t:\workspace\open\src\hotspot\share\prims\jni.cpp, line 579]
Event: 0.470 Thread 0x00000218ead959c0 Exception <a 'sun/nio/fs/WindowsException'{0x0000000712e27cf0}> (0x0000000712e27cf0) 
thrown [t:\workspace\open\src\hotspot\share\prims\jni.cpp, line 579]

Events (20 events):
Event: 1.683 loading class java/util/Scanner$PatternLRUCache
Event: 1.684 loading class java/util/Scanner$PatternLRUCache done
Event: 1.684 loading class java/nio/channels/spi/AbstractInterruptibleChannel$1
Event: 1.684 loading class sun/nio/ch/Interruptible
Event: 1.684 loading class sun/nio/ch/Interruptible done
Event: 1.684 loading class java/nio/channels/spi/AbstractInterruptibleChannel$1 done
Event: 1.684 loading class java/util/regex/Matcher$ImmutableMatchResult
Event: 1.684 loading class java/util/regex/Matcher$ImmutableMatchResult done
Event: 1.685 loading class java/util/regex/Pattern$1
Event: 1.685 loading class java/util/regex/Pattern$1 done
Event: 1.687 loading class java/util/ComparableTimSort
Event: 1.687 loading class java/util/ComparableTimSort done
Event: 2.316 Executing  VM operation: Cleanup
Event: 2.316 Executing  VM operation: Cleanup done
Event: 3.331 Executing  VM operation: Cleanup
Event: 3.331 Executing  VM operation: Cleanup done
Event: 3.345 Thread 0x00000218f3fa38f0 Thread added: 0x00000218f3fa38f0
Event: 3.711 Executing  VM operation: G1CollectForAllocation
Event: 3.716 Executing  VM operation: G1CollectForAllocation done
Event: 3.986 Thread 0x00000218ead843c0 Thread exited: 0x00000218ead843c0


Dynamic libraries:
0x00007ff62dce0000 - 0x00007ff62dcf0000 	C:\Program Files\Java\jdk-16.0.1\bin\java.exe
0x00007ff876d10000 - 0x00007ff876f05000 	C:\Windows\SYSTEM32\ntdll.dll
0x00007ff876090000 - 0x00007ff87614d000 	C:\Windows\System32\KERNEL32.DLL
0x00007ff8749d0000 - 0x00007ff874c98000 	C:\Windows\System32\KERNELBASE.dll
0x00007ff874530000 - 0x00007ff874630000 	C:\Windows\System32\ucrtbase.dll
0x00007ff85df50000 - 0x00007ff85df69000 	C:\Program Files\Java\jdk-16.0.1\bin\VCRUNTIME140.dll
0x00007ff85e110000 - 0x00007ff85e128000 	C:\Program Files\Java\jdk-16.0.1\bin\jli.dll
0x00007ff875db0000 - 0x00007ff875e5c000 	C:\Windows\System32\ADVAPI32.dll
0x00007ff876520000 - 0x00007ff8765be000 	C:\Windows\System32\msvcrt.dll
0x00007ff8763d0000 - 0x00007ff87646b000 	C:\Windows\System32\sechost.dll
0x00007ff8751d0000 - 0x00007ff8752fb000 	C:\Windows\System32\RPCRT4.dll
0x00007ff874de0000 - 0x00007ff874f80000 	C:\Windows\System32\USER32.dll
0x00007ff874730000 - 0x00007ff874752000 	C:\Windows\System32\win32u.dll
0x00007ff876260000 - 0x00007ff87628a000 	C:\Windows\System32\GDI32.dll
0x00007ff874760000 - 0x00007ff87486b000 	C:\Windows\System32\gdi32full.dll
0x00007ff874690000 - 0x00007ff87472d000 	C:\Windows\System32\msvcp_win.dll
0x00007ff866a90000 - 0x00007ff866d2a000 	C:\Windows\WinSxS\amd64_microsoft.windows.common-controls_6595b64144ccf1df_6.0.19041.844_none_ca00b6081b84eb1d\COMCTL32.dll
0x00007ff86b2f0000 - 0x00007ff86b2fa000 	C:\Windows\SYSTEM32\VERSION.dll
0x00007ff876150000 - 0x00007ff876180000 	C:\Windows\System32\IMM32.DLL
0x00007ff868600000 - 0x00007ff86860c000 	C:\Program Files\Java\jdk-16.0.1\bin\vcruntime140_1.dll
0x00007ff85ba30000 - 0x00007ff85bac1000 	C:\Program Files\Java\jdk-16.0.1\bin\msvcp140.dll
0x00007fffde1e0000 - 0x00007fffded8b000 	C:\Program Files\Java\jdk-16.0.1\bin\server\jvm.dll
0x00007ff874d70000 - 0x00007ff874d78000 	C:\Windows\System32\PSAPI.DLL
0x00007ff872aa0000 - 0x00007ff872ac7000 	C:\Windows\SYSTEM32\WINMM.dll
0x00007ff851f30000 - 0x00007ff851f39000 	C:\Windows\SYSTEM32\WSOCK32.dll
0x00007ff876020000 - 0x00007ff87608b000 	C:\Windows\System32\WS2_32.dll
0x00007ff872d20000 - 0x00007ff872d32000 	C:\Windows\SYSTEM32\kernel.appcore.dll
0x00007ff8666f0000 - 0x00007ff8666fa000 	C:\Program Files\Java\jdk-16.0.1\bin\jimage.dll
0x00007ff8720f0000 - 0x00007ff8722d4000 	C:\Windows\SYSTEM32\DBGHELP.DLL
0x00007ff872a70000 - 0x00007ff872a9c000 	C:\Windows\SYSTEM32\dbgcore.DLL
0x00007ff874ca0000 - 0x00007ff874d20000 	C:\Windows\System32\bcryptPrimitives.dll
0x00007ff85d360000 - 0x00007ff85d39b000 	C:\Program Files\Java\jdk-16.0.1\bin\jdwp.dll
0x00007ff85db50000 - 0x00007ff85db75000 	C:\Program Files\Java\jdk-16.0.1\bin\java.dll
0x00007ff875660000 - 0x00007ff875da2000 	C:\Windows\System32\SHELL32.dll
0x00007ff8722e0000 - 0x00007ff872a70000 	C:\Windows\SYSTEM32\windows.storage.dll
0x00007ff875300000 - 0x00007ff875655000 	C:\Windows\System32\combase.dll
0x00007ff873ec0000 - 0x00007ff873eec000 	C:\Windows\SYSTEM32\Wldp.dll
0x00007ff875f70000 - 0x00007ff87601e000 	C:\Windows\System32\SHCORE.dll
0x00007ff8765c0000 - 0x00007ff876615000 	C:\Windows\System32\shlwapi.dll
0x00007ff874390000 - 0x00007ff8743af000 	C:\Windows\SYSTEM32\profapi.dll
0x00007ff85ed40000 - 0x00007ff85ed4c000 	C:\Program Files\Java\jdk-16.0.1\bin\dt_socket.dll
0x00007ff8738d0000 - 0x00007ff87390b000 	C:\Windows\SYSTEM32\IPHLPAPI.DLL
0x00007ff873c30000 - 0x00007ff873c9a000 	C:\Windows\system32\mswsock.dll
0x00007ff873920000 - 0x00007ff8739ec000 	C:\Windows\SYSTEM32\DNSAPI.dll
0x00007ff876290000 - 0x00007ff876298000 	C:\Windows\System32\NSI.dll
0x00007ff868010000 - 0x00007ff86801a000 	C:\Windows\System32\rasadhlp.dll
0x00007ff8680b0000 - 0x00007ff86812f000 	C:\Windows\System32\fwpuclnt.dll
0x00007ff874500000 - 0x00007ff874527000 	C:\Windows\System32\bcrypt.dll
0x00007ff85df30000 - 0x00007ff85df49000 	C:\Program Files\Java\jdk-16.0.1\bin\net.dll
0x00007ff86e9f0000 - 0x00007ff86eafb000 	C:\Windows\SYSTEM32\WINHTTP.dll
0x00007ff85de00000 - 0x00007ff85de13000 	C:\Program Files\Java\jdk-16.0.1\bin\nio.dll
0x00007ff85d650000 - 0x00007ff85d668000 	C:\Program Files\Java\jdk-16.0.1\bin\zip.dll
0x00007ff85bf80000 - 0x00007ff85bfe4000 	C:\Users\ShiCh\AppData\Local\Temp\lwjglShiCh\3.2.3-build-13\lwjgl.dll
0x00007ff85b4c0000 - 0x00007ff85b522000 	C:\Users\ShiCh\AppData\Local\Temp\lwjglShiCh\3.2.3-build-13\glfw.dll
0x00007ff8716c0000 - 0x00007ff87175e000 	C:\Windows\system32\uxtheme.dll
0x00007ff85b470000 - 0x00007ff85b4b5000 	C:\Windows\SYSTEM32\dinput8.dll
0x00007ff85de20000 - 0x00007ff85de31000 	C:\Windows\SYSTEM32\xinput1_4.dll
0x00007ff874d20000 - 0x00007ff874d6e000 	C:\Windows\System32\cfgmgr32.dll
0x00007ff874200000 - 0x00007ff87422c000 	C:\Windows\SYSTEM32\DEVOBJ.dll
0x00007ff8718a0000 - 0x00007ff8718cf000 	C:\Windows\SYSTEM32\dwmapi.dll
0x00007ff867d40000 - 0x00007ff867e92000 	C:\Windows\SYSTEM32\inputhost.dll
0x00007ff874f80000 - 0x00007ff87504d000 	C:\Windows\System32\OLEAUT32.dll
0x00007ff8712b0000 - 0x00007ff8713a2000 	C:\Windows\SYSTEM32\CoreMessaging.dll
0x00007ff871d50000 - 0x00007ff871e47000 	C:\Windows\SYSTEM32\PROPSYS.dll
0x00007ff86fab0000 - 0x00007ff86fc04000 	C:\Windows\SYSTEM32\wintypes.dll
0x00007ff870bd0000 - 0x00007ff870f2e000 	C:\Windows\SYSTEM32\CoreUIComponents.dll
0x00007ff873220000 - 0x00007ff873253000 	C:\Windows\SYSTEM32\ntmarta.dll
0x00007ff8750b0000 - 0x00007ff8751c5000 	C:\Windows\System32\MSCTF.dll
0x00007ff872d00000 - 0x00007ff872d0d000 	C:\Windows\SYSTEM32\HID.DLL
0x00007ff876860000 - 0x00007ff876cc9000 	C:\Windows\System32\SETUPAPI.DLL
0x00007ff874630000 - 0x00007ff874690000 	C:\Windows\System32\WINTRUST.dll
0x00007ff874870000 - 0x00007ff8749cf000 	C:\Windows\System32\CRYPT32.dll
0x00007ff874040000 - 0x00007ff874052000 	C:\Windows\SYSTEM32\MSASN1.dll
0x00007ff839560000 - 0x00007ff839686000 	C:\Windows\SYSTEM32\opengl32.dll
0x00007ff8394f0000 - 0x00007ff83951c000 	C:\Windows\SYSTEM32\GLU32.dll
0x00007ff876470000 - 0x00007ff876519000 	C:\Windows\System32\clbcatq.dll
0x00007fffdd1f0000 - 0x00007fffde1d8000 	C:\Windows\System32\DriverStore\FileRepository\iigd_dch.inf_amd64_e4f65e51f290b3d3\ig12icd64.dll
0x00007ff8762a0000 - 0x00007ff8763ca000 	C:\Windows\System32\ole32.dll
0x00007ff872d90000 - 0x00007ff872e84000 	C:\Windows\system32\dxgi.dll
0x00007ff84d0e0000 - 0x00007ff84d4cc000 	C:\Windows\System32\DriverStore\FileRepository\iigd_dch.inf_amd64_e4f65e51f290b3d3\igdml64.dll
0x00007ff867a70000 - 0x00007ff867d38000 	C:\Windows\System32\DriverStore\FileRepository\iigd_dch.inf_amd64_e4f65e51f290b3d3\igdgmm64.dll
0x00007ff860ed0000 - 0x00007ff863a97000 	C:\Windows\System32\DriverStore\FileRepository\iigd_dch.inf_amd64_e4f65e51f290b3d3\igc64.dll
0x00007ff8739f0000 - 0x00007ff873a3b000 	C:\Windows\SYSTEM32\powrprof.dll
0x00007ff8738b0000 - 0x00007ff8738c2000 	C:\Windows\SYSTEM32\UMPDC.dll
0x00007ff867ea0000 - 0x00007ff867f99000 	C:\Windows\SYSTEM32\textinputframework.dll
0x00007ff840810000 - 0x00007ff840876000 	C:\Windows\system32\Oleacc.dll
0x00007ff85a850000 - 0x00007ff85a8a9000 	C:\Users\ShiCh\AppData\Local\Temp\lwjglShiCh\3.2.3-build-13\lwjgl_opengl.dll
0x00007ff866630000 - 0x00007ff866640000 	C:\Program Files\Java\jdk-16.0.1\bin\verify.dll
0x00007ff85a7d0000 - 0x00007ff85a847000 	C:\Users\ShiCh\AppData\Local\Temp\lwjglShiCh\3.2.3-build-13\lwjgl_stb.dll

dbghelp: loaded successfully - version: 4.0.5 - missing functions: none
symbol engine: initialized successfully - sym options: 0x614 - pdb path: .;C:\Program Files\Java\jdk-16.0.1\bin;C:\Windows\SYSTEM32;C:\Windows\WinSxS\amd64_microsoft.windows.common-controls_6595b64144ccf1df_6.0.19041.844_none_ca00b6081b84eb1d;C:\Program Files\Java\jdk-16.0.1\bin\server;C:\Users\ShiCh\AppData\Local\Temp\lwjglShiCh\3.2.3-build-13;C:\Windows\System32\DriverStore\FileRepository\iigd_dch.inf_amd64_e4f65e51f290b3d3

VM Arguments:
jvm_args: -agentlib:jdwp=transport=dt_socket,server=n,suspend=y,address=localhost:62630 --enable-preview -XX:+ShowCodeDetailsInExceptionMessages -Dfile.encoding=UTF-8 
java_command: com.shich.game.Main
java_class_path (initial): C:\Users\ShiCh\AppData\Roaming\Code\User\workspaceStorage\463103dc5585f29b1686ba2e5e4a286b\redhat.java\jdt_ws\Parallax_12ef2faf\bin;C:\Users\ShiCh\OneDrive\Documents\Code\Java\Parallax\lib\jars\slick-util.jar;C:\Users\ShiCh\OneDrive\Documents\Code\Java\Parallax\lib\jars\lwjgl-par-natives-windows.jar;C:\Users\ShiCh\OneDrive\Documents\Code\Java\Parallax\lib\jars\lwjgl-vulkan-javadoc.jar;C:\Users\ShiCh\OneDrive\Documents\Code\Java\Parallax\lib\jars\lwjgl-javadoc.jar;C:\Users\ShiCh\OneDrive\Documents\Code\Java\Parallax\lib\jars\lwjgl-stb-javadoc.jar;C:\Users\ShiCh\OneDrive\Documents\Code\Java\Parallax\lib\jars\lwjgl-natives-windows.jar;C:\Users\ShiCh\OneDrive\Documents\Code\Java\Parallax\lib\jars\lwjgl-nanovg.jar;C:\Users\ShiCh\OneDrive\Documents\Code\Java\Parallax\lib\jars\lwjgl-vulkan.jar;C:\Users\ShiCh\OneDrive\Documents\Code\Java\Parallax\lib\jars\lwjgl-glfw.jar;C:\Users\ShiCh\OneDrive\Documents\Code\Java\Parallax\lib\jars\lwjgl-nuklear-javadoc.jar;C:\Users\ShiCh\OneDrive\Documents\Code\Java\Parallax\lib\jars\lwjgl-bgfx-natives-windows.jar;C:\Users\ShiCh\OneDrive\Documents\Code\Java\Parallax\lib\jars\joml-1.10.1-javadoc.jar;C:\Users\ShiCh\OneDrive\Documents\Code\Java\Parallax\lib\jars\lwjgl-assimp-javadoc.jar;C:\Users\ShiCh\OneDrive\Documents\Code\Java\Parallax\lib\jars\lwjgl-glfw-natives-windows.jar;C:\Users\ShiCh\OneDrive\Documents\Code\Java\Parallax\lib\jars\lwjgl-par-javadoc.jar;C:\Users\ShiCh\OneDrive\Documents\Code\Java\Parallax\lib\jars\lwjgl-openal-natives-windows.jar;C:\Users\ShiCh\OneDrive\Documents\Code\Java\Parallax\lib\jars\lwjgl-nanovg-natives-windows.jar;C:\Users\ShiCh\OneDrive\Documents\Code\Java\Parallax\lib\jars\lwjgl-stb-natives-windows.jar;C:\Users\ShiCh\OneDrive\Documents\Code\Java\Parallax\lib\jars\lwjgl-assimp-natives-windows.jar;C:\Users\ShiCh\OneDrive\Documents\Code\Java\Parallax\lib\jars\lwjgl-assimp.jar;C:\Users\ShiCh\OneDrive\Documents\Code\Java\Parallax\lib\jars\lwjgl-nanovg-javadoc.jar;C:\Users\ShiCh\OneDriv
Launcher Type: SUN_STANDARD

[Global flags]
     intx CICompilerCount                          = 4                                         {product} {ergonomic}
     uint ConcGCThreads                            = 2                                         {product} {ergonomic}
     uint G1ConcRefinementThreads                  = 8                                         {product} {ergonomic}
   size_t G1HeapRegionSize                         = 2097152                                   {product} {ergonomic}
    uintx GCDrainStackTargetSize                   = 64                                        {product} {ergonomic}
   size_t InitialHeapSize                          = 264241152                                 {product} {ergonomic}
   size_t MarkStackSize                            = 4194304                                   {product} {ergonomic}
   size_t MaxHeapSize                              = 4223664128                                {product} {ergonomic}
   size_t MaxNewSize                               = 2533359616                                {product} {ergonomic}
   size_t MinHeapDeltaBytes                        = 2097152                                   {product} {ergonomic}
   size_t MinHeapSize                              = 8388608                                   {product} {ergonomic}
    uintx NonNMethodCodeHeapSize                   = 5839372                                {pd product} {ergonomic}
    uintx NonProfiledCodeHeapSize                  = 122909434                              {pd product} {ergonomic}
    uintx ProfiledCodeHeapSize                     = 122909434                              {pd product} {ergonomic}
    uintx ReservedCodeCacheSize                    = 251658240                              {pd product} {ergonomic}
     bool SegmentedCodeCache                       = true                                      {product} {ergonomic}
     bool ShowCodeDetailsInExceptionMessages       = true                                   {manageable} {command line}
   size_t SoftMaxHeapSize                          = 4223664128                             {manageable} {ergonomic}
     bool UseCompressedClassPointers               = true                           {product lp64_product} {ergonomic}
     bool UseCompressedOops                        = true                           {product lp64_product} {ergonomic}
     bool UseG1GC                                  = true                                      {product} {ergonomic}
     bool UseLargePagesIndividualAllocation        = false                                  {pd product} {ergonomic}

Logging:
Log output configuration:
 #0: stdout all=warning uptime,level,tags
 #1: stderr all=off uptime,level,tags

Environment Variables:
JAVA_HOME=C:\Program Files\AdoptOpenJDK\jdk-11.0.9.101-hotspot\bin
PATH=C:\Program Files\Common Files\Oracle\Java\javapath;C:\Program Files\AdoptOpenJDK\jdk-11.0.9.101-hotspot\bin;C:\Program Files\Python39\Scripts\;C:\Program Files\Python39\;C:\Windows\system32;C:\Windows;C:\Windows\System32\Wbem;C:\Windows\System32\WindowsPowerShell\v1.0\;C:\Windows\System32\OpenSSH\;C:\Program Files\MiKTeX\miktex\bin\x64\;C:\Program Files\Microsoft VS Code\bin;C:\Program Files\Git\cmd;C:\Programs Files\HashiCorp\Vagrant\bin;C:\Program Files\apache-maven-3.8.1\bin;C:\Program Files\Java\jdk-16.0.1\bin;C:\Users\ShiCh\AppData\Local\Microsoft\WindowsApps;
USERNAME=ShiCh
LANG=en_US.UTF-8
OS=Windows_NT
PROCESSOR_IDENTIFIER=Intel64 Family 6 Model 140 Stepping 1, GenuineIntel



---------------  S Y S T E M  ---------------

OS:
 Windows 10 , 64 bit Build 19041 (10.0.19041.928)
OS uptime: 0 days 5:08 hours

CPU: total 8 (initial active 8) (4 cores per cpu, 2 threads per core) family 6 model 140 stepping 1 microcode 0x86, cx8, cmov, fxsr, ht, mmx, 3dnowpref, sse, sse2, sse3, ssse3, sse4.1, sse4.2, popcnt, lzcnt, tsc, tscinvbit, avx, avx2, aes, erms, clmul, bmi1, bmi2, adx, avx512f, avx512dq, avx512cd, avx512bw, avx512vl, sha, fma, vzeroupper, avx512_vpopcntdq, avx512_vpclmulqdq, avx512_vaes, avx512_vnni, clflush, clflushopt, clwb, avx512_vmbi2, avx512_vmbi

Memory: 4k page, system-wide physical 16106M (7589M free)
TotalPageFile size 33514M (AvailPageFile size 22174M)
current process WorkingSet (physical memory assigned to process): 295M, peak: 327M
current process commit charge ("private bytes"): 408M, peak: 421M

vm_info: Java HotSpot(TM) 64-Bit Server VM (16.0.1+9-24) for windows-amd64 JRE (16.0.1+9-24), built on Mar 26 2021 19:31:42 by "mach5one" with MS VC++ 16.7 (VS2019)

END.
